14-Mar-24 14:56:05 INFO [cctv_visualization.py] Loading cleaned data files.
14-Mar-24 14:56:06 INFO [cctv_visualization.py] Counting number of cameras...
14-Mar-24 14:56:07 INFO [cctv_visualization.py] Counting completed!
14-Mar-24 14:56:07 INFO [cctv_visualization.py] Merging total comera dataframes...
14-Mar-24 14:56:07 INFO [cctv_visualization.py] Merging completed!
14-Mar-24 14:56:07 INFO [h11_impl.py] 192.168.150.10:53623 - "GET /total_cameras?start_date=2022-06-30&end_date=2023-09-10&page=1&rows_per_page=1000 HTTP/1.1" 200
14-Mar-24 14:57:31 INFO [h11_impl.py] 192.168.150.14:56799 - "GET /docs HTTP/1.1" 200
14-Mar-24 14:57:32 INFO [h11_impl.py] 192.168.150.14:56799 - "GET /openapi.json HTTP/1.1" 200
14-Mar-24 14:57:39 INFO [cctv_visualization.py] Loading cleaned data files.
14-Mar-24 14:57:40 INFO [cctv_visualization.py] Counting number of cameras...
14-Mar-24 14:57:41 INFO [cctv_visualization.py] Counting completed!
14-Mar-24 14:57:41 INFO [cctv_visualization.py] Merging total comera dataframes...
14-Mar-24 14:57:41 INFO [cctv_visualization.py] Merging completed!
14-Mar-24 14:57:41 INFO [h11_impl.py] 192.168.0.100:43686 - "GET /total_cameras?start_date=2022-06-30&end_date=2023-09-10&page=1&rows_per_page=1000 HTTP/1.1" 200
14-Mar-24 14:58:01 INFO [cctv_visualization.py] Loading cleaned data files.
14-Mar-24 14:58:02 INFO [cctv_visualization.py] Counting number of cameras...
14-Mar-24 14:58:03 INFO [cctv_visualization.py] Counting completed!
14-Mar-24 14:58:03 INFO [cctv_visualization.py] Counting number of faulty cameras...
14-Mar-24 14:58:04 INFO [cctv_visualization.py] Preparation of number of faulty cameras dataframe completed!
14-Mar-24 14:58:04 INFO [cctv_visualization.py] Merging total comera dataframes...
14-Mar-24 14:58:04 INFO [cctv_visualization.py] Merging completed!
14-Mar-24 14:58:04 INFO [cctv_visualization.py] Calculating faulty cam percentage
14-Mar-24 14:58:04 INFO [cctv_visualization.py] Calculation of faulty camera percentage completed!
14-Mar-24 14:58:04 INFO [cctv_visualization.py] Merging dataframes
14-Mar-24 14:58:04 INFO [cctv_visualization.py] Merging of faulty camera percentage dataframe completed!
14-Mar-24 14:58:04 INFO [h11_impl.py] 192.168.150.10:53634 - "GET /total_cameras_Vs_faulty_cameras?start_date=2022-06-30&end_date=2023-09-10&page=1&rows_per_page=1000 HTTP/1.1" 200
14-Mar-24 14:58:30 INFO [cctv_visualization.py] Loading cleaned data files.
14-Mar-24 14:58:31 INFO [cctv_visualization.py] Counting number of cameras...
14-Mar-24 14:58:32 INFO [cctv_visualization.py] Counting completed!
14-Mar-24 14:58:32 INFO [cctv_visualization.py] Counting number of faulty cameras...
14-Mar-24 14:58:33 INFO [cctv_visualization.py] Preparation of number of faulty cameras dataframe completed!
14-Mar-24 14:58:33 INFO [cctv_visualization.py] Merging total comera dataframes...
14-Mar-24 14:58:33 INFO [cctv_visualization.py] Merging completed!
14-Mar-24 14:58:33 INFO [cctv_visualization.py] Calculating faulty cam percentage
14-Mar-24 14:58:34 INFO [cctv_visualization.py] Calculation of faulty camera percentage completed!
14-Mar-24 14:58:34 INFO [cctv_visualization.py] Merging dataframes
14-Mar-24 14:58:34 INFO [cctv_visualization.py] Merging of faulty camera percentage dataframe completed!
14-Mar-24 14:58:34 INFO [h11_impl.py] 192.168.150.10:53637 - "GET /total_cameras_Vs_faulty_cameras?start_date=2022-06-30&end_date=2023-09-10&page=6&rows_per_page=1000 HTTP/1.1" 200
14-Mar-24 14:58:54 INFO [server.py] Shutting down
14-Mar-24 14:58:55 INFO [on.py] Waiting for application shutdown.
14-Mar-24 14:58:55 INFO [on.py] Application shutdown complete.
14-Mar-24 14:58:55 INFO [server.py] Finished server process [199029]
14-Mar-24 14:59:54 INFO [cctv_visualization.py] Loading cleaned data files.
14-Mar-24 14:59:55 INFO [cctv_visualization.py] Counting number of cameras...
14-Mar-24 14:59:56 INFO [cctv_visualization.py] Counting completed!
14-Mar-24 14:59:56 INFO [cctv_visualization.py] Counting number of faulty cameras...
14-Mar-24 14:59:57 INFO [cctv_visualization.py] Preparation of number of faulty cameras dataframe completed!
14-Mar-24 14:59:57 INFO [cctv_visualization.py] Merging total comera dataframes...
14-Mar-24 14:59:57 INFO [cctv_visualization.py] Merging completed!
14-Mar-24 14:59:57 INFO [cctv_visualization.py] Calculating faulty cam percentage
14-Mar-24 14:59:57 INFO [cctv_visualization.py] Calculation of faulty camera percentage completed!
14-Mar-24 14:59:57 INFO [cctv_visualization.py] Merging dataframes
14-Mar-24 14:59:57 INFO [cctv_visualization.py] Merging of faulty camera percentage dataframe completed!
14-Mar-24 14:59:57 INFO [h11_impl.py] 192.168.0.100:49434 - "GET /total_cameras_Vs_faulty_cameras?start_date=2022-06-30&end_date=2023-09-10&page=6&rows_per_page=1000 HTTP/1.1" 200
14-Mar-24 15:00:02 INFO [server.py] Shutting down
14-Mar-24 15:00:02 INFO [on.py] Waiting for application shutdown.
14-Mar-24 15:00:02 INFO [on.py] Application shutdown complete.
14-Mar-24 15:00:02 INFO [server.py] Finished server process [205663]
14-Mar-24 15:01:03 INFO [cctv_visualization.py] Loading cleaned data files.
14-Mar-24 15:01:04 INFO [server.py] Shutting down
14-Mar-24 15:01:04 INFO [server.py] Waiting for connections to close. (CTRL+C to force quit)
14-Mar-24 15:01:04 INFO [cctv_visualization.py] Counting number of cameras...
14-Mar-24 15:01:05 INFO [cctv_visualization.py] Counting completed!
14-Mar-24 15:01:05 INFO [cctv_visualization.py] Merging total comera dataframes...
14-Mar-24 15:01:05 INFO [cctv_visualization.py] Merging completed!
14-Mar-24 15:01:05 INFO [h11_impl.py] 192.168.0.100:47660 - "GET /total_cameras?start_date=2022-06-30&end_date=2023-09-10&page=1&rows_per_page=1000 HTTP/1.1" 200
14-Mar-24 15:01:05 INFO [on.py] Waiting for application shutdown.
14-Mar-24 15:01:05 INFO [on.py] Application shutdown complete.
14-Mar-24 15:01:05 INFO [server.py] Finished server process [205991]
14-Mar-24 15:02:33 INFO [cctv_visualization.py] Loading cleaned data files.
14-Mar-24 15:02:33 INFO [h11_impl.py] 192.168.150.14:56868 - "GET /docs HTTP/1.1" 200
14-Mar-24 15:02:34 INFO [h11_impl.py] 192.168.150.14:56868 - "GET /openapi.json HTTP/1.1" 200
14-Mar-24 15:02:35 INFO [cctv_visualization.py] Counting number of cameras...
14-Mar-24 15:02:36 INFO [cctv_visualization.py] Counting completed!
14-Mar-24 15:02:36 INFO [cctv_visualization.py] Counting number of faulty cameras...
14-Mar-24 15:02:37 INFO [cctv_visualization.py] Preparation of number of faulty cameras dataframe completed!
14-Mar-24 15:02:37 INFO [cctv_visualization.py] Merging total comera dataframes...
14-Mar-24 15:02:37 INFO [cctv_visualization.py] Merging completed!
14-Mar-24 15:02:37 INFO [cctv_visualization.py] Calculating faulty cam percentage
14-Mar-24 15:02:38 INFO [cctv_visualization.py] Calculation of faulty camera percentage completed!
14-Mar-24 15:02:38 INFO [cctv_visualization.py] Merging dataframes
14-Mar-24 15:02:38 INFO [cctv_visualization.py] Merging of faulty camera percentage dataframe completed!
14-Mar-24 15:02:38 INFO [h11_impl.py] 192.168.0.100:47666 - "GET /total_cameras_Vs_faulty_cameras?start_date=2022-06-30&end_date=2023-09-10&page=6&rows_per_page=1000 HTTP/1.1" 200
14-Mar-24 15:05:19 INFO [cctv_visualization.py] Loading cleaned data files.
14-Mar-24 15:05:20 INFO [cctv_visualization.py] Counting number of faulty cameras...
14-Mar-24 15:05:22 INFO [cctv_visualization.py] Preparation of number of faulty cameras dataframe completed!
14-Mar-24 15:05:22 INFO [cctv_visualization.py] {'total_rows_data1': 2953}
14-Mar-24 15:05:22 INFO [cctv_visualization.py] {'total_rows_data2': 2919}
14-Mar-24 15:05:22 INFO [cctv_visualization.py] {'total_rows_data3': 1922}
14-Mar-24 15:05:22 INFO [h11_impl.py] 192.168.150.10:53733 - "GET /faulty_cameras_per_day?start_date=2022-06-30&end_date=2023-09-10&page=1&rows_per_page=1000 HTTP/1.1" 200
14-Mar-24 15:05:44 INFO [cctv_visualization.py] Loading cleaned data files.
14-Mar-24 15:05:45 INFO [cctv_visualization.py] Counting number of faulty cameras...
14-Mar-24 15:05:47 INFO [cctv_visualization.py] Preparation of number of faulty cameras dataframe completed!
14-Mar-24 15:05:47 INFO [cctv_visualization.py] {'total_rows_data1': 2953}
14-Mar-24 15:05:47 INFO [cctv_visualization.py] {'total_rows_data2': 2919}
14-Mar-24 15:05:47 INFO [cctv_visualization.py] {'total_rows_data3': 1922}
14-Mar-24 15:05:47 INFO [h11_impl.py] 192.168.150.10:53735 - "GET /faulty_cameras_per_day?start_date=2022-06-30&end_date=2023-09-10&page=8&rows_per_page=1000 HTTP/1.1" 200
14-Mar-24 15:06:15 INFO [cctv_visualization.py] Loading cleaned data files.
14-Mar-24 15:06:17 INFO [cctv_visualization.py] Counting number of faulty cameras...
14-Mar-24 15:06:18 INFO [cctv_visualization.py] Preparation of number of faulty cameras dataframe completed!
14-Mar-24 15:06:18 INFO [cctv_visualization.py] {'total_rows_data1': 2953}
14-Mar-24 15:06:18 INFO [cctv_visualization.py] {'total_rows_data2': 2919}
14-Mar-24 15:06:18 INFO [cctv_visualization.py] {'total_rows_data3': 1922}
14-Mar-24 15:06:18 INFO [h11_impl.py] 192.168.0.100:43822 - "GET /faulty_cameras_per_day?start_date=2022-06-30&end_date=2023-09-10&page=8&rows_per_page=1000 HTTP/1.1" 200
14-Mar-24 15:07:14 INFO [cctv_visualization.py] Loading cleaned data files.
14-Mar-24 15:07:16 INFO [cctv_visualization.py] Counting number of cameras...
14-Mar-24 15:07:17 INFO [cctv_visualization.py] Counting completed!
14-Mar-24 15:07:17 INFO [cctv_visualization.py] Merging total comera dataframes...
14-Mar-24 15:07:17 INFO [cctv_visualization.py] Merging completed!
14-Mar-24 15:07:17 INFO [h11_impl.py] 192.168.0.100:40160 - "GET /total_cameras?start_date=2022-06-30&end_date=2023-09-10&page=1&rows_per_page=1000 HTTP/1.1" 200
14-Mar-24 15:07:17 INFO [cctv_visualization.py] Loading cleaned data files.
14-Mar-24 15:07:20 INFO [cctv_visualization.py] Counting number of cameras...
14-Mar-24 15:07:21 INFO [cctv_visualization.py] Counting completed!
14-Mar-24 15:07:21 INFO [cctv_visualization.py] Counting number of faulty cameras...
14-Mar-24 15:07:22 INFO [cctv_visualization.py] Preparation of number of faulty cameras dataframe completed!
14-Mar-24 15:07:22 INFO [cctv_visualization.py] Merging total comera dataframes...
14-Mar-24 15:07:22 INFO [cctv_visualization.py] Merging completed!
14-Mar-24 15:07:22 INFO [cctv_visualization.py] Calculating faulty cam percentage
14-Mar-24 15:07:22 INFO [cctv_visualization.py] Calculation of faulty camera percentage completed!
14-Mar-24 15:07:22 INFO [cctv_visualization.py] Merging dataframes
14-Mar-24 15:07:22 INFO [cctv_visualization.py] Merging of faulty camera percentage dataframe completed!
14-Mar-24 15:07:22 INFO [h11_impl.py] 192.168.0.100:55464 - "GET /total_cameras_Vs_faulty_cameras?start_date=2022-06-30&end_date=2023-09-10&page=6&rows_per_page=1000 HTTP/1.1" 200
14-Mar-24 15:07:22 INFO [cctv_visualization.py] Loading cleaned data files.
14-Mar-24 15:07:24 INFO [cctv_visualization.py] Counting number of faulty cameras...
14-Mar-24 15:07:25 INFO [cctv_visualization.py] Preparation of number of faulty cameras dataframe completed!
14-Mar-24 15:07:25 INFO [cctv_visualization.py] {'total_rows_data1': 2953}
14-Mar-24 15:07:25 INFO [cctv_visualization.py] {'total_rows_data2': 2919}
14-Mar-24 15:07:25 INFO [cctv_visualization.py] {'total_rows_data3': 1922}
14-Mar-24 15:07:25 INFO [h11_impl.py] 192.168.0.100:55472 - "GET /faulty_cameras_per_day?start_date=2022-06-30&end_date=2023-09-10&page=8&rows_per_page=1000 HTTP/1.1" 200
14-Mar-24 15:08:27 INFO [cctv_visualization.py] Loading cleaned data files.
14-Mar-24 15:08:30 INFO [cctv_visualization.py] Counting number of events captured in each cameras...
14-Mar-24 15:08:30 INFO [cctv_visualization.py] Preparation of number of events captured is completed!
14-Mar-24 15:08:30 INFO [cctv_visualization.py] {'ptz': (1678, 4)}
14-Mar-24 15:08:30 INFO [cctv_visualization.py] {'dome': (1016, 4)}
14-Mar-24 15:08:30 INFO [cctv_visualization.py] {'fixed': (822, 4)}
14-Mar-24 15:08:30 INFO [cctv_visualization.py] {'total_rows_data1': 1678}
14-Mar-24 15:08:30 INFO [cctv_visualization.py] {'total_rows_data2': 1016}
14-Mar-24 15:08:30 INFO [cctv_visualization.py] {'total_rows_data3': 822}
14-Mar-24 15:08:30 INFO [h11_impl.py] 192.168.150.10:53768 - "GET /events_captured_per_day?start_date=2022-06-30&end_date=2023-09-10&page=1&rows_per_page=1000 HTTP/1.1" 200
14-Mar-24 15:08:48 INFO [cctv_visualization.py] Loading cleaned data files.
14-Mar-24 15:08:50 INFO [cctv_visualization.py] Counting number of events captured in each cameras...
14-Mar-24 15:08:50 INFO [cctv_visualization.py] Preparation of number of events captured is completed!
14-Mar-24 15:08:50 INFO [cctv_visualization.py] {'ptz': (1678, 4)}
14-Mar-24 15:08:50 INFO [cctv_visualization.py] {'dome': (1016, 4)}
14-Mar-24 15:08:50 INFO [cctv_visualization.py] {'fixed': (822, 4)}
14-Mar-24 15:08:50 INFO [cctv_visualization.py] {'total_rows_data1': 1678}
14-Mar-24 15:08:50 INFO [cctv_visualization.py] {'total_rows_data2': 1016}
14-Mar-24 15:08:50 INFO [cctv_visualization.py] {'total_rows_data3': 822}
14-Mar-24 15:08:50 INFO [h11_impl.py] 192.168.150.10:53781 - "GET /events_captured_per_day?start_date=2022-06-30&end_date=2023-09-10&page=5&rows_per_page=1000 HTTP/1.1" 200
14-Mar-24 15:09:13 INFO [cctv_visualization.py] Loading cleaned data files.
14-Mar-24 15:09:14 INFO [cctv_visualization.py] Counting number of events captured in each cameras...
14-Mar-24 15:09:14 INFO [cctv_visualization.py] Preparation of number of events captured is completed!
14-Mar-24 15:09:14 INFO [cctv_visualization.py] {'ptz': (1678, 4)}
14-Mar-24 15:09:14 INFO [cctv_visualization.py] {'dome': (1016, 4)}
14-Mar-24 15:09:14 INFO [cctv_visualization.py] {'fixed': (822, 4)}
14-Mar-24 15:09:14 INFO [cctv_visualization.py] {'total_rows_data1': 1678}
14-Mar-24 15:09:14 INFO [cctv_visualization.py] {'total_rows_data2': 1016}
14-Mar-24 15:09:14 INFO [cctv_visualization.py] {'total_rows_data3': 822}
14-Mar-24 15:09:14 INFO [h11_impl.py] 192.168.0.100:45776 - "GET /events_captured_per_day?start_date=2022-06-30&end_date=2023-09-10&page=5&rows_per_page=1000 HTTP/1.1" 200
14-Mar-24 15:09:46 INFO [cctv_visualization.py] Loading cleaned data files.
14-Mar-24 15:09:48 INFO [cctv_visualization.py] Counting number of cameras...
14-Mar-24 15:09:48 INFO [cctv_visualization.py] Counting completed!
14-Mar-24 15:09:48 INFO [cctv_visualization.py] Merging total comera dataframes...
14-Mar-24 15:09:48 INFO [cctv_visualization.py] Merging completed!
14-Mar-24 15:09:48 INFO [h11_impl.py] 192.168.0.100:43502 - "GET /total_cameras?start_date=2022-06-30&end_date=2023-09-10&page=1&rows_per_page=1000 HTTP/1.1" 200
14-Mar-24 15:09:48 INFO [cctv_visualization.py] Loading cleaned data files.
14-Mar-24 15:09:50 INFO [cctv_visualization.py] Counting number of cameras...
14-Mar-24 15:09:51 INFO [cctv_visualization.py] Counting completed!
14-Mar-24 15:09:51 INFO [cctv_visualization.py] Counting number of faulty cameras...
14-Mar-24 15:09:52 INFO [cctv_visualization.py] Preparation of number of faulty cameras dataframe completed!
14-Mar-24 15:09:52 INFO [cctv_visualization.py] Merging total comera dataframes...
14-Mar-24 15:09:52 INFO [cctv_visualization.py] Merging completed!
14-Mar-24 15:09:52 INFO [cctv_visualization.py] Calculating faulty cam percentage
14-Mar-24 15:09:52 INFO [cctv_visualization.py] Calculation of faulty camera percentage completed!
14-Mar-24 15:09:52 INFO [cctv_visualization.py] Merging dataframes
14-Mar-24 15:09:52 INFO [cctv_visualization.py] Merging of faulty camera percentage dataframe completed!
14-Mar-24 15:09:52 INFO [h11_impl.py] 192.168.0.100:43510 - "GET /total_cameras_Vs_faulty_cameras?start_date=2022-06-30&end_date=2023-09-10&page=6&rows_per_page=1000 HTTP/1.1" 200
14-Mar-24 15:09:52 INFO [cctv_visualization.py] Loading cleaned data files.
14-Mar-24 15:09:54 INFO [cctv_visualization.py] Counting number of faulty cameras...
14-Mar-24 15:09:55 INFO [cctv_visualization.py] Preparation of number of faulty cameras dataframe completed!
14-Mar-24 15:09:55 INFO [cctv_visualization.py] {'total_rows_data1': 2953}
14-Mar-24 15:09:55 INFO [cctv_visualization.py] {'total_rows_data2': 2919}
14-Mar-24 15:09:55 INFO [cctv_visualization.py] {'total_rows_data3': 1922}
14-Mar-24 15:09:55 INFO [h11_impl.py] 192.168.0.100:43524 - "GET /faulty_cameras_per_day?start_date=2022-06-30&end_date=2023-09-10&page=8&rows_per_page=1000 HTTP/1.1" 200
14-Mar-24 15:09:55 INFO [cctv_visualization.py] Loading cleaned data files.
14-Mar-24 15:09:56 INFO [cctv_visualization.py] Counting number of events captured in each cameras...
14-Mar-24 15:09:57 INFO [cctv_visualization.py] Preparation of number of events captured is completed!
14-Mar-24 15:09:57 INFO [cctv_visualization.py] {'ptz': (1678, 4)}
14-Mar-24 15:09:57 INFO [cctv_visualization.py] {'dome': (1016, 4)}
14-Mar-24 15:09:57 INFO [cctv_visualization.py] {'fixed': (822, 4)}
14-Mar-24 15:09:57 INFO [cctv_visualization.py] {'total_rows_data1': 1678}
14-Mar-24 15:09:57 INFO [cctv_visualization.py] {'total_rows_data2': 1016}
14-Mar-24 15:09:57 INFO [cctv_visualization.py] {'total_rows_data3': 822}
14-Mar-24 15:09:57 INFO [h11_impl.py] 192.168.0.100:43538 - "GET /events_captured_per_day?start_date=2022-06-30&end_date=2023-09-10&page=5&rows_per_page=1000 HTTP/1.1" 200
14-Mar-24 15:11:57 INFO [server.py] Shutting down
14-Mar-24 15:11:57 INFO [on.py] Waiting for application shutdown.
14-Mar-24 15:11:57 INFO [on.py] Application shutdown complete.
14-Mar-24 15:11:57 INFO [server.py] Finished server process [207260]
14-Mar-24 16:05:01 INFO [cctv_visualization.py] Loading cleaned data files.
14-Mar-24 16:05:02 INFO [cctv_visualization.py] Counting number of events captured in each cameras...
14-Mar-24 16:05:03 INFO [cctv_visualization.py] Preparation of number of events captured is completed!
14-Mar-24 16:05:03 INFO [cctv_visualization.py] {'ptz': (165, 4)}
14-Mar-24 16:05:03 INFO [cctv_visualization.py] {'dome': (130, 4)}
14-Mar-24 16:05:03 INFO [cctv_visualization.py] {'fixed': (168, 4)}
14-Mar-24 16:05:03 INFO [h11_impl.py] 192.168.150.10:54315 - "GET /events_captured_over_time_of_day?start_date=2022-06-30&end_date=2023-09-10&page=1&rows_per_page=1000 HTTP/1.1" 200
14-Mar-24 16:05:18 INFO [cctv_visualization.py] Loading cleaned data files.
14-Mar-24 16:05:19 INFO [cctv_visualization.py] Counting number of events captured in each cameras...
14-Mar-24 16:05:19 INFO [cctv_visualization.py] Preparation of number of events captured is completed!
14-Mar-24 16:05:19 INFO [cctv_visualization.py] {'ptz': (165, 4)}
14-Mar-24 16:05:19 INFO [cctv_visualization.py] {'dome': (130, 4)}
14-Mar-24 16:05:19 INFO [cctv_visualization.py] {'fixed': (168, 4)}
14-Mar-24 16:05:19 INFO [h11_impl.py] 192.168.150.10:54317 - "GET /events_captured_over_time_of_day?start_date=2022-06-30&end_date=2023-09-10&page=3&rows_per_page=1000 HTTP/1.1" 200
14-Mar-24 16:06:04 INFO [cctv_visualization.py] Loading cleaned data files.
14-Mar-24 16:06:06 INFO [cctv_visualization.py] Counting number of events captured in each cameras...
14-Mar-24 16:06:07 INFO [cctv_visualization.py] Preparation of number of events captured is completed!
14-Mar-24 16:06:07 INFO [cctv_visualization.py] {'ptz': (165, 4)}
14-Mar-24 16:06:07 INFO [cctv_visualization.py] {'dome': (130, 4)}
14-Mar-24 16:06:07 INFO [cctv_visualization.py] {'fixed': (168, 4)}
14-Mar-24 16:06:07 INFO [h11_impl.py] 192.168.0.100:48584 - "GET /events_captured_over_time_of_day?start_date=2022-06-30&end_date=2023-09-10&page=3&rows_per_page=1000 HTTP/1.1" 200
14-Mar-24 16:07:04 INFO [cctv_visualization.py] Loading cleaned data files.
14-Mar-24 16:07:05 INFO [cctv_visualization.py] Counting number of cameras...
14-Mar-24 16:07:06 INFO [cctv_visualization.py] Counting completed!
14-Mar-24 16:07:06 INFO [cctv_visualization.py] Merging total comera dataframes...
14-Mar-24 16:07:06 INFO [cctv_visualization.py] Merging completed!
14-Mar-24 16:07:06 INFO [h11_impl.py] 192.168.0.100:35704 - "GET /total_cameras?start_date=2022-06-30&end_date=2023-09-10&page=1&rows_per_page=1000 HTTP/1.1" 200
14-Mar-24 16:07:06 INFO [cctv_visualization.py] Loading cleaned data files.
14-Mar-24 16:07:07 INFO [cctv_visualization.py] Counting number of cameras...
14-Mar-24 16:07:08 INFO [cctv_visualization.py] Counting completed!
14-Mar-24 16:07:08 INFO [cctv_visualization.py] Counting number of faulty cameras...
14-Mar-24 16:07:09 INFO [cctv_visualization.py] Preparation of number of faulty cameras dataframe completed!
14-Mar-24 16:07:09 INFO [cctv_visualization.py] Merging total comera dataframes...
14-Mar-24 16:07:09 INFO [cctv_visualization.py] Merging completed!
14-Mar-24 16:07:09 INFO [cctv_visualization.py] Calculating faulty cam percentage
14-Mar-24 16:07:09 INFO [cctv_visualization.py] Calculation of faulty camera percentage completed!
14-Mar-24 16:07:09 INFO [cctv_visualization.py] Merging dataframes
14-Mar-24 16:07:09 INFO [cctv_visualization.py] Merging of faulty camera percentage dataframe completed!
14-Mar-24 16:07:09 INFO [h11_impl.py] 192.168.0.100:41458 - "GET /total_cameras_Vs_faulty_cameras?start_date=2022-06-30&end_date=2023-09-10&page=6&rows_per_page=1000 HTTP/1.1" 200
14-Mar-24 16:07:10 INFO [cctv_visualization.py] Loading cleaned data files.
14-Mar-24 16:07:11 INFO [cctv_visualization.py] Counting number of faulty cameras...
14-Mar-24 16:07:12 INFO [cctv_visualization.py] Preparation of number of faulty cameras dataframe completed!
14-Mar-24 16:07:12 INFO [cctv_visualization.py] {'total_rows_data1': 2953}
14-Mar-24 16:07:12 INFO [cctv_visualization.py] {'total_rows_data2': 2919}
14-Mar-24 16:07:12 INFO [cctv_visualization.py] {'total_rows_data3': 1922}
14-Mar-24 16:07:12 INFO [h11_impl.py] 192.168.0.100:41462 - "GET /faulty_cameras_per_day?start_date=2022-06-30&end_date=2023-09-10&page=8&rows_per_page=1000 HTTP/1.1" 200
14-Mar-24 16:07:12 INFO [cctv_visualization.py] Loading cleaned data files.
14-Mar-24 16:07:13 INFO [cctv_visualization.py] Counting number of events captured in each cameras...
14-Mar-24 16:07:13 INFO [cctv_visualization.py] Preparation of number of events captured is completed!
14-Mar-24 16:07:13 INFO [cctv_visualization.py] {'ptz': (1678, 4)}
14-Mar-24 16:07:13 INFO [cctv_visualization.py] {'dome': (1016, 4)}
14-Mar-24 16:07:13 INFO [cctv_visualization.py] {'fixed': (822, 4)}
14-Mar-24 16:07:13 INFO [cctv_visualization.py] {'total_rows_data1': 1678}
14-Mar-24 16:07:13 INFO [cctv_visualization.py] {'total_rows_data2': 1016}
14-Mar-24 16:07:13 INFO [cctv_visualization.py] {'total_rows_data3': 822}
14-Mar-24 16:07:13 INFO [h11_impl.py] 192.168.0.100:41470 - "GET /events_captured_per_day?start_date=2022-06-30&end_date=2023-09-10&page=5&rows_per_page=1000 HTTP/1.1" 200
14-Mar-24 16:07:13 INFO [cctv_visualization.py] Loading cleaned data files.
14-Mar-24 16:07:15 INFO [cctv_visualization.py] Counting number of events captured in each cameras...
14-Mar-24 16:07:16 INFO [cctv_visualization.py] Preparation of number of events captured is completed!
14-Mar-24 16:07:16 INFO [cctv_visualization.py] {'ptz': (165, 4)}
14-Mar-24 16:07:16 INFO [cctv_visualization.py] {'dome': (130, 4)}
14-Mar-24 16:07:16 INFO [cctv_visualization.py] {'fixed': (168, 4)}
14-Mar-24 16:07:16 INFO [h11_impl.py] 192.168.0.100:41478 - "GET /events_captured_over_time_of_day?start_date=2022-06-30&end_date=2023-09-10&page=3&rows_per_page=1000 HTTP/1.1" 200
14-Mar-24 16:09:17 INFO [server.py] Shutting down
14-Mar-24 16:09:17 INFO [on.py] Waiting for application shutdown.
14-Mar-24 16:09:17 INFO [on.py] Application shutdown complete.
14-Mar-24 16:09:17 INFO [server.py] Finished server process [211651]
14-Mar-24 16:26:42 INFO [cctv_visualization.py] Loading cleaned data files.
14-Mar-24 16:26:44 INFO [cctv_visualization.py] Counting number of cameras...
14-Mar-24 16:26:45 INFO [cctv_visualization.py] Counting completed!
14-Mar-24 16:26:45 INFO [cctv_visualization.py] Merging total comera dataframes...
14-Mar-24 16:26:45 INFO [cctv_visualization.py] Merging completed!
14-Mar-24 16:26:45 INFO [h11_impl.py] 192.168.0.100:51700 - "GET /total_cameras?start_date=2022-06-30&end_date=2023-09-10&page=1&rows_per_page=1000 HTTP/1.1" 200
14-Mar-24 16:26:45 INFO [cctv_visualization.py] Loading cleaned data files.
14-Mar-24 16:26:47 INFO [cctv_visualization.py] Counting number of cameras...
14-Mar-24 16:26:48 INFO [cctv_visualization.py] Counting completed!
14-Mar-24 16:26:48 INFO [cctv_visualization.py] Counting number of faulty cameras...
14-Mar-24 16:26:50 INFO [cctv_visualization.py] Preparation of number of faulty cameras dataframe completed!
14-Mar-24 16:26:50 INFO [cctv_visualization.py] Merging total comera dataframes...
14-Mar-24 16:26:50 INFO [cctv_visualization.py] Merging completed!
14-Mar-24 16:26:50 INFO [cctv_visualization.py] Calculating faulty cam percentage
14-Mar-24 16:26:50 INFO [cctv_visualization.py] Calculation of faulty camera percentage completed!
14-Mar-24 16:26:50 INFO [cctv_visualization.py] Merging dataframes
14-Mar-24 16:26:50 INFO [cctv_visualization.py] Merging of faulty camera percentage dataframe completed!
14-Mar-24 16:26:51 INFO [h11_impl.py] 192.168.0.100:51712 - "GET /total_cameras_Vs_faulty_cameras?start_date=2022-06-30&end_date=2023-09-10&page=6&rows_per_page=1000 HTTP/1.1" 200
14-Mar-24 16:26:51 INFO [cctv_visualization.py] Loading cleaned data files.
14-Mar-24 16:26:53 INFO [cctv_visualization.py] Counting number of faulty cameras...
14-Mar-24 16:26:55 INFO [cctv_visualization.py] Preparation of number of faulty cameras dataframe completed!
14-Mar-24 16:26:55 INFO [cctv_visualization.py] {'total_rows_data1': 2953}
14-Mar-24 16:26:55 INFO [cctv_visualization.py] {'total_rows_data2': 2919}
14-Mar-24 16:26:55 INFO [cctv_visualization.py] {'total_rows_data3': 1922}
14-Mar-24 16:26:55 INFO [h11_impl.py] 192.168.0.100:59464 - "GET /faulty_cameras_per_day?start_date=2022-06-30&end_date=2023-09-10&page=8&rows_per_page=1000 HTTP/1.1" 200
14-Mar-24 16:26:55 INFO [cctv_visualization.py] Loading cleaned data files.
14-Mar-24 16:26:57 INFO [cctv_visualization.py] Counting number of events captured in each cameras...
14-Mar-24 16:26:58 INFO [cctv_visualization.py] Preparation of number of events captured is completed!
14-Mar-24 16:26:58 INFO [cctv_visualization.py] {'ptz': (1678, 4)}
14-Mar-24 16:26:58 INFO [cctv_visualization.py] {'dome': (1016, 4)}
14-Mar-24 16:26:58 INFO [cctv_visualization.py] {'fixed': (822, 4)}
14-Mar-24 16:26:58 INFO [cctv_visualization.py] {'total_rows_data1': 1678}
14-Mar-24 16:26:58 INFO [cctv_visualization.py] {'total_rows_data2': 1016}
14-Mar-24 16:26:58 INFO [cctv_visualization.py] {'total_rows_data3': 822}
14-Mar-24 16:26:58 INFO [h11_impl.py] 192.168.0.100:59478 - "GET /events_captured_per_day?start_date=2022-06-30&end_date=2023-09-10&page=5&rows_per_page=1000 HTTP/1.1" 200
14-Mar-24 16:26:58 INFO [cctv_visualization.py] Loading cleaned data files.
14-Mar-24 16:27:00 INFO [cctv_visualization.py] Counting number of events captured in each cameras...
14-Mar-24 16:27:00 INFO [cctv_visualization.py] Preparation of number of events captured is completed!
14-Mar-24 16:27:00 INFO [cctv_visualization.py] {'ptz': (165, 4)}
14-Mar-24 16:27:00 INFO [cctv_visualization.py] {'dome': (130, 4)}
14-Mar-24 16:27:00 INFO [cctv_visualization.py] {'fixed': (168, 4)}
14-Mar-24 16:27:00 INFO [h11_impl.py] 192.168.0.100:53572 - "GET /events_captured_over_time_of_day?start_date=2022-06-30&end_date=2023-09-10&page=3&rows_per_page=1000 HTTP/1.1" 200
14-Mar-24 16:30:16 INFO [cctv_visualization.py] Loading cleaned data files.
14-Mar-24 16:30:17 INFO [cctv_visualization.py] Counting number of cameras...
14-Mar-24 16:30:18 INFO [cctv_visualization.py] Counting completed!
14-Mar-24 16:30:18 INFO [cctv_visualization.py] Merging total comera dataframes...
14-Mar-24 16:30:18 INFO [cctv_visualization.py] Merging completed!
14-Mar-24 16:30:18 INFO [h11_impl.py] 192.168.150.10:55038 - "GET /total_cameras?start_date=2022-06-30&end_date=2023-09-10&page=1&rows_per_page=1000 HTTP/1.1" 200
14-Mar-24 16:31:38 INFO [server.py] Shutting down
14-Mar-24 16:31:38 INFO [on.py] Waiting for application shutdown.
14-Mar-24 16:31:38 INFO [on.py] Application shutdown complete.
14-Mar-24 16:31:38 INFO [server.py] Finished server process [221473]
14-Mar-24 16:32:55 INFO [cctv_visualization.py] Loading cleaned data files.
14-Mar-24 16:32:56 INFO [cctv_visualization.py] Counting number of cameras...
14-Mar-24 16:32:57 INFO [cctv_visualization.py] Counting completed!
14-Mar-24 16:32:57 INFO [cctv_visualization.py] Merging total comera dataframes...
14-Mar-24 16:32:57 INFO [cctv_visualization.py] Merging completed!
14-Mar-24 16:32:57 INFO [h11_impl.py] 192.168.150.10:55076 - "GET /total_cameras?start_date=2022-06-30&end_date=2023-09-10&page=1&rows_per_page=1000 HTTP/1.1" 200
14-Mar-24 17:03:57 INFO [h11_impl.py] 192.168.150.10:55504 - "GET /docs HTTP/1.1" 200
14-Mar-24 17:03:57 INFO [h11_impl.py] 192.168.150.10:55504 - "GET /openapi.json HTTP/1.1" 200
14-Mar-24 17:14:48 INFO [cctv_visualization.py] Loading cleaned data files.
14-Mar-24 17:14:49 INFO [cctv_visualization.py] Counting number of cameras...
14-Mar-24 17:14:49 INFO [cctv_visualization.py] Counting completed!
14-Mar-24 17:14:49 INFO [cctv_visualization.py] Merging total comera dataframes...
14-Mar-24 17:14:49 INFO [cctv_visualization.py] Merging completed!
14-Mar-24 17:14:49 INFO [h11_impl.py] 192.168.150.10:55664 - "GET /total_cameras?start_date=2022-06-30&end_date=2022-06-30&page=1&rows_per_page=1000 HTTP/1.1" 200
14-Mar-24 17:15:05 INFO [cctv_visualization.py] Loading cleaned data files.
14-Mar-24 17:15:06 INFO [cctv_visualization.py] Counting number of cameras...
14-Mar-24 17:15:07 INFO [cctv_visualization.py] Counting completed!
14-Mar-24 17:15:07 INFO [cctv_visualization.py] Counting number of faulty cameras...
14-Mar-24 17:15:09 INFO [cctv_visualization.py] Preparation of number of faulty cameras dataframe completed!
14-Mar-24 17:15:09 INFO [cctv_visualization.py] Merging total comera dataframes...
14-Mar-24 17:15:09 INFO [cctv_visualization.py] Merging completed!
14-Mar-24 17:15:09 INFO [cctv_visualization.py] Calculating faulty cam percentage
14-Mar-24 17:15:09 INFO [cctv_visualization.py] Calculation of faulty camera percentage completed!
14-Mar-24 17:15:09 INFO [cctv_visualization.py] Merging dataframes
14-Mar-24 17:15:09 INFO [cctv_visualization.py] Merging of faulty camera percentage dataframe completed!
14-Mar-24 17:15:09 INFO [h11_impl.py] 192.168.150.10:55666 - "GET /total_cameras_Vs_faulty_cameras?start_date=2022-06-30&end_date=2023-09-10&page=1&rows_per_page=1000 HTTP/1.1" 200
14-Mar-24 17:15:42 INFO [cctv_visualization.py] Loading cleaned data files.
14-Mar-24 17:15:43 INFO [cctv_visualization.py] Counting number of cameras...
14-Mar-24 17:15:44 INFO [cctv_visualization.py] Counting completed!
14-Mar-24 17:15:44 INFO [cctv_visualization.py] Counting number of faulty cameras...
14-Mar-24 17:15:46 INFO [cctv_visualization.py] Preparation of number of faulty cameras dataframe completed!
14-Mar-24 17:15:46 INFO [cctv_visualization.py] Merging total comera dataframes...
14-Mar-24 17:15:46 INFO [cctv_visualization.py] Merging completed!
14-Mar-24 17:15:46 INFO [cctv_visualization.py] Calculating faulty cam percentage
14-Mar-24 17:15:46 INFO [cctv_visualization.py] Calculation of faulty camera percentage completed!
14-Mar-24 17:15:46 INFO [cctv_visualization.py] Merging dataframes
14-Mar-24 17:15:46 INFO [cctv_visualization.py] Merging of faulty camera percentage dataframe completed!
14-Mar-24 17:15:46 INFO [h11_impl.py] 192.168.150.10:55668 - "GET /total_cameras_Vs_faulty_cameras?start_date=2022-06-30&end_date=2023-09-10&page=6&rows_per_page=1000 HTTP/1.1" 200
14-Mar-24 17:16:45 INFO [cctv_visualization.py] Loading cleaned data files.
14-Mar-24 17:16:47 INFO [cctv_visualization.py] Counting number of faulty cameras...
14-Mar-24 17:16:48 INFO [cctv_visualization.py] Preparation of number of faulty cameras dataframe completed!
14-Mar-24 17:16:48 INFO [cctv_visualization.py] {'total_rows_data1': 2953}
14-Mar-24 17:16:48 INFO [cctv_visualization.py] {'total_rows_data2': 2919}
14-Mar-24 17:16:48 INFO [cctv_visualization.py] {'total_rows_data3': 1922}
14-Mar-24 17:16:49 INFO [h11_impl.py] 192.168.150.10:55684 - "GET /faulty_cameras_per_day?start_date=2022-06-30&end_date=2023-09-10&page=1&rows_per_page=1000 HTTP/1.1" 200
14-Mar-24 17:17:18 INFO [cctv_visualization.py] Loading cleaned data files.
14-Mar-24 17:17:21 INFO [cctv_visualization.py] Counting number of faulty cameras...
14-Mar-24 17:17:23 INFO [cctv_visualization.py] Preparation of number of faulty cameras dataframe completed!
14-Mar-24 17:17:23 INFO [cctv_visualization.py] {'total_rows_data1': 2953}
14-Mar-24 17:17:23 INFO [cctv_visualization.py] {'total_rows_data2': 2919}
14-Mar-24 17:17:23 INFO [cctv_visualization.py] {'total_rows_data3': 1922}
14-Mar-24 17:17:23 INFO [h11_impl.py] 192.168.150.10:55692 - "GET /faulty_cameras_per_day?start_date=2022-06-30&end_date=2023-09-10&page=2&rows_per_page=1000 HTTP/1.1" 200
14-Mar-24 17:17:36 INFO [cctv_visualization.py] Loading cleaned data files.
14-Mar-24 17:17:38 INFO [cctv_visualization.py] Counting number of faulty cameras...
14-Mar-24 17:17:39 INFO [cctv_visualization.py] Preparation of number of faulty cameras dataframe completed!
14-Mar-24 17:17:39 INFO [cctv_visualization.py] {'total_rows_data1': 2953}
14-Mar-24 17:17:39 INFO [cctv_visualization.py] {'total_rows_data2': 2919}
14-Mar-24 17:17:39 INFO [cctv_visualization.py] {'total_rows_data3': 1922}
14-Mar-24 17:17:39 INFO [h11_impl.py] 192.168.150.10:55702 - "GET /faulty_cameras_per_day?start_date=2022-06-30&end_date=2023-09-10&page=3&rows_per_page=1000 HTTP/1.1" 200
14-Mar-24 17:18:01 INFO [cctv_visualization.py] Loading cleaned data files.
14-Mar-24 17:18:03 INFO [cctv_visualization.py] Counting number of events captured in each cameras...
14-Mar-24 17:18:03 INFO [cctv_visualization.py] Preparation of number of events captured is completed!
14-Mar-24 17:18:03 INFO [cctv_visualization.py] {'ptz': (1678, 4)}
14-Mar-24 17:18:03 INFO [cctv_visualization.py] {'dome': (1016, 4)}
14-Mar-24 17:18:03 INFO [cctv_visualization.py] {'fixed': (822, 4)}
14-Mar-24 17:18:03 INFO [cctv_visualization.py] {'total_rows_data1': 1678}
14-Mar-24 17:18:03 INFO [cctv_visualization.py] {'total_rows_data2': 1016}
14-Mar-24 17:18:03 INFO [cctv_visualization.py] {'total_rows_data3': 822}
14-Mar-24 17:18:03 INFO [h11_impl.py] 192.168.150.10:55710 - "GET /events_captured_per_day?start_date=2022-06-30&end_date=2023-09-10&page=1&rows_per_page=1000 HTTP/1.1" 200
14-Mar-24 17:18:29 INFO [cctv_visualization.py] Loading cleaned data files.
14-Mar-24 17:18:32 INFO [cctv_visualization.py] Counting number of events captured in each cameras...
14-Mar-24 17:18:33 INFO [cctv_visualization.py] Preparation of number of events captured is completed!
14-Mar-24 17:18:33 INFO [cctv_visualization.py] {'ptz': (1678, 4)}
14-Mar-24 17:18:33 INFO [cctv_visualization.py] {'dome': (1016, 4)}
14-Mar-24 17:18:33 INFO [cctv_visualization.py] {'fixed': (822, 4)}
14-Mar-24 17:18:33 INFO [cctv_visualization.py] {'total_rows_data1': 1678}
14-Mar-24 17:18:33 INFO [cctv_visualization.py] {'total_rows_data2': 1016}
14-Mar-24 17:18:33 INFO [cctv_visualization.py] {'total_rows_data3': 822}
14-Mar-24 17:18:33 INFO [h11_impl.py] 192.168.150.10:55713 - "GET /events_captured_per_day?start_date=2022-06-30&end_date=2023-09-10&page=2&rows_per_page=1000 HTTP/1.1" 200
14-Mar-24 17:18:46 INFO [cctv_visualization.py] Loading cleaned data files.
14-Mar-24 17:18:48 INFO [cctv_visualization.py] Counting number of events captured in each cameras...
14-Mar-24 17:18:48 INFO [cctv_visualization.py] Preparation of number of events captured is completed!
14-Mar-24 17:18:48 INFO [cctv_visualization.py] {'ptz': (1678, 4)}
14-Mar-24 17:18:48 INFO [cctv_visualization.py] {'dome': (1016, 4)}
14-Mar-24 17:18:48 INFO [cctv_visualization.py] {'fixed': (822, 4)}
14-Mar-24 17:18:48 INFO [cctv_visualization.py] {'total_rows_data1': 1678}
14-Mar-24 17:18:48 INFO [cctv_visualization.py] {'total_rows_data2': 1016}
14-Mar-24 17:18:48 INFO [cctv_visualization.py] {'total_rows_data3': 822}
14-Mar-24 17:18:48 INFO [h11_impl.py] 192.168.150.10:55715 - "GET /events_captured_per_day?start_date=2022-06-30&end_date=2023-09-10&page=4&rows_per_page=1000 HTTP/1.1" 200
14-Mar-24 17:19:05 INFO [cctv_visualization.py] Loading cleaned data files.
14-Mar-24 17:19:08 INFO [cctv_visualization.py] Counting number of events captured in each cameras...
14-Mar-24 17:19:08 INFO [cctv_visualization.py] Preparation of number of events captured is completed!
14-Mar-24 17:19:08 INFO [cctv_visualization.py] {'ptz': (1678, 4)}
14-Mar-24 17:19:08 INFO [cctv_visualization.py] {'dome': (1016, 4)}
14-Mar-24 17:19:08 INFO [cctv_visualization.py] {'fixed': (822, 4)}
14-Mar-24 17:19:08 INFO [cctv_visualization.py] {'total_rows_data1': 1678}
14-Mar-24 17:19:08 INFO [cctv_visualization.py] {'total_rows_data2': 1016}
14-Mar-24 17:19:08 INFO [cctv_visualization.py] {'total_rows_data3': 822}
14-Mar-24 17:19:08 INFO [h11_impl.py] 192.168.150.10:55725 - "GET /events_captured_per_day?start_date=2022-06-30&end_date=2023-09-10&page=5&rows_per_page=1000 HTTP/1.1" 200
14-Mar-24 17:19:49 INFO [cctv_visualization.py] Loading cleaned data files.
14-Mar-24 17:19:50 INFO [cctv_visualization.py] Counting number of events captured in each cameras...
14-Mar-24 17:19:50 INFO [cctv_visualization.py] Preparation of number of events captured is completed!
14-Mar-24 17:19:50 INFO [cctv_visualization.py] {'ptz': (165, 4)}
14-Mar-24 17:19:50 INFO [cctv_visualization.py] {'dome': (130, 4)}
14-Mar-24 17:19:50 INFO [cctv_visualization.py] {'fixed': (168, 4)}
14-Mar-24 17:19:50 INFO [h11_impl.py] 192.168.150.10:55735 - "GET /events_captured_over_time_of_day?start_date=2022-06-30&end_date=2023-09-10&page=1&rows_per_page=1000 HTTP/1.1" 200
14-Mar-24 17:20:07 INFO [cctv_visualization.py] Loading cleaned data files.
14-Mar-24 17:20:09 INFO [cctv_visualization.py] Counting number of events captured in each cameras...
14-Mar-24 17:20:09 INFO [cctv_visualization.py] Preparation of number of events captured is completed!
14-Mar-24 17:20:09 INFO [cctv_visualization.py] {'ptz': (165, 4)}
14-Mar-24 17:20:09 INFO [cctv_visualization.py] {'dome': (130, 4)}
14-Mar-24 17:20:09 INFO [cctv_visualization.py] {'fixed': (168, 4)}
14-Mar-24 17:20:09 INFO [h11_impl.py] 192.168.150.10:55737 - "GET /events_captured_over_time_of_day?start_date=2022-06-30&end_date=2023-09-10&page=2&rows_per_page=1000 HTTP/1.1" 200
14-Mar-24 17:20:33 INFO [cctv_visualization.py] Loading cleaned data files.
14-Mar-24 17:20:33 INFO [cctv_visualization.py] Counting number of events captured in each cameras...
14-Mar-24 17:20:33 INFO [cctv_visualization.py] Preparation of number of events captured is completed!
14-Mar-24 17:20:33 INFO [cctv_visualization.py] {'ptz': (4, 4)}
14-Mar-24 17:20:33 INFO [cctv_visualization.py] {'dome': (6, 4)}
14-Mar-24 17:20:33 INFO [cctv_visualization.py] {'fixed': (0, 4)}
14-Mar-24 17:20:33 INFO [cctv_visualization.py] {'total_rows_data1': 4}
14-Mar-24 17:20:33 INFO [cctv_visualization.py] {'total_rows_data2': 6}
14-Mar-24 17:20:33 INFO [cctv_visualization.py] {'total_rows_data3': 0}
14-Mar-24 17:20:33 INFO [h11_impl.py] 192.168.150.10:55739 - "GET /events_captured_per_day?start_date=2022-06-30&end_date=2022-06-30&page=1&rows_per_page=1000 HTTP/1.1" 200
14-Mar-24 17:20:50 INFO [cctv_visualization.py] Loading cleaned data files.
14-Mar-24 17:20:50 INFO [cctv_visualization.py] Counting number of events captured in each cameras...
14-Mar-24 17:20:50 INFO [cctv_visualization.py] Preparation of number of events captured is completed!
14-Mar-24 17:20:50 INFO [cctv_visualization.py] {'ptz': (4, 4)}
14-Mar-24 17:20:50 INFO [cctv_visualization.py] {'dome': (6, 4)}
14-Mar-24 17:20:50 INFO [cctv_visualization.py] {'fixed': (0, 4)}
14-Mar-24 17:20:50 INFO [cctv_visualization.py] {'total_rows_data1': 4}
14-Mar-24 17:20:50 INFO [cctv_visualization.py] {'total_rows_data2': 6}
14-Mar-24 17:20:50 INFO [cctv_visualization.py] {'total_rows_data3': 0}
14-Mar-24 17:20:50 INFO [h11_impl.py] 192.168.150.10:55748 - "GET /events_captured_per_day?start_date=2022-06-30&end_date=2022-06-30&page=2&rows_per_page=1000 HTTP/1.1" 200
14-Mar-24 17:21:15 INFO [cctv_visualization.py] Loading cleaned data files.
14-Mar-24 17:21:15 INFO [cctv_visualization.py] Counting number of events captured in each cameras...
14-Mar-24 17:21:15 INFO [cctv_visualization.py] Preparation of number of events captured is completed!
14-Mar-24 17:21:15 INFO [cctv_visualization.py] {'ptz': (4, 4)}
14-Mar-24 17:21:15 INFO [cctv_visualization.py] {'dome': (6, 4)}
14-Mar-24 17:21:15 INFO [cctv_visualization.py] {'fixed': (0, 4)}
14-Mar-24 17:21:15 INFO [h11_impl.py] 192.168.150.10:55751 - "GET /events_captured_over_time_of_day?start_date=2022-06-30&end_date=2022-06-30&page=1&rows_per_page=1000 HTTP/1.1" 200
14-Mar-24 17:21:28 INFO [cctv_visualization.py] Loading cleaned data files.
14-Mar-24 17:21:29 INFO [cctv_visualization.py] Counting number of events captured in each cameras...
14-Mar-24 17:21:29 INFO [cctv_visualization.py] Preparation of number of events captured is completed!
14-Mar-24 17:21:29 INFO [cctv_visualization.py] {'ptz': (4, 4)}
14-Mar-24 17:21:29 INFO [cctv_visualization.py] {'dome': (6, 4)}
14-Mar-24 17:21:29 INFO [cctv_visualization.py] {'fixed': (0, 4)}
14-Mar-24 17:21:29 INFO [h11_impl.py] 192.168.150.10:55753 - "GET /events_captured_over_time_of_day?start_date=2022-06-30&end_date=2022-06-30&page=2&rows_per_page=1000 HTTP/1.1" 200
