16-Feb-24 10:30:49 INFO [config.py] Will watch for changes in these directories: ['/opt/siap/analytics']
16-Feb-24 10:30:49 INFO [config.py] Uvicorn running on http://0.0.0.0:8000 (Press CTRL+C to quit)
16-Feb-24 10:30:49 INFO [basereload.py] Started reloader process [1234262] using StatReload
16-Feb-24 10:31:14 INFO [server.py] Started server process [1234399]
16-Feb-24 10:31:14 INFO [on.py] Waiting for application startup.
16-Feb-24 10:31:14 INFO [on.py] Application startup complete.
16-Feb-24 10:31:53 INFO [server.py] Shutting down
16-Feb-24 10:31:53 INFO [on.py] Waiting for application shutdown.
16-Feb-24 10:31:53 INFO [on.py] Application shutdown complete.
16-Feb-24 10:31:53 INFO [server.py] Finished server process [1234399]
16-Feb-24 10:31:53 INFO [basereload.py] Stopping reloader process [1234262]
16-Feb-24 10:43:53 INFO [config.py] Will watch for changes in these directories: ['/opt/siap/analytics']
16-Feb-24 10:43:53 INFO [config.py] Uvicorn running on http://0.0.0.0:8000 (Press CTRL+C to quit)
16-Feb-24 10:43:53 INFO [basereload.py] Started reloader process [1238430] using StatReload
16-Feb-24 10:44:09 INFO [server.py] Started server process [1238588]
16-Feb-24 10:44:09 INFO [on.py] Waiting for application startup.
16-Feb-24 10:44:09 INFO [on.py] Application startup complete.
16-Feb-24 10:44:13 INFO [h11_impl.py] 127.0.0.1:57732 - "GET / HTTP/1.1" 404
16-Feb-24 10:44:19 INFO [h11_impl.py] 127.0.0.1:57748 - "GET /docs HTTP/1.1" 200
16-Feb-24 10:44:19 INFO [h11_impl.py] 127.0.0.1:57748 - "GET /openapi.json HTTP/1.1" 200
16-Feb-24 10:44:27 INFO [h11_impl.py] 127.0.0.1:56512 - "GET /Aqi%20classification HTTP/1.1" 500
16-Feb-24 10:44:27 ERROR [h11_impl.py] Exception in ASGI application
Traceback (most recent call last):
  File "/opt/siap/analytics/analytics_env/lib/python3.10/site-packages/uvicorn/protocols/http/h11_impl.py", line 408, in run_asgi
    result = await app(  # type: ignore[func-returns-value]
  File "/opt/siap/analytics/analytics_env/lib/python3.10/site-packages/uvicorn/middleware/proxy_headers.py", line 84, in __call__
    return await self.app(scope, receive, send)
  File "/opt/siap/analytics/analytics_env/lib/python3.10/site-packages/fastapi/applications.py", line 289, in __call__
    await super().__call__(scope, receive, send)
  File "/opt/siap/analytics/analytics_env/lib/python3.10/site-packages/starlette/applications.py", line 122, in __call__
    await self.middleware_stack(scope, receive, send)
  File "/opt/siap/analytics/analytics_env/lib/python3.10/site-packages/starlette/middleware/errors.py", line 184, in __call__
    raise exc
  File "/opt/siap/analytics/analytics_env/lib/python3.10/site-packages/starlette/middleware/errors.py", line 162, in __call__
    await self.app(scope, receive, _send)
  File "/opt/siap/analytics/analytics_env/lib/python3.10/site-packages/starlette/middleware/exceptions.py", line 79, in __call__
    raise exc
  File "/opt/siap/analytics/analytics_env/lib/python3.10/site-packages/starlette/middleware/exceptions.py", line 68, in __call__
    await self.app(scope, receive, sender)
  File "/opt/siap/analytics/analytics_env/lib/python3.10/site-packages/fastapi/middleware/asyncexitstack.py", line 20, in __call__
    raise e
  File "/opt/siap/analytics/analytics_env/lib/python3.10/site-packages/fastapi/middleware/asyncexitstack.py", line 17, in __call__
    await self.app(scope, receive, send)
  File "/opt/siap/analytics/analytics_env/lib/python3.10/site-packages/starlette/routing.py", line 718, in __call__
    await route.handle(scope, receive, send)
  File "/opt/siap/analytics/analytics_env/lib/python3.10/site-packages/starlette/routing.py", line 276, in handle
    await self.app(scope, receive, send)
  File "/opt/siap/analytics/analytics_env/lib/python3.10/site-packages/starlette/routing.py", line 66, in app
    response = await func(request)
  File "/opt/siap/analytics/analytics_env/lib/python3.10/site-packages/fastapi/routing.py", line 273, in app
    raw_response = await run_endpoint_function(
  File "/opt/siap/analytics/analytics_env/lib/python3.10/site-packages/fastapi/routing.py", line 192, in run_endpoint_function
    return await run_in_threadpool(dependant.call, **values)
  File "/opt/siap/analytics/analytics_env/lib/python3.10/site-packages/starlette/concurrency.py", line 41, in run_in_threadpool
    return await anyio.to_thread.run_sync(func, *args)
  File "/opt/siap/analytics/analytics_env/lib/python3.10/site-packages/anyio/to_thread.py", line 33, in run_sync
    return await get_asynclib().run_sync_in_worker_thread(
  File "/opt/siap/analytics/analytics_env/lib/python3.10/site-packages/anyio/_backends/_asyncio.py", line 877, in run_sync_in_worker_thread
    return await future
  File "/opt/siap/analytics/analytics_env/lib/python3.10/site-packages/anyio/_backends/_asyncio.py", line 807, in run
    result = context.run(func, *args)
  File "/opt/siap/analytics/es/router/es_visualization.py", line 15, in aqi_location_and_zonewise_classification
    logger=setup_logger(config.LOG_FILE_PATH['analytics_logs_path'],config.LOG_FILE_PATH['analytics_logs_name'])
  File "/opt/siap/analytics/utils/file_operations.py", line 90, in setup_logger
    log_filepath_with_date =  os.path.join(log_file_path+datetime.now().strftime(log_file_name+"_%Y_%m_%d.log"))
NameError: name 'datetime' is not defined
16-Feb-24 10:44:59 WARNING [basereload.py] StatReload detected changes in 'utils/file_operations.py'. Reloading...
16-Feb-24 10:44:59 INFO [server.py] Shutting down
16-Feb-24 10:44:59 INFO [on.py] Waiting for application shutdown.
16-Feb-24 10:44:59 INFO [on.py] Application shutdown complete.
16-Feb-24 10:44:59 INFO [server.py] Finished server process [1238588]
16-Feb-24 10:45:01 INFO [basereload.py] Stopping reloader process [1238430]
16-Feb-24 10:45:20 INFO [config.py] Will watch for changes in these directories: ['/opt/siap/analytics']
16-Feb-24 10:45:20 INFO [config.py] Uvicorn running on http://0.0.0.0:8000 (Press CTRL+C to quit)
16-Feb-24 10:45:20 INFO [basereload.py] Started reloader process [1238951] using StatReload
16-Feb-24 10:45:38 INFO [server.py] Started server process [1239081]
16-Feb-24 10:45:38 INFO [on.py] Waiting for application startup.
16-Feb-24 10:45:38 INFO [on.py] Application startup complete.
16-Feb-24 10:45:57 INFO [h11_impl.py] 127.0.0.1:45998 - "GET /docs HTTP/1.1" 200
16-Feb-24 10:45:57 INFO [h11_impl.py] 127.0.0.1:45998 - "GET /openapi.json HTTP/1.1" 200
16-Feb-24 10:46:29 WARNING [basereload.py] StatReload detected changes in 'cctv/analytics_cctv_config.py'. Reloading...
16-Feb-24 10:46:46 WARNING [basereload.py] StatReload detected changes in 'crime/crime_config.py'. Reloading...
16-Feb-24 10:46:54 WARNING [basereload.py] StatReload detected changes in 'es/analytics_es_config.py'. Reloading...
16-Feb-24 10:47:10 WARNING [basereload.py] StatReload detected changes in 'swm/analytics_swm_config.py'. Reloading...
16-Feb-24 10:47:30 INFO [server.py] Started server process [1239666]
16-Feb-24 10:47:30 INFO [on.py] Waiting for application startup.
16-Feb-24 10:47:30 INFO [on.py] Application startup complete.
16-Feb-24 10:47:58 WARNING [basereload.py] StatReload detected changes in 'crime/router/crime_model_fitting.py'. Reloading...
16-Feb-24 10:47:58 INFO [server.py] Shutting down
16-Feb-24 10:47:58 INFO [on.py] Waiting for application shutdown.
16-Feb-24 10:47:58 INFO [on.py] Application shutdown complete.
16-Feb-24 10:47:58 INFO [server.py] Finished server process [1239666]
16-Feb-24 10:48:17 INFO [server.py] Started server process [1239982]
16-Feb-24 10:48:17 INFO [on.py] Waiting for application startup.
16-Feb-24 10:48:17 INFO [on.py] Application startup complete.
16-Feb-24 10:49:21 WARNING [basereload.py] StatReload detected changes in 'crime/router/crime_forecasting.py'. Reloading...
16-Feb-24 10:49:21 INFO [server.py] Shutting down
16-Feb-24 10:49:21 INFO [on.py] Waiting for application shutdown.
16-Feb-24 10:49:21 INFO [on.py] Application shutdown complete.
16-Feb-24 10:49:21 INFO [server.py] Finished server process [1239982]
16-Feb-24 10:49:26 INFO [basereload.py] Stopping reloader process [1238951]
16-Feb-24 10:49:44 INFO [config.py] Will watch for changes in these directories: ['/opt/siap/analytics']
16-Feb-24 10:49:44 INFO [config.py] Uvicorn running on http://0.0.0.0:8000 (Press CTRL+C to quit)
16-Feb-24 10:49:44 INFO [basereload.py] Started reloader process [1240524] using StatReload
16-Feb-24 10:50:03 INFO [server.py] Started server process [1240670]
16-Feb-24 10:50:03 INFO [on.py] Waiting for application startup.
16-Feb-24 10:50:03 INFO [on.py] Application startup complete.
16-Feb-24 10:50:17 INFO [h11_impl.py] 127.0.0.1:42234 - "GET /docs HTTP/1.1" 200
16-Feb-24 10:50:17 INFO [h11_impl.py] 127.0.0.1:42234 - "GET /openapi.json HTTP/1.1" 200
16-Feb-24 10:55:16 WARNING [basereload.py] StatReload detected changes in 'crime/crime_config.py'. Reloading...
16-Feb-24 10:55:34 INFO [server.py] Started server process [1242761]
16-Feb-24 10:55:34 INFO [on.py] Waiting for application startup.
16-Feb-24 10:55:34 INFO [on.py] Application startup complete.
16-Feb-24 10:55:48 WARNING [basereload.py] StatReload detected changes in 'crime/crime_forecasting_model.py'. Reloading...
16-Feb-24 10:55:48 INFO [server.py] Shutting down
16-Feb-24 10:55:48 INFO [on.py] Waiting for application shutdown.
16-Feb-24 10:55:48 INFO [on.py] Application shutdown complete.
16-Feb-24 10:55:48 INFO [server.py] Finished server process [1242761]
16-Feb-24 10:56:05 INFO [server.py] Started server process [1242942]
16-Feb-24 10:56:05 INFO [on.py] Waiting for application startup.
16-Feb-24 10:56:05 INFO [on.py] Application startup complete.
16-Feb-24 11:08:58 WARNING [basereload.py] StatReload detected changes in 'crime/crime_forecasting_model.py'. Reloading...
16-Feb-24 11:08:58 INFO [server.py] Shutting down
16-Feb-24 11:08:58 INFO [on.py] Waiting for application shutdown.
16-Feb-24 11:08:58 INFO [on.py] Application shutdown complete.
16-Feb-24 11:08:58 INFO [server.py] Finished server process [1242942]
16-Feb-24 11:09:14 WARNING [basereload.py] StatReload detected changes in 'crime/router/crime_model_fitting.py'. Reloading...
16-Feb-24 11:09:32 INFO [server.py] Started server process [1246607]
16-Feb-24 11:09:32 INFO [on.py] Waiting for application startup.
16-Feb-24 11:09:32 INFO [on.py] Application startup complete.
16-Feb-24 11:09:35 WARNING [basereload.py] StatReload detected changes in 'crime/router/crime_forecasting.py'. Reloading...
16-Feb-24 11:09:35 INFO [server.py] Shutting down
16-Feb-24 11:09:35 INFO [on.py] Waiting for application shutdown.
16-Feb-24 11:09:35 INFO [on.py] Application shutdown complete.
16-Feb-24 11:09:35 INFO [server.py] Finished server process [1246607]
16-Feb-24 11:09:55 INFO [server.py] Started server process [1246665]
16-Feb-24 11:09:55 INFO [on.py] Waiting for application startup.
16-Feb-24 11:09:55 INFO [on.py] Application startup complete.
16-Feb-24 11:10:00 INFO [server.py] Shutting down
16-Feb-24 11:10:00 INFO [on.py] Waiting for application shutdown.
16-Feb-24 11:10:00 INFO [on.py] Application shutdown complete.
16-Feb-24 11:10:00 INFO [server.py] Finished server process [1246665]
16-Feb-24 11:10:00 INFO [basereload.py] Stopping reloader process [1240524]
16-Feb-24 11:10:35 INFO [config.py] Will watch for changes in these directories: ['/opt/siap/analytics']
16-Feb-24 11:10:35 INFO [config.py] Uvicorn running on http://0.0.0.0:8000 (Press CTRL+C to quit)
16-Feb-24 11:10:35 INFO [basereload.py] Started reloader process [1246844] using StatReload
16-Feb-24 11:10:52 INFO [server.py] Started server process [1246940]
16-Feb-24 11:10:52 INFO [on.py] Waiting for application startup.
16-Feb-24 11:10:52 INFO [on.py] Application startup complete.
16-Feb-24 11:10:56 INFO [h11_impl.py] 127.0.0.1:59818 - "GET /docs HTTP/1.1" 200
16-Feb-24 11:10:56 INFO [h11_impl.py] 127.0.0.1:59818 - "GET /openapi.json HTTP/1.1" 200
16-Feb-24 11:16:30 WARNING [basereload.py] StatReload detected changes in 'crime/router/crime_forecasting.py'. Reloading...
16-Feb-24 11:16:39 WARNING [basereload.py] StatReload detected changes in 'crime/router/crime_model_fitting.py'. Reloading...
16-Feb-24 11:16:59 INFO [server.py] Started server process [1248742]
16-Feb-24 11:16:59 INFO [on.py] Waiting for application startup.
16-Feb-24 11:16:59 INFO [on.py] Application startup complete.
16-Feb-24 11:19:48 WARNING [basereload.py] StatReload detected changes in 'crime/router/crime_model_fitting.py'. Reloading...
16-Feb-24 11:19:48 INFO [server.py] Shutting down
16-Feb-24 11:19:48 INFO [on.py] Waiting for application shutdown.
16-Feb-24 11:19:48 INFO [on.py] Application shutdown complete.
16-Feb-24 11:19:48 INFO [server.py] Finished server process [1248742]
16-Feb-24 11:20:08 INFO [server.py] Started server process [1250835]
16-Feb-24 11:20:08 INFO [on.py] Waiting for application startup.
16-Feb-24 11:20:08 INFO [on.py] Application startup complete.
16-Feb-24 11:21:33 WARNING [basereload.py] StatReload detected changes in 'crime/crime_forecasting_model.py'. Reloading...
16-Feb-24 11:21:33 INFO [server.py] Shutting down
16-Feb-24 11:21:33 INFO [on.py] Waiting for application shutdown.
16-Feb-24 11:21:33 INFO [on.py] Application shutdown complete.
16-Feb-24 11:21:33 INFO [server.py] Finished server process [1250835]
16-Feb-24 11:21:53 INFO [server.py] Started server process [1252010]
16-Feb-24 11:21:53 INFO [on.py] Waiting for application startup.
16-Feb-24 11:21:53 INFO [on.py] Application startup complete.
16-Feb-24 11:28:10 WARNING [basereload.py] StatReload detected changes in 'crime/crime_forecasting_model.py'. Reloading...
16-Feb-24 11:28:10 INFO [server.py] Shutting down
16-Feb-24 11:28:10 INFO [on.py] Waiting for application shutdown.
16-Feb-24 11:28:10 INFO [on.py] Application shutdown complete.
16-Feb-24 11:28:10 INFO [server.py] Finished server process [1252010]
16-Feb-24 11:28:36 INFO [server.py] Started server process [1256653]
16-Feb-24 11:28:36 INFO [on.py] Waiting for application startup.
16-Feb-24 11:28:36 INFO [on.py] Application startup complete.
16-Feb-24 11:30:11 INFO [h11_impl.py] 192.168.150.10:63711 - "GET /docs HTTP/1.1" 200
16-Feb-24 11:30:12 INFO [h11_impl.py] 192.168.150.10:63711 - "GET /openapi.json HTTP/1.1" 200
16-Feb-24 11:30:35 WARNING [basereload.py] StatReload detected changes in 'crime/crime_forecasting_model.py'. Reloading...
16-Feb-24 11:30:55 INFO [server.py] Started server process [1258302]
16-Feb-24 11:30:55 INFO [on.py] Waiting for application startup.
16-Feb-24 11:30:55 INFO [on.py] Application startup complete.
16-Feb-24 11:31:07 WARNING [basereload.py] StatReload detected changes in 'crime/crime_forecasting_model.py'. Reloading...
16-Feb-24 11:31:07 INFO [server.py] Shutting down
16-Feb-24 11:31:07 INFO [on.py] Waiting for application shutdown.
16-Feb-24 11:31:07 INFO [on.py] Application shutdown complete.
16-Feb-24 11:31:07 INFO [server.py] Finished server process [1258302]
16-Feb-24 11:31:26 INFO [server.py] Started server process [1258666]
16-Feb-24 11:31:26 INFO [on.py] Waiting for application startup.
16-Feb-24 11:31:26 INFO [on.py] Application startup complete.
16-Feb-24 11:41:19 WARNING [basereload.py] StatReload detected changes in 'cctv/analytics_cctv_config.py'. Reloading...
16-Feb-24 11:41:31 WARNING [basereload.py] StatReload detected changes in 'crime/crime_config.py'. Reloading...
16-Feb-24 11:41:48 WARNING [basereload.py] StatReload detected changes in 'es/analytics_es_config.py'. Reloading...
16-Feb-24 11:41:58 WARNING [basereload.py] StatReload detected changes in 'swm/analytics_swm_config.py'. Reloading...
16-Feb-24 11:42:16 INFO [server.py] Started server process [1265762]
16-Feb-24 11:42:16 INFO [on.py] Waiting for application startup.
16-Feb-24 11:42:16 INFO [on.py] Application startup complete.
16-Feb-24 11:45:03 WARNING [basereload.py] StatReload detected changes in 'crime/crime_forecasting_model.py'. Reloading...
16-Feb-24 11:45:03 INFO [server.py] Shutting down
16-Feb-24 11:45:03 INFO [on.py] Waiting for application shutdown.
16-Feb-24 11:45:03 INFO [on.py] Application shutdown complete.
16-Feb-24 11:45:03 INFO [server.py] Finished server process [1265762]
16-Feb-24 11:45:23 INFO [server.py] Started server process [1267808]
16-Feb-24 11:45:23 INFO [on.py] Waiting for application startup.
16-Feb-24 11:45:23 INFO [on.py] Application startup complete.
16-Feb-24 11:47:24 WARNING [basereload.py] StatReload detected changes in 'crime/crime_forecasting_model.py'. Reloading...
16-Feb-24 11:47:25 INFO [server.py] Shutting down
16-Feb-24 11:47:25 INFO [on.py] Waiting for application shutdown.
16-Feb-24 11:47:25 INFO [on.py] Application shutdown complete.
16-Feb-24 11:47:25 INFO [server.py] Finished server process [1267808]
16-Feb-24 11:47:45 INFO [server.py] Started server process [1269327]
16-Feb-24 11:47:45 INFO [on.py] Waiting for application startup.
16-Feb-24 11:47:45 INFO [on.py] Application startup complete.
16-Feb-24 11:48:44 WARNING [basereload.py] StatReload detected changes in 'crime/router/crime_model_fitting.py'. Reloading...
16-Feb-24 11:48:44 INFO [server.py] Shutting down
16-Feb-24 11:48:44 INFO [on.py] Waiting for application shutdown.
16-Feb-24 11:48:44 INFO [on.py] Application shutdown complete.
16-Feb-24 11:48:44 INFO [server.py] Finished server process [1269327]
16-Feb-24 11:49:01 WARNING [basereload.py] StatReload detected changes in 'crime/router/crime_forecasting.py'. Reloading...
16-Feb-24 11:49:18 INFO [server.py] Started server process [1270758]
16-Feb-24 11:49:18 INFO [on.py] Waiting for application startup.
16-Feb-24 11:49:18 INFO [on.py] Application startup complete.
16-Feb-24 11:56:12 WARNING [basereload.py] StatReload detected changes in 'crime/router/crime_model_fitting.py'. Reloading...
16-Feb-24 11:56:32 INFO [basereload.py] Stopping reloader process [1246844]
16-Feb-24 11:56:52 INFO [config.py] Will watch for changes in these directories: ['/opt/siap/analytics']
16-Feb-24 11:56:52 INFO [config.py] Uvicorn running on http://0.0.0.0:8000 (Press CTRL+C to quit)
16-Feb-24 11:56:52 INFO [basereload.py] Started reloader process [1278583] using StatReload
16-Feb-24 11:57:10 INFO [server.py] Started server process [1278882]
16-Feb-24 11:57:10 INFO [on.py] Waiting for application startup.
16-Feb-24 11:57:10 INFO [on.py] Application startup complete.
16-Feb-24 11:58:00 INFO [basereload.py] Stopping reloader process [1278583]
16-Feb-24 11:59:28 INFO [config.py] Will watch for changes in these directories: ['/opt/siap/analytics']
16-Feb-24 11:59:28 INFO [config.py] Uvicorn running on http://0.0.0.0:8000 (Press CTRL+C to quit)
16-Feb-24 11:59:28 INFO [basereload.py] Started reloader process [1280753] using StatReload
16-Feb-24 11:59:47 INFO [server.py] Started server process [1280932]
16-Feb-24 11:59:47 INFO [on.py] Waiting for application startup.
16-Feb-24 11:59:47 INFO [on.py] Application startup complete.
16-Feb-24 11:59:50 INFO [h11_impl.py] 127.0.0.1:49558 - "GET /docs HTTP/1.1" 200
16-Feb-24 11:59:50 INFO [h11_impl.py] 127.0.0.1:49558 - "GET /openapi.json HTTP/1.1" 200
16-Feb-24 12:00:12 INFO [h11_impl.py] 192.168.150.10:63837 - "GET /docs HTTP/1.1" 200
16-Feb-24 12:00:12 INFO [h11_impl.py] 192.168.150.10:63837 - "GET /openapi.json HTTP/1.1" 200
16-Feb-24 12:01:03 WARNING [basereload.py] StatReload detected changes in 'v1/crime/endpoints.py'. Reloading...
16-Feb-24 12:01:16 INFO [basereload.py] Stopping reloader process [1280753]
16-Feb-24 12:01:35 INFO [config.py] Will watch for changes in these directories: ['/opt/siap/analytics']
16-Feb-24 12:01:35 INFO [config.py] Uvicorn running on http://0.0.0.0:8000 (Press CTRL+C to quit)
16-Feb-24 12:01:35 INFO [basereload.py] Started reloader process [1282365] using StatReload
16-Feb-24 12:01:52 INFO [server.py] Started server process [1282578]
16-Feb-24 12:01:52 INFO [on.py] Waiting for application startup.
16-Feb-24 12:01:52 INFO [on.py] Application startup complete.
16-Feb-24 12:02:02 INFO [h11_impl.py] 127.0.0.1:41146 - "GET /docs HTTP/1.1" 200
16-Feb-24 12:02:03 INFO [h11_impl.py] 127.0.0.1:41146 - "GET /openapi.json HTTP/1.1" 200
16-Feb-24 12:05:02 WARNING [basereload.py] StatReload detected changes in 'crime/router/crime_model_fitting.py'. Reloading...
16-Feb-24 12:05:06 INFO [basereload.py] Stopping reloader process [1282365]
16-Feb-24 12:05:24 INFO [config.py] Will watch for changes in these directories: ['/opt/siap/analytics']
16-Feb-24 12:05:24 INFO [config.py] Uvicorn running on http://0.0.0.0:8000 (Press CTRL+C to quit)
16-Feb-24 12:05:24 INFO [basereload.py] Started reloader process [1285067] using StatReload
16-Feb-24 12:05:43 INFO [server.py] Started server process [1285308]
16-Feb-24 12:05:43 INFO [on.py] Waiting for application startup.
16-Feb-24 12:05:43 INFO [on.py] Application startup complete.
16-Feb-24 12:05:54 INFO [h11_impl.py] 127.0.0.1:51826 - "GET /docs HTTP/1.1" 200
16-Feb-24 12:05:55 INFO [h11_impl.py] 127.0.0.1:51826 - "GET /openapi.json HTTP/1.1" 200
16-Feb-24 12:13:31 WARNING [basereload.py] StatReload detected changes in 'crime/router/crime_model_fitting.py'. Reloading...
16-Feb-24 12:13:34 INFO [basereload.py] Stopping reloader process [1285067]
16-Feb-24 12:13:53 INFO [config.py] Will watch for changes in these directories: ['/opt/siap/analytics']
16-Feb-24 12:13:53 INFO [config.py] Uvicorn running on http://0.0.0.0:8000 (Press CTRL+C to quit)
16-Feb-24 12:13:53 INFO [basereload.py] Started reloader process [1290871] using StatReload
16-Feb-24 12:14:09 INFO [server.py] Started server process [1291133]
16-Feb-24 12:14:09 INFO [on.py] Waiting for application startup.
16-Feb-24 12:14:09 INFO [on.py] Application startup complete.
16-Feb-24 12:14:19 INFO [h11_impl.py] 127.0.0.1:49386 - "GET /docs HTTP/1.1" 200
16-Feb-24 12:14:19 INFO [h11_impl.py] 127.0.0.1:49386 - "GET /openapi.json HTTP/1.1" 200
16-Feb-24 12:18:46 WARNING [basereload.py] StatReload detected changes in 'crime/router/crime_model_fitting.py'. Reloading...
16-Feb-24 12:19:06 INFO [server.py] Started server process [1294140]
16-Feb-24 12:19:06 INFO [on.py] Waiting for application startup.
16-Feb-24 12:19:06 INFO [on.py] Application startup complete.
16-Feb-24 12:21:02 INFO [server.py] Shutting down
16-Feb-24 12:21:02 INFO [on.py] Waiting for application shutdown.
16-Feb-24 12:21:02 INFO [on.py] Application shutdown complete.
16-Feb-24 12:21:02 INFO [server.py] Finished server process [1294140]
16-Feb-24 12:21:03 INFO [basereload.py] Stopping reloader process [1290871]
16-Feb-24 12:21:21 INFO [config.py] Will watch for changes in these directories: ['/opt/siap/analytics']
16-Feb-24 12:21:21 INFO [config.py] Uvicorn running on http://0.0.0.0:8000 (Press CTRL+C to quit)
16-Feb-24 12:21:21 INFO [basereload.py] Started reloader process [1295547] using StatReload
16-Feb-24 12:21:39 INFO [server.py] Started server process [1295772]
16-Feb-24 12:21:39 INFO [on.py] Waiting for application startup.
16-Feb-24 12:21:39 INFO [on.py] Application startup complete.
16-Feb-24 12:21:48 INFO [h11_impl.py] 127.0.0.1:44432 - "GET /docs HTTP/1.1" 200
16-Feb-24 12:21:48 INFO [h11_impl.py] 127.0.0.1:44432 - "GET /openapi.json HTTP/1.1" 200
16-Feb-24 12:23:37 WARNING [basereload.py] StatReload detected changes in 'crime/crime_forecasting_model.py'. Reloading...
16-Feb-24 12:23:57 INFO [server.py] Started server process [1297261]
16-Feb-24 12:23:57 INFO [on.py] Waiting for application startup.
16-Feb-24 12:23:57 INFO [on.py] Application startup complete.
16-Feb-24 12:28:28 WARNING [basereload.py] StatReload detected changes in 'crime/crime_forecasting_model.py'. Reloading...
16-Feb-24 12:28:28 INFO [server.py] Shutting down
16-Feb-24 12:28:28 INFO [on.py] Waiting for application shutdown.
16-Feb-24 12:28:28 INFO [on.py] Application shutdown complete.
16-Feb-24 12:28:28 INFO [server.py] Finished server process [1297261]
16-Feb-24 12:28:46 INFO [server.py] Started server process [1299415]
16-Feb-24 12:28:46 INFO [on.py] Waiting for application startup.
16-Feb-24 12:28:46 INFO [on.py] Application startup complete.
16-Feb-24 12:29:34 INFO [h11_impl.py] 192.168.150.10:64021 - "GET /docs HTTP/1.1" 200
16-Feb-24 12:29:34 INFO [h11_impl.py] 192.168.150.10:64021 - "GET /openapi.json HTTP/1.1" 200
16-Feb-24 12:30:30 WARNING [basereload.py] StatReload detected changes in 'crime/crime_forecasting_model.py'. Reloading...
16-Feb-24 12:30:30 INFO [server.py] Shutting down
16-Feb-24 12:30:30 INFO [on.py] Waiting for application shutdown.
16-Feb-24 12:30:30 INFO [on.py] Application shutdown complete.
16-Feb-24 12:30:30 INFO [server.py] Finished server process [1299415]
16-Feb-24 12:30:47 INFO [server.py] Started server process [1300082]
16-Feb-24 12:30:47 INFO [on.py] Waiting for application startup.
16-Feb-24 12:30:47 INFO [on.py] Application startup complete.
16-Feb-24 12:31:54 WARNING [basereload.py] StatReload detected changes in 'crime/router/crime_model_fitting.py'. Reloading...
16-Feb-24 12:31:54 INFO [server.py] Shutting down
16-Feb-24 12:31:54 INFO [on.py] Waiting for application shutdown.
16-Feb-24 12:31:54 INFO [on.py] Application shutdown complete.
16-Feb-24 12:31:54 INFO [server.py] Finished server process [1300082]
16-Feb-24 12:31:57 INFO [basereload.py] Stopping reloader process [1295547]
16-Feb-24 12:32:28 INFO [config.py] Will watch for changes in these directories: ['/opt/siap/analytics']
16-Feb-24 12:32:28 INFO [config.py] Uvicorn running on http://0.0.0.0:8000 (Press CTRL+C to quit)
16-Feb-24 12:32:28 INFO [basereload.py] Started reloader process [1300651] using StatReload
16-Feb-24 12:32:46 INFO [server.py] Started server process [1300775]
16-Feb-24 12:32:46 INFO [on.py] Waiting for application startup.
16-Feb-24 12:32:46 INFO [on.py] Application startup complete.
16-Feb-24 12:32:58 INFO [h11_impl.py] 127.0.0.1:55500 - "GET /docs HTTP/1.1" 200
16-Feb-24 12:32:59 INFO [h11_impl.py] 127.0.0.1:55500 - "GET /openapi.json HTTP/1.1" 200
16-Feb-24 12:34:37 WARNING [basereload.py] StatReload detected changes in 'crime/router/crime_model_fitting.py'. Reloading...
16-Feb-24 12:34:40 INFO [basereload.py] Stopping reloader process [1300651]
16-Feb-24 12:34:57 INFO [config.py] Will watch for changes in these directories: ['/opt/siap/analytics']
16-Feb-24 12:34:57 INFO [config.py] Uvicorn running on http://0.0.0.0:8000 (Press CTRL+C to quit)
16-Feb-24 12:34:57 INFO [basereload.py] Started reloader process [1301456] using StatReload
16-Feb-24 12:35:16 INFO [server.py] Started server process [1301615]
16-Feb-24 12:35:16 INFO [on.py] Waiting for application startup.
16-Feb-24 12:35:16 INFO [on.py] Application startup complete.
16-Feb-24 12:35:22 INFO [h11_impl.py] 127.0.0.1:38800 - "GET /docs HTTP/1.1" 200
16-Feb-24 12:35:22 INFO [h11_impl.py] 127.0.0.1:38800 - "GET /openapi.json HTTP/1.1" 200
16-Feb-24 12:36:38 WARNING [basereload.py] StatReload detected changes in 'crime/crime_forecasting_model.py'. Reloading...
16-Feb-24 12:36:40 INFO [basereload.py] Stopping reloader process [1301456]
16-Feb-24 12:36:59 INFO [config.py] Will watch for changes in these directories: ['/opt/siap/analytics']
16-Feb-24 12:36:59 INFO [config.py] Uvicorn running on http://0.0.0.0:8000 (Press CTRL+C to quit)
16-Feb-24 12:36:59 INFO [basereload.py] Started reloader process [1302084] using StatReload
16-Feb-24 12:37:16 INFO [server.py] Started server process [1302204]
16-Feb-24 12:37:16 INFO [on.py] Waiting for application startup.
16-Feb-24 12:37:16 INFO [on.py] Application startup complete.
16-Feb-24 12:37:17 INFO [h11_impl.py] 127.0.0.1:42810 - "GET /docs HTTP/1.1" 200
16-Feb-24 12:37:17 INFO [h11_impl.py] 127.0.0.1:42810 - "GET /openapi.json HTTP/1.1" 200
16-Feb-24 12:38:42 WARNING [basereload.py] StatReload detected changes in 'crime/router/crime_model_fitting.py'. Reloading...
16-Feb-24 12:38:44 INFO [basereload.py] Stopping reloader process [1302084]
16-Feb-24 12:39:03 INFO [config.py] Will watch for changes in these directories: ['/opt/siap/analytics']
16-Feb-24 12:39:03 INFO [config.py] Uvicorn running on http://0.0.0.0:8000 (Press CTRL+C to quit)
16-Feb-24 12:39:03 INFO [basereload.py] Started reloader process [1302661] using StatReload
16-Feb-24 12:39:34 INFO [server.py] Started server process [1302959]
16-Feb-24 12:39:34 INFO [on.py] Waiting for application startup.
16-Feb-24 12:39:34 INFO [on.py] Application startup complete.
16-Feb-24 12:39:44 INFO [h11_impl.py] 127.0.0.1:58628 - "GET /docs HTTP/1.1" 200
16-Feb-24 12:39:44 INFO [h11_impl.py] 127.0.0.1:58628 - "GET /openapi.json HTTP/1.1" 200
16-Feb-24 12:56:58 WARNING [basereload.py] StatReload detected changes in 'crime/crime_forecasting_model.py'. Reloading...
16-Feb-24 12:57:13 WARNING [basereload.py] StatReload detected changes in 'crime/router/crime_model_fitting.py'. Reloading...
16-Feb-24 12:57:18 INFO [basereload.py] Stopping reloader process [1302661]
16-Feb-24 12:57:37 INFO [config.py] Will watch for changes in these directories: ['/opt/siap/analytics']
16-Feb-24 12:57:37 INFO [config.py] Uvicorn running on http://0.0.0.0:8000 (Press CTRL+C to quit)
16-Feb-24 12:57:37 INFO [basereload.py] Started reloader process [1312532] using StatReload
16-Feb-24 12:57:53 INFO [server.py] Started server process [1312748]
16-Feb-24 12:57:53 INFO [on.py] Waiting for application startup.
16-Feb-24 12:57:53 INFO [on.py] Application startup complete.
16-Feb-24 12:57:56 INFO [server.py] Shutting down
16-Feb-24 12:57:56 INFO [on.py] Waiting for application shutdown.
16-Feb-24 12:57:56 INFO [on.py] Application shutdown complete.
16-Feb-24 12:57:56 INFO [server.py] Finished server process [1312748]
16-Feb-24 12:57:56 INFO [basereload.py] Stopping reloader process [1312532]
16-Feb-24 12:58:16 INFO [config.py] Will watch for changes in these directories: ['/opt/siap/analytics']
16-Feb-24 12:58:16 INFO [config.py] Uvicorn running on http://0.0.0.0:8000 (Press CTRL+C to quit)
16-Feb-24 12:58:16 INFO [basereload.py] Started reloader process [1312936] using StatReload
16-Feb-24 12:58:26 INFO [basereload.py] Stopping reloader process [1312936]
16-Feb-24 13:12:51 INFO [config.py] Will watch for changes in these directories: ['/opt/siap/analytics']
16-Feb-24 13:12:51 INFO [config.py] Uvicorn running on http://0.0.0.0:8000 (Press CTRL+C to quit)
16-Feb-24 13:12:51 INFO [basereload.py] Started reloader process [1321782] using StatReload
16-Feb-24 13:13:07 INFO [server.py] Started server process [1321958]
16-Feb-24 13:13:07 INFO [on.py] Waiting for application startup.
16-Feb-24 13:13:07 INFO [on.py] Application startup complete.
16-Feb-24 13:13:57 INFO [server.py] Shutting down
16-Feb-24 13:13:57 INFO [on.py] Waiting for application shutdown.
16-Feb-24 13:13:57 INFO [on.py] Application shutdown complete.
16-Feb-24 13:13:57 INFO [server.py] Finished server process [1321958]
16-Feb-24 13:13:57 INFO [basereload.py] Stopping reloader process [1321782]
16-Feb-24 14:13:01 INFO [config.py] Will watch for changes in these directories: ['/opt/siap/analytics']
16-Feb-24 14:13:01 INFO [config.py] Uvicorn running on http://0.0.0.0:8000 (Press CTRL+C to quit)
16-Feb-24 14:13:01 INFO [basereload.py] Started reloader process [1347872] using StatReload
16-Feb-24 14:13:20 INFO [server.py] Started server process [1347979]
16-Feb-24 14:13:20 INFO [on.py] Waiting for application startup.
16-Feb-24 14:13:20 INFO [on.py] Application startup complete.
16-Feb-24 14:13:23 INFO [h11_impl.py] 127.0.0.1:49112 - "GET /docs HTTP/1.1" 200
16-Feb-24 14:13:23 INFO [h11_impl.py] 127.0.0.1:49112 - "GET /openapi.json HTTP/1.1" 200
16-Feb-24 14:14:30 WARNING [basereload.py] StatReload detected changes in 'crime/router/crime_forecasting.py'. Reloading...
16-Feb-24 14:14:48 INFO [server.py] Started server process [1348251]
16-Feb-24 14:14:48 INFO [on.py] Waiting for application startup.
16-Feb-24 14:14:48 INFO [on.py] Application startup complete.
16-Feb-24 14:15:29 INFO [server.py] Shutting down
16-Feb-24 14:15:29 INFO [on.py] Waiting for application shutdown.
16-Feb-24 14:15:29 INFO [on.py] Application shutdown complete.
16-Feb-24 14:15:29 INFO [server.py] Finished server process [1348251]
16-Feb-24 14:15:30 INFO [basereload.py] Stopping reloader process [1347872]
16-Feb-24 14:15:48 INFO [config.py] Will watch for changes in these directories: ['/opt/siap/analytics']
16-Feb-24 14:15:48 INFO [config.py] Uvicorn running on http://0.0.0.0:8000 (Press CTRL+C to quit)
16-Feb-24 14:15:48 INFO [basereload.py] Started reloader process [1348452] using StatReload
16-Feb-24 14:16:07 INFO [server.py] Started server process [1348550]
16-Feb-24 14:16:07 INFO [on.py] Waiting for application startup.
16-Feb-24 14:16:07 INFO [on.py] Application startup complete.
16-Feb-24 14:16:19 INFO [h11_impl.py] 127.0.0.1:58156 - "GET /docs HTTP/1.1" 200
16-Feb-24 14:16:19 INFO [h11_impl.py] 127.0.0.1:58156 - "GET /openapi.json HTTP/1.1" 200
16-Feb-24 14:17:47 WARNING [basereload.py] StatReload detected changes in 'crime/router/crime_forecasting.py'. Reloading...
16-Feb-24 14:17:50 INFO [basereload.py] Stopping reloader process [1348452]
16-Feb-24 14:18:09 INFO [config.py] Will watch for changes in these directories: ['/opt/siap/analytics']
16-Feb-24 14:18:09 INFO [config.py] Uvicorn running on http://0.0.0.0:8000 (Press CTRL+C to quit)
16-Feb-24 14:18:09 INFO [basereload.py] Started reloader process [1348936] using StatReload
16-Feb-24 14:18:27 INFO [server.py] Started server process [1349051]
16-Feb-24 14:18:27 INFO [on.py] Waiting for application startup.
16-Feb-24 14:18:27 INFO [on.py] Application startup complete.
16-Feb-24 14:18:41 INFO [h11_impl.py] 127.0.0.1:50684 - "GET /docs HTTP/1.1" 200
16-Feb-24 14:18:42 INFO [h11_impl.py] 127.0.0.1:50684 - "GET /openapi.json HTTP/1.1" 200
16-Feb-24 14:19:47 WARNING [basereload.py] StatReload detected changes in 'crime/router/crime_forecasting.py'. Reloading...
16-Feb-24 14:19:50 INFO [basereload.py] Stopping reloader process [1348936]
16-Feb-24 14:20:08 INFO [config.py] Will watch for changes in these directories: ['/opt/siap/analytics']
16-Feb-24 14:20:08 INFO [config.py] Uvicorn running on http://0.0.0.0:8000 (Press CTRL+C to quit)
16-Feb-24 14:20:08 INFO [basereload.py] Started reloader process [1349405] using StatReload
16-Feb-24 14:20:28 INFO [server.py] Started server process [1349527]
16-Feb-24 14:20:28 INFO [on.py] Waiting for application startup.
16-Feb-24 14:20:28 INFO [on.py] Application startup complete.
16-Feb-24 14:20:35 INFO [h11_impl.py] 127.0.0.1:58700 - "GET /docs HTTP/1.1" 200
16-Feb-24 14:20:35 INFO [h11_impl.py] 127.0.0.1:58700 - "GET /openapi.json HTTP/1.1" 200
16-Feb-24 14:22:09 WARNING [basereload.py] StatReload detected changes in 'crime/crime_forecasting_model.py'. Reloading...
16-Feb-24 14:22:11 INFO [basereload.py] Stopping reloader process [1349405]
16-Feb-24 14:22:29 INFO [config.py] Will watch for changes in these directories: ['/opt/siap/analytics']
16-Feb-24 14:22:29 INFO [config.py] Uvicorn running on http://0.0.0.0:8000 (Press CTRL+C to quit)
16-Feb-24 14:22:29 INFO [basereload.py] Started reloader process [1349971] using StatReload
16-Feb-24 14:22:49 INFO [server.py] Started server process [1350053]
16-Feb-24 14:22:49 INFO [on.py] Waiting for application startup.
16-Feb-24 14:22:49 INFO [on.py] Application startup complete.
16-Feb-24 14:22:54 INFO [h11_impl.py] 127.0.0.1:52168 - "GET /docs HTTP/1.1" 200
16-Feb-24 14:22:54 INFO [h11_impl.py] 127.0.0.1:52168 - "GET /openapi.json HTTP/1.1" 200
16-Feb-24 14:37:39 WARNING [basereload.py] StatReload detected changes in 'crime/router/crime_model_fitting.py'. Reloading...
16-Feb-24 14:41:11 WARNING [basereload.py] StatReload detected changes in 'crime/router/crime_forecasting.py'. Reloading...
16-Feb-24 14:42:29 WARNING [basereload.py] StatReload detected changes in 'v1/crime/endpoints.py'. Reloading...
16-Feb-24 14:43:23 WARNING [basereload.py] StatReload detected changes in 'v1/crime/endpoints.py'. Reloading...
16-Feb-24 14:43:34 WARNING [basereload.py] StatReload detected changes in 'crime/router/crime_forecasting.py'. Reloading...
16-Feb-24 14:43:44 WARNING [basereload.py] StatReload detected changes in 'v1/crime/endpoints.py'. Reloading...
16-Feb-24 14:43:52 INFO [basereload.py] Stopping reloader process [1349971]
16-Feb-24 14:44:14 INFO [config.py] Will watch for changes in these directories: ['/opt/siap/analytics']
16-Feb-24 14:44:14 INFO [config.py] Uvicorn running on http://0.0.0.0:8000 (Press CTRL+C to quit)
16-Feb-24 14:44:14 INFO [basereload.py] Started reloader process [1359544] using StatReload
16-Feb-24 14:44:33 INFO [server.py] Started server process [1359751]
16-Feb-24 14:44:33 INFO [on.py] Waiting for application startup.
16-Feb-24 14:44:33 INFO [on.py] Application startup complete.
16-Feb-24 14:44:37 INFO [server.py] Shutting down
16-Feb-24 14:44:37 INFO [on.py] Waiting for application shutdown.
16-Feb-24 14:44:37 INFO [on.py] Application shutdown complete.
16-Feb-24 14:44:37 INFO [server.py] Finished server process [1359751]
16-Feb-24 14:44:38 INFO [basereload.py] Stopping reloader process [1359544]
16-Feb-24 17:14:51 INFO [config.py] Will watch for changes in these directories: ['/opt/siap/analytics']
16-Feb-24 17:14:51 INFO [config.py] Uvicorn running on http://0.0.0.0:8000 (Press CTRL+C to quit)
16-Feb-24 17:14:51 INFO [basereload.py] Started reloader process [1433741] using StatReload
16-Feb-24 17:15:10 INFO [server.py] Started server process [1433939]
16-Feb-24 17:15:10 INFO [on.py] Waiting for application startup.
16-Feb-24 17:15:10 INFO [on.py] Application startup complete.
16-Feb-24 17:15:14 INFO [server.py] Shutting down
16-Feb-24 17:15:14 INFO [on.py] Waiting for application shutdown.
16-Feb-24 17:15:14 INFO [on.py] Application shutdown complete.
16-Feb-24 17:15:14 INFO [server.py] Finished server process [1433939]
16-Feb-24 17:15:14 INFO [basereload.py] Stopping reloader process [1433741]
16-Feb-24 17:15:41 INFO [config.py] Will watch for changes in these directories: ['/opt/siap/analytics']
16-Feb-24 17:15:41 INFO [config.py] Uvicorn running on http://0.0.0.0:8000 (Press CTRL+C to quit)
16-Feb-24 17:15:41 INFO [basereload.py] Started reloader process [1434264] using StatReload
16-Feb-24 17:15:58 INFO [server.py] Started server process [1434465]
16-Feb-24 17:15:58 INFO [on.py] Waiting for application startup.
16-Feb-24 17:15:58 INFO [on.py] Application startup complete.
16-Feb-24 17:17:11 INFO [server.py] Shutting down
16-Feb-24 17:17:11 INFO [on.py] Waiting for application shutdown.
16-Feb-24 17:17:11 INFO [on.py] Application shutdown complete.
16-Feb-24 17:17:11 INFO [server.py] Finished server process [1434465]
16-Feb-24 17:17:12 INFO [basereload.py] Stopping reloader process [1434264]
16-Feb-24 17:17:31 INFO [config.py] Will watch for changes in these directories: ['/opt/siap/analytics']
16-Feb-24 17:17:31 INFO [config.py] Uvicorn running on http://0.0.0.0:8000 (Press CTRL+C to quit)
16-Feb-24 17:17:31 INFO [basereload.py] Started reloader process [1435264] using StatReload
16-Feb-24 17:17:32 INFO [basereload.py] Stopping reloader process [1435264]
16-Feb-24 19:01:11 INFO [config.py] Will watch for changes in these directories: ['/opt/siap/analytics']
16-Feb-24 19:01:11 INFO [config.py] Uvicorn running on http://0.0.0.0:8000 (Press CTRL+C to quit)
16-Feb-24 19:01:11 INFO [basereload.py] Started reloader process [1467858] using StatReload
16-Feb-24 19:01:27 INFO [server.py] Started server process [1467955]
16-Feb-24 19:01:27 INFO [on.py] Waiting for application startup.
16-Feb-24 19:01:27 INFO [on.py] Application startup complete.
16-Feb-24 19:01:54 INFO [server.py] Shutting down
16-Feb-24 19:01:54 INFO [on.py] Waiting for application shutdown.
16-Feb-24 19:01:54 INFO [on.py] Application shutdown complete.
16-Feb-24 19:01:54 INFO [server.py] Finished server process [1467955]
16-Feb-24 19:01:54 INFO [basereload.py] Stopping reloader process [1467858]
