24-Apr-24 16:53:08 INFO [config.py] Will watch for changes in these directories: ['/opt/siap/analytics']
24-Apr-24 16:53:08 INFO [config.py] Uvicorn running on https://0.0.0.0:8000 (Press CTRL+C to quit)
24-Apr-24 16:53:08 INFO [basereload.py] Started reloader process [3182039] using StatReload
24-Apr-24 16:54:00 INFO [server.py] Started server process [3182413]
24-Apr-24 16:54:00 INFO [on.py] Waiting for application startup.
24-Apr-24 16:54:00 INFO [on.py] Application startup complete.
24-Apr-24 17:32:48 WARNING [basereload.py] StatReload detected changes in 'ahu/ahu_model.py'. Reloading...
24-Apr-24 17:32:48 INFO [server.py] Shutting down
24-Apr-24 17:32:48 INFO [on.py] Waiting for application shutdown.
24-Apr-24 17:32:48 INFO [on.py] Application shutdown complete.
24-Apr-24 17:32:48 INFO [server.py] Finished server process [3182413]
24-Apr-24 17:33:40 INFO [server.py] Started server process [3193227]
24-Apr-24 17:33:40 INFO [on.py] Waiting for application startup.
24-Apr-24 17:33:40 INFO [on.py] Application startup complete.
24-Apr-24 17:39:07 WARNING [basereload.py] StatReload detected changes in 'ahu/ahu_config.py'. Reloading...
24-Apr-24 17:39:07 INFO [server.py] Shutting down
24-Apr-24 17:39:07 INFO [on.py] Waiting for application shutdown.
24-Apr-24 17:39:07 INFO [on.py] Application shutdown complete.
24-Apr-24 17:39:07 INFO [server.py] Finished server process [3193227]
24-Apr-24 17:40:00 INFO [server.py] Started server process [3194399]
24-Apr-24 17:40:00 INFO [on.py] Waiting for application startup.
24-Apr-24 17:40:00 INFO [on.py] Application startup complete.
24-Apr-24 17:54:36 WARNING [basereload.py] StatReload detected changes in 'v1/ahu/endpoints.py'. Reloading...
24-Apr-24 17:54:36 INFO [server.py] Shutting down
24-Apr-24 17:54:36 INFO [on.py] Waiting for application shutdown.
24-Apr-24 17:54:36 INFO [on.py] Application shutdown complete.
24-Apr-24 17:54:36 INFO [server.py] Finished server process [3194399]
24-Apr-24 17:54:47 WARNING [basereload.py] StatReload detected changes in 'ahu/router/ahu_anomaly_detection.py'. Reloading...
24-Apr-24 17:55:39 INFO [server.py] Started server process [3197299]
24-Apr-24 17:55:39 INFO [on.py] Waiting for application startup.
24-Apr-24 17:55:39 INFO [on.py] Application startup complete.
24-Apr-24 17:56:10 WARNING [basereload.py] StatReload detected changes in 'ahu/ahu_config.py'. Reloading...
24-Apr-24 17:56:10 INFO [server.py] Shutting down
24-Apr-24 17:56:10 INFO [on.py] Waiting for application shutdown.
24-Apr-24 17:56:10 INFO [on.py] Application shutdown complete.
24-Apr-24 17:56:10 INFO [server.py] Finished server process [3197299]
24-Apr-24 17:56:58 WARNING [basereload.py] StatReload detected changes in 'ahu/router/ahu_anomaly_detection.py'. Reloading...
24-Apr-24 17:57:53 INFO [server.py] Started server process [3197608]
24-Apr-24 17:57:53 INFO [on.py] Waiting for application startup.
24-Apr-24 17:57:53 INFO [on.py] Application startup complete.
24-Apr-24 17:58:36 WARNING [basereload.py] StatReload detected changes in 'main.py'. Reloading...
24-Apr-24 17:58:36 INFO [server.py] Shutting down
24-Apr-24 17:58:37 INFO [on.py] Waiting for application shutdown.
24-Apr-24 17:58:37 INFO [on.py] Application shutdown complete.
24-Apr-24 17:58:37 INFO [server.py] Finished server process [3197608]
24-Apr-24 17:59:26 INFO [server.py] Started server process [3197918]
24-Apr-24 17:59:26 INFO [on.py] Waiting for application startup.
24-Apr-24 17:59:26 INFO [on.py] Application startup complete.
24-Apr-24 17:59:26 INFO [h11_impl.py] 192.168.150.10:53412 - "GET /docs HTTP/1.1" 200
24-Apr-24 17:59:26 INFO [h11_impl.py] 192.168.150.10:53412 - "GET /openapi.json HTTP/1.1" 200
24-Apr-24 18:00:20 INFO [h11_impl.py] 192.168.150.10:53437 - "GET /docs HTTP/1.1" 200
24-Apr-24 18:00:20 INFO [h11_impl.py] 192.168.150.10:53437 - "GET /openapi.json HTTP/1.1" 200
24-Apr-24 18:00:53 INFO [config.py] Will watch for changes in these directories: ['/opt/siap/analytics']
24-Apr-24 18:00:53 ERROR [config.py] [Errno 98] Address already in use
24-Apr-24 18:01:19 WARNING [basereload.py] StatReload detected changes in 'v1/ahu/endpoints.py'. Reloading...
24-Apr-24 18:01:19 INFO [server.py] Shutting down
24-Apr-24 18:01:19 INFO [on.py] Waiting for application shutdown.
24-Apr-24 18:01:19 INFO [on.py] Application shutdown complete.
24-Apr-24 18:01:19 INFO [server.py] Finished server process [3197918]
24-Apr-24 18:02:19 INFO [server.py] Started server process [3198563]
24-Apr-24 18:02:19 INFO [on.py] Waiting for application startup.
24-Apr-24 18:02:19 INFO [on.py] Application startup complete.
24-Apr-24 18:02:20 INFO [h11_impl.py] 192.168.150.10:53492 - "GET /docs HTTP/1.1" 200
24-Apr-24 18:02:20 INFO [h11_impl.py] 192.168.150.10:53492 - "GET /openapi.json HTTP/1.1" 200
24-Apr-24 18:02:47 INFO [config.py] Will watch for changes in these directories: ['/opt/siap/analytics']
24-Apr-24 18:02:47 ERROR [config.py] [Errno 98] Address already in use
24-Apr-24 18:03:41 WARNING [basereload.py] StatReload detected changes in 'v1/ahu/endpoints.py'. Reloading...
24-Apr-24 18:03:41 INFO [server.py] Shutting down
24-Apr-24 18:03:42 INFO [on.py] Waiting for application shutdown.
24-Apr-24 18:03:42 INFO [on.py] Application shutdown complete.
24-Apr-24 18:03:42 INFO [server.py] Finished server process [3198563]
24-Apr-24 18:04:33 INFO [server.py] Started server process [3199082]
24-Apr-24 18:04:33 INFO [on.py] Waiting for application startup.
24-Apr-24 18:04:33 INFO [on.py] Application startup complete.
24-Apr-24 18:04:33 INFO [h11_impl.py] 192.168.150.10:53552 - "GET /docs HTTP/1.1" 200
24-Apr-24 18:04:34 INFO [h11_impl.py] 192.168.150.10:53552 - "GET /openapi.json HTTP/1.1" 200
24-Apr-24 18:14:59 WARNING [basereload.py] StatReload detected changes in 'ahu/router/ahu_anomaly_detection.py'. Reloading...
24-Apr-24 18:15:49 INFO [server.py] Started server process [3200870]
24-Apr-24 18:15:49 INFO [on.py] Waiting for application startup.
24-Apr-24 18:15:49 INFO [on.py] Application startup complete.
24-Apr-24 18:15:49 INFO [h11_impl.py] 192.168.150.10:53801 - "GET /docs HTTP/1.1" 200
24-Apr-24 18:15:49 INFO [h11_impl.py] 192.168.150.10:53801 - "GET /openapi.json HTTP/1.1" 200
24-Apr-24 18:20:05 WARNING [basereload.py] StatReload detected changes in 'ahu/router/ahu_anomaly_detection.py'. Reloading...
24-Apr-24 18:20:54 INFO [server.py] Started server process [3201844]
24-Apr-24 18:20:54 INFO [on.py] Waiting for application startup.
24-Apr-24 18:20:54 INFO [on.py] Application startup complete.
24-Apr-24 18:23:28 WARNING [basereload.py] StatReload detected changes in 'ahu/ahu_model.py'. Reloading...
24-Apr-24 18:23:28 INFO [server.py] Shutting down
24-Apr-24 18:23:28 INFO [on.py] Waiting for application shutdown.
24-Apr-24 18:23:28 INFO [on.py] Application shutdown complete.
24-Apr-24 18:23:28 INFO [server.py] Finished server process [3201844]
24-Apr-24 18:24:35 INFO [server.py] Started server process [3202381]
24-Apr-24 18:24:35 INFO [on.py] Waiting for application startup.
24-Apr-24 18:24:35 INFO [on.py] Application startup complete.
24-Apr-24 18:24:43 INFO [config.py] Will watch for changes in these directories: ['/opt/siap/analytics']
24-Apr-24 18:24:43 ERROR [config.py] [Errno 98] Address already in use
24-Apr-24 18:26:08 INFO [h11_impl.py] 192.168.150.10:54024 - "GET /docs HTTP/1.1" 200
24-Apr-24 18:26:08 INFO [h11_impl.py] 192.168.150.10:54024 - "GET /openapi.json HTTP/1.1" 200
