02-Apr-24 10:24:37 INFO [config.py] Will watch for changes in these directories: ['/opt/siap/analytics']
02-Apr-24 10:24:37 INFO [config.py] Uvicorn running on https://0.0.0.0:8000 (Press CTRL+C to quit)
02-Apr-24 10:24:37 INFO [basereload.py] Started reloader process [530413] using StatReload
02-Apr-24 10:25:21 INFO [server.py] Started server process [530606]
02-Apr-24 10:25:21 INFO [on.py] Waiting for application startup.
02-Apr-24 10:25:21 INFO [on.py] Application startup complete.
02-Apr-24 10:32:56 INFO [h11_impl.py] 192.168.150.12:55623 - "GET /docs HTTP/1.1" 200
02-Apr-24 10:32:57 INFO [h11_impl.py] 192.168.150.12:55623 - "GET /openapi.json HTTP/1.1" 200
02-Apr-24 10:33:33 INFO [server.py] Shutting down
02-Apr-24 10:33:34 INFO [server.py] Waiting for connections to close. (CTRL+C to force quit)
02-Apr-24 10:35:15 INFO [config.py] Will watch for changes in these directories: ['/opt/siap/analytics']
02-Apr-24 10:35:15 ERROR [config.py] [Errno 98] Address already in use
02-Apr-24 10:37:42 INFO [on.py] Waiting for application shutdown.
02-Apr-24 10:37:42 INFO [on.py] Application shutdown complete.
02-Apr-24 10:37:42 INFO [server.py] Finished server process [530606]
02-Apr-24 10:37:44 INFO [basereload.py] Stopping reloader process [530413]
02-Apr-24 10:43:49 INFO [config.py] Will watch for changes in these directories: ['/opt/siap/analytics']
02-Apr-24 10:43:49 INFO [config.py] Uvicorn running on https://0.0.0.0:8000 (Press CTRL+C to quit)
02-Apr-24 10:43:49 INFO [basereload.py] Started reloader process [535496] using StatReload
02-Apr-24 10:44:33 INFO [server.py] Started server process [535666]
02-Apr-24 10:44:33 INFO [on.py] Waiting for application startup.
02-Apr-24 10:44:33 INFO [on.py] Application startup complete.
02-Apr-24 10:46:38 INFO [h11_impl.py] 192.168.150.12:55748 - "GET /docs HTTP/1.1" 200
02-Apr-24 10:46:38 INFO [h11_impl.py] 192.168.150.12:55748 - "GET /openapi.json HTTP/1.1" 200
02-Apr-24 11:10:58 INFO [basereload.py] Stopping reloader process [535496]
02-Apr-24 11:12:34 INFO [config.py] Will watch for changes in these directories: ['/opt/siap/analytics']
02-Apr-24 11:12:34 INFO [config.py] Uvicorn running on https://0.0.0.0:8000 (Press CTRL+C to quit)
02-Apr-24 11:12:34 INFO [basereload.py] Started reloader process [541484] using StatReload
02-Apr-24 11:13:22 INFO [server.py] Started server process [541681]
02-Apr-24 11:13:22 INFO [on.py] Waiting for application startup.
02-Apr-24 11:13:22 INFO [on.py] Application startup complete.
02-Apr-24 11:13:48 INFO [h11_impl.py] 192.168.150.14:60438 - "GET /docs HTTP/1.1" 200
02-Apr-24 11:13:48 INFO [h11_impl.py] 192.168.150.14:60438 - "GET /openapi.json HTTP/1.1" 200
02-Apr-24 11:25:15 INFO [basereload.py] Stopping reloader process [541484]
02-Apr-24 11:27:01 INFO [config.py] Will watch for changes in these directories: ['/opt/siap/analytics']
02-Apr-24 11:27:01 INFO [config.py] Uvicorn running on https://0.0.0.0:8000 (Press CTRL+C to quit)
02-Apr-24 11:27:01 INFO [basereload.py] Started reloader process [548731] using StatReload
02-Apr-24 11:27:47 INFO [server.py] Started server process [548912]
02-Apr-24 11:27:47 INFO [on.py] Waiting for application startup.
02-Apr-24 11:27:47 INFO [on.py] Application startup complete.
02-Apr-24 11:28:51 INFO [h11_impl.py] 192.168.150.14:61015 - "GET /docs HTTP/1.1" 200
02-Apr-24 11:28:51 INFO [h11_impl.py] 192.168.150.14:61015 - "GET /openapi.json HTTP/1.1" 200
02-Apr-24 11:54:08 INFO [basereload.py] Stopping reloader process [548731]
02-Apr-24 11:56:02 INFO [config.py] Will watch for changes in these directories: ['/opt/siap/analytics']
02-Apr-24 11:56:02 INFO [config.py] Uvicorn running on https://0.0.0.0:8000 (Press CTRL+C to quit)
02-Apr-24 11:56:02 INFO [basereload.py] Started reloader process [562343] using StatReload
02-Apr-24 11:56:47 INFO [server.py] Started server process [562430]
02-Apr-24 11:56:47 INFO [on.py] Waiting for application startup.
02-Apr-24 11:56:47 INFO [on.py] Application startup complete.
02-Apr-24 11:57:27 INFO [h11_impl.py] 192.168.150.14:62265 - "GET /docs HTTP/1.1" 200
02-Apr-24 11:57:28 INFO [h11_impl.py] 192.168.150.14:62265 - "GET /openapi.json HTTP/1.1" 200
02-Apr-24 12:29:06 INFO [basereload.py] Stopping reloader process [562343]
02-Apr-24 12:31:01 INFO [config.py] Will watch for changes in these directories: ['/opt/siap/analytics']
02-Apr-24 12:31:01 INFO [config.py] Uvicorn running on https://0.0.0.0:8000 (Press CTRL+C to quit)
02-Apr-24 12:31:01 INFO [basereload.py] Started reloader process [579219] using StatReload
02-Apr-24 12:31:47 INFO [server.py] Started server process [579409]
02-Apr-24 12:31:47 INFO [on.py] Waiting for application startup.
02-Apr-24 12:31:47 INFO [on.py] Application startup complete.
02-Apr-24 12:32:45 INFO [h11_impl.py] 192.168.150.14:63797 - "GET /docs HTTP/1.1" 200
02-Apr-24 12:32:45 INFO [h11_impl.py] 192.168.150.14:63797 - "GET /openapi.json HTTP/1.1" 200
02-Apr-24 12:53:35 INFO [basereload.py] Stopping reloader process [579219]
02-Apr-24 12:55:31 INFO [config.py] Will watch for changes in these directories: ['/opt/siap/analytics']
02-Apr-24 12:55:31 INFO [config.py] Uvicorn running on https://0.0.0.0:8000 (Press CTRL+C to quit)
02-Apr-24 12:55:31 INFO [basereload.py] Started reloader process [594874] using StatReload
02-Apr-24 12:56:23 INFO [server.py] Started server process [595565]
02-Apr-24 12:56:23 INFO [on.py] Waiting for application startup.
02-Apr-24 12:56:23 INFO [on.py] Application startup complete.
02-Apr-24 13:16:10 INFO [basereload.py] Stopping reloader process [594874]
02-Apr-24 13:20:36 INFO [config.py] Will watch for changes in these directories: ['/opt/siap/analytics']
02-Apr-24 13:20:36 INFO [config.py] Uvicorn running on https://0.0.0.0:8000 (Press CTRL+C to quit)
02-Apr-24 13:20:36 INFO [basereload.py] Started reloader process [603172] using StatReload
02-Apr-24 13:21:42 INFO [server.py] Started server process [603657]
02-Apr-24 13:21:42 INFO [on.py] Waiting for application startup.
02-Apr-24 13:21:42 INFO [on.py] Application startup complete.
02-Apr-24 13:24:58 INFO [server.py] Shutting down
02-Apr-24 13:24:59 INFO [server.py] Finished server process [603657]
02-Apr-24 13:24:59 ERROR [on.py] Traceback (most recent call last):
  File "/opt/siap/analytics/analytics_env/lib/python3.10/site-packages/starlette/routing.py", line 686, in lifespan
    await receive()
  File "/opt/siap/analytics/analytics_env/lib/python3.10/site-packages/uvicorn/lifespan/on.py", line 137, in receive
    return await self.receive_queue.get()
  File "/usr/lib/python3.10/asyncio/queues.py", line 159, in get
    await getter
asyncio.exceptions.CancelledError

02-Apr-24 13:25:01 INFO [basereload.py] Stopping reloader process [603172]
02-Apr-24 13:27:13 INFO [config.py] Will watch for changes in these directories: ['/opt/siap/analytics']
02-Apr-24 13:27:13 INFO [config.py] Uvicorn running on https://0.0.0.0:8000 (Press CTRL+C to quit)
02-Apr-24 13:27:13 INFO [basereload.py] Started reloader process [606798] using StatReload
02-Apr-24 13:28:18 INFO [server.py] Started server process [607046]
02-Apr-24 13:28:18 INFO [on.py] Waiting for application startup.
02-Apr-24 13:28:18 INFO [on.py] Application startup complete.
02-Apr-24 13:29:42 INFO [server.py] Shutting down
02-Apr-24 13:29:42 INFO [on.py] Waiting for application shutdown.
02-Apr-24 13:29:42 INFO [on.py] Application shutdown complete.
02-Apr-24 13:29:42 INFO [server.py] Finished server process [607046]
02-Apr-24 13:29:44 INFO [basereload.py] Stopping reloader process [606798]
02-Apr-24 13:31:48 INFO [config.py] Will watch for changes in these directories: ['/opt/siap/analytics']
02-Apr-24 13:31:48 INFO [config.py] Uvicorn running on https://0.0.0.0:8000 (Press CTRL+C to quit)
02-Apr-24 13:31:48 INFO [basereload.py] Started reloader process [609132] using StatReload
02-Apr-24 13:32:46 INFO [server.py] Started server process [609481]
02-Apr-24 13:32:46 INFO [on.py] Waiting for application startup.
02-Apr-24 13:32:46 INFO [on.py] Application startup complete.
02-Apr-24 13:42:25 INFO [basereload.py] Stopping reloader process [609132]
02-Apr-24 13:44:29 INFO [config.py] Will watch for changes in these directories: ['/opt/siap/analytics']
02-Apr-24 13:44:29 INFO [config.py] Uvicorn running on https://0.0.0.0:8000 (Press CTRL+C to quit)
02-Apr-24 13:44:29 INFO [basereload.py] Started reloader process [615350] using StatReload
02-Apr-24 13:45:25 INFO [server.py] Started server process [615940]
02-Apr-24 13:45:25 INFO [on.py] Waiting for application startup.
02-Apr-24 13:45:25 INFO [on.py] Application startup complete.
02-Apr-24 13:48:42 INFO [server.py] Shutting down
02-Apr-24 13:48:42 INFO [on.py] Waiting for application shutdown.
02-Apr-24 13:48:42 INFO [on.py] Application shutdown complete.
02-Apr-24 13:48:42 INFO [server.py] Finished server process [615940]
02-Apr-24 13:48:43 INFO [basereload.py] Stopping reloader process [615350]
02-Apr-24 13:50:48 INFO [config.py] Will watch for changes in these directories: ['/opt/siap/analytics']
02-Apr-24 13:50:48 INFO [config.py] Uvicorn running on https://0.0.0.0:8000 (Press CTRL+C to quit)
02-Apr-24 13:50:48 INFO [basereload.py] Started reloader process [617805] using StatReload
02-Apr-24 13:51:57 INFO [server.py] Started server process [618192]
02-Apr-24 13:51:57 INFO [on.py] Waiting for application startup.
02-Apr-24 13:51:57 INFO [on.py] Application startup complete.
02-Apr-24 13:53:38 INFO [basereload.py] Stopping reloader process [617805]
02-Apr-24 13:56:16 INFO [config.py] Will watch for changes in these directories: ['/opt/siap/analytics']
02-Apr-24 13:56:16 INFO [config.py] Uvicorn running on https://0.0.0.0:8000 (Press CTRL+C to quit)
02-Apr-24 13:56:16 INFO [basereload.py] Started reloader process [621532] using StatReload
02-Apr-24 13:56:18 INFO [basereload.py] Stopping reloader process [621532]
02-Apr-24 13:57:58 INFO [config.py] Will watch for changes in these directories: ['/opt/siap/analytics']
02-Apr-24 13:57:58 INFO [config.py] Uvicorn running on https://0.0.0.0:8000 (Press CTRL+C to quit)
02-Apr-24 13:57:58 INFO [basereload.py] Started reloader process [622763] using StatReload
02-Apr-24 13:59:01 INFO [server.py] Started server process [623475]
02-Apr-24 13:59:01 INFO [on.py] Waiting for application startup.
02-Apr-24 13:59:01 INFO [on.py] Application startup complete.
02-Apr-24 14:34:14 INFO [basereload.py] Stopping reloader process [622763]
02-Apr-24 14:39:33 INFO [config.py] Will watch for changes in these directories: ['/opt/siap/analytics']
02-Apr-24 14:39:33 INFO [config.py] Uvicorn running on https://0.0.0.0:8000 (Press CTRL+C to quit)
02-Apr-24 14:39:33 INFO [basereload.py] Started reloader process [636072] using StatReload
02-Apr-24 14:40:40 INFO [server.py] Started server process [636791]
02-Apr-24 14:40:40 INFO [on.py] Waiting for application startup.
02-Apr-24 14:40:40 INFO [on.py] Application startup complete.
02-Apr-24 14:50:13 INFO [basereload.py] Stopping reloader process [636072]
02-Apr-24 14:51:58 INFO [config.py] Will watch for changes in these directories: ['/opt/siap/analytics']
02-Apr-24 14:51:58 INFO [config.py] Uvicorn running on https://0.0.0.0:8000 (Press CTRL+C to quit)
02-Apr-24 14:51:58 INFO [basereload.py] Started reloader process [646925] using StatReload
02-Apr-24 14:52:55 INFO [server.py] Started server process [647639]
02-Apr-24 14:52:55 INFO [on.py] Waiting for application startup.
02-Apr-24 14:52:55 INFO [on.py] Application startup complete.
02-Apr-24 14:54:27 INFO [basereload.py] Stopping reloader process [646925]
02-Apr-24 14:55:57 INFO [config.py] Will watch for changes in these directories: ['/opt/siap/analytics']
02-Apr-24 14:55:57 INFO [config.py] Uvicorn running on https://0.0.0.0:8000 (Press CTRL+C to quit)
02-Apr-24 14:55:57 INFO [basereload.py] Started reloader process [650662] using StatReload
02-Apr-24 14:56:43 INFO [server.py] Started server process [651336]
02-Apr-24 14:56:43 INFO [on.py] Waiting for application startup.
02-Apr-24 14:56:43 INFO [on.py] Application startup complete.
02-Apr-24 14:58:07 WARNING [basereload.py] StatReload detected changes in 'es/router/es_model_fitting.py'. Reloading...
02-Apr-24 14:58:07 INFO [server.py] Shutting down
02-Apr-24 14:58:07 INFO [on.py] Waiting for application shutdown.
02-Apr-24 14:58:07 INFO [on.py] Application shutdown complete.
02-Apr-24 14:58:07 INFO [server.py] Finished server process [651336]
02-Apr-24 14:58:15 INFO [basereload.py] Stopping reloader process [650662]
02-Apr-24 14:59:56 INFO [config.py] Will watch for changes in these directories: ['/opt/siap/analytics']
02-Apr-24 14:59:56 INFO [config.py] Uvicorn running on https://0.0.0.0:8000 (Press CTRL+C to quit)
02-Apr-24 14:59:56 INFO [basereload.py] Started reloader process [652362] using StatReload
02-Apr-24 15:01:00 INFO [server.py] Started server process [652673]
02-Apr-24 15:01:00 INFO [on.py] Waiting for application startup.
02-Apr-24 15:01:00 INFO [on.py] Application startup complete.
02-Apr-24 15:01:13 INFO [h11_impl.py] 192.168.150.14:53245 - "GET /docs HTTP/1.1" 200
02-Apr-24 15:01:14 INFO [h11_impl.py] 192.168.150.14:53245 - "GET /openapi.json HTTP/1.1" 200
02-Apr-24 15:07:26 WARNING [basereload.py] StatReload detected changes in 'es/router/es_model_fitting.py'. Reloading...
02-Apr-24 15:08:13 INFO [server.py] Started server process [659908]
02-Apr-24 15:08:13 INFO [on.py] Waiting for application startup.
02-Apr-24 15:08:13 INFO [on.py] Application startup complete.
02-Apr-24 15:09:25 WARNING [basereload.py] StatReload detected changes in 'es/router/es_model_fitting.py'. Reloading...
02-Apr-24 15:09:25 INFO [server.py] Shutting down
02-Apr-24 15:09:25 INFO [on.py] Waiting for application shutdown.
02-Apr-24 15:09:25 INFO [on.py] Application shutdown complete.
02-Apr-24 15:09:25 INFO [server.py] Finished server process [659908]
02-Apr-24 15:10:26 INFO [server.py] Started server process [660324]
02-Apr-24 15:10:26 INFO [on.py] Waiting for application startup.
02-Apr-24 15:10:26 INFO [on.py] Application startup complete.
02-Apr-24 15:12:29 WARNING [basereload.py] StatReload detected changes in 'es/router/es_model_fitting.py'. Reloading...
02-Apr-24 15:12:45 WARNING [basereload.py] StatReload detected changes in 'es/router/es_storing_csv_as_pickle.py'. Reloading...
02-Apr-24 15:13:32 INFO [server.py] Started server process [663393]
02-Apr-24 15:13:32 INFO [on.py] Waiting for application startup.
02-Apr-24 15:13:32 INFO [on.py] Application startup complete.
02-Apr-24 15:15:51 WARNING [basereload.py] StatReload detected changes in 'es/router/es_storing_csv_as_pickle.py'. Reloading...
02-Apr-24 15:16:44 INFO [server.py] Started server process [666364]
02-Apr-24 15:16:44 INFO [on.py] Waiting for application startup.
02-Apr-24 15:16:44 INFO [on.py] Application startup complete.
02-Apr-24 15:51:11 WARNING [basereload.py] StatReload detected changes in 'swm/router/swm_model_fitting.py'. Reloading...
02-Apr-24 15:51:58 INFO [server.py] Started server process [669049]
02-Apr-24 15:51:58 INFO [on.py] Waiting for application startup.
02-Apr-24 15:51:58 INFO [on.py] Application startup complete.
02-Apr-24 15:53:25 WARNING [basereload.py] StatReload detected changes in 'swm/router/swm_storing_csv_as_pickle.py'. Reloading...
02-Apr-24 15:53:25 INFO [server.py] Shutting down
02-Apr-24 15:53:25 INFO [on.py] Waiting for application shutdown.
02-Apr-24 15:53:25 INFO [on.py] Application shutdown complete.
02-Apr-24 15:53:25 INFO [server.py] Finished server process [669049]
02-Apr-24 15:54:12 INFO [server.py] Started server process [669205]
02-Apr-24 15:54:12 INFO [on.py] Waiting for application startup.
02-Apr-24 15:54:12 INFO [on.py] Application startup complete.
02-Apr-24 15:55:36 WARNING [basereload.py] StatReload detected changes in 'swm/router/swm_visualization.py'. Reloading...
02-Apr-24 15:55:36 INFO [server.py] Shutting down
02-Apr-24 15:55:37 INFO [on.py] Waiting for application shutdown.
02-Apr-24 15:55:37 INFO [on.py] Application shutdown complete.
02-Apr-24 15:55:37 INFO [server.py] Finished server process [669205]
02-Apr-24 15:56:27 INFO [server.py] Started server process [669368]
02-Apr-24 15:56:27 INFO [on.py] Waiting for application startup.
02-Apr-24 15:56:27 INFO [on.py] Application startup complete.
02-Apr-24 15:57:48 INFO [server.py] Shutting down
02-Apr-24 15:57:48 INFO [on.py] Waiting for application shutdown.
02-Apr-24 15:57:48 INFO [on.py] Application shutdown complete.
02-Apr-24 15:57:48 INFO [server.py] Finished server process [669368]
02-Apr-24 15:57:48 INFO [basereload.py] Stopping reloader process [652362]
02-Apr-24 16:01:55 INFO [config.py] Will watch for changes in these directories: ['/opt/siap/analytics']
02-Apr-24 16:01:55 INFO [config.py] Uvicorn running on https://0.0.0.0:8000 (Press CTRL+C to quit)
02-Apr-24 16:01:55 INFO [basereload.py] Started reloader process [670545] using StatReload
02-Apr-24 16:02:50 INFO [server.py] Started server process [671192]
02-Apr-24 16:02:50 INFO [on.py] Waiting for application startup.
02-Apr-24 16:02:50 INFO [on.py] Application startup complete.
02-Apr-24 16:08:57 INFO [server.py] Shutting down
02-Apr-24 16:08:57 INFO [on.py] Waiting for application shutdown.
02-Apr-24 16:08:57 INFO [on.py] Application shutdown complete.
02-Apr-24 16:08:57 INFO [server.py] Finished server process [671192]
02-Apr-24 16:08:58 INFO [basereload.py] Stopping reloader process [670545]
02-Apr-24 16:11:01 INFO [config.py] Will watch for changes in these directories: ['/opt/siap/analytics']
02-Apr-24 16:11:01 INFO [config.py] Uvicorn running on https://0.0.0.0:8000 (Press CTRL+C to quit)
02-Apr-24 16:11:01 INFO [basereload.py] Started reloader process [673082] using StatReload
02-Apr-24 16:11:47 INFO [server.py] Started server process [673170]
02-Apr-24 16:11:47 INFO [on.py] Waiting for application startup.
02-Apr-24 16:11:47 INFO [on.py] Application startup complete.
02-Apr-24 16:12:49 INFO [h11_impl.py] 192.168.150.13:53241 - "GET / HTTP/1.1" 404
02-Apr-24 16:12:49 INFO [h11_impl.py] 192.168.150.13:53241 - "GET /favicon.ico HTTP/1.1" 404
02-Apr-24 16:12:53 INFO [h11_impl.py] 192.168.150.13:53241 - "GET / HTTP/1.1" 404
02-Apr-24 16:12:53 INFO [h11_impl.py] 192.168.150.13:53241 - "GET /favicon.ico HTTP/1.1" 404
02-Apr-24 16:12:54 INFO [h11_impl.py] 192.168.150.13:53241 - "GET / HTTP/1.1" 404
02-Apr-24 16:12:54 INFO [h11_impl.py] 192.168.150.13:53241 - "GET /favicon.ico HTTP/1.1" 404
02-Apr-24 16:12:55 INFO [h11_impl.py] 192.168.150.13:53241 - "GET / HTTP/1.1" 404
02-Apr-24 16:12:55 INFO [h11_impl.py] 192.168.150.13:53241 - "GET /favicon.ico HTTP/1.1" 404
02-Apr-24 16:13:09 INFO [h11_impl.py] 192.168.150.13:53244 - "GET /docs HTTP/1.1" 200
02-Apr-24 16:13:09 INFO [h11_impl.py] 192.168.150.13:53244 - "GET /openapi.json HTTP/1.1" 200
02-Apr-24 16:34:43 INFO [server.py] Shutting down
02-Apr-24 16:34:43 INFO [on.py] Waiting for application shutdown.
02-Apr-24 16:34:43 INFO [on.py] Application shutdown complete.
02-Apr-24 16:34:43 INFO [server.py] Finished server process [673170]
02-Apr-24 16:34:45 INFO [basereload.py] Stopping reloader process [673082]
02-Apr-24 16:38:37 INFO [config.py] Will watch for changes in these directories: ['/opt/siap/analytics']
02-Apr-24 16:38:37 INFO [config.py] Uvicorn running on https://0.0.0.0:8000 (Press CTRL+C to quit)
02-Apr-24 16:38:37 INFO [basereload.py] Started reloader process [677272] using StatReload
02-Apr-24 16:42:31 INFO [basereload.py] Stopping reloader process [677272]
02-Apr-24 16:44:50 INFO [config.py] Will watch for changes in these directories: ['/opt/siap/analytics']
02-Apr-24 16:44:50 INFO [config.py] Uvicorn running on https://0.0.0.0:8000 (Press CTRL+C to quit)
02-Apr-24 16:44:50 INFO [basereload.py] Started reloader process [679582] using StatReload
02-Apr-24 16:45:44 INFO [server.py] Started server process [680205]
02-Apr-24 16:45:44 INFO [on.py] Waiting for application startup.
02-Apr-24 16:45:44 INFO [on.py] Application startup complete.
02-Apr-24 16:51:02 INFO [server.py] Shutting down
02-Apr-24 16:51:02 INFO [on.py] Waiting for application shutdown.
02-Apr-24 16:51:02 INFO [on.py] Application shutdown complete.
02-Apr-24 16:51:02 INFO [server.py] Finished server process [680205]
02-Apr-24 16:51:05 INFO [basereload.py] Stopping reloader process [679582]
02-Apr-24 16:53:03 INFO [config.py] Will watch for changes in these directories: ['/opt/siap/analytics']
02-Apr-24 16:53:03 INFO [config.py] Uvicorn running on https://0.0.0.0:8000 (Press CTRL+C to quit)
02-Apr-24 16:53:03 INFO [basereload.py] Started reloader process [682877] using StatReload
02-Apr-24 16:54:08 INFO [server.py] Started server process [682960]
02-Apr-24 16:54:08 INFO [on.py] Waiting for application startup.
02-Apr-24 16:54:08 INFO [on.py] Application startup complete.
02-Apr-24 16:57:55 INFO [server.py] Shutting down
02-Apr-24 16:57:55 INFO [on.py] Waiting for application shutdown.
02-Apr-24 16:57:55 INFO [on.py] Application shutdown complete.
02-Apr-24 16:57:55 INFO [server.py] Finished server process [682960]
02-Apr-24 16:57:56 INFO [basereload.py] Stopping reloader process [682877]
02-Apr-24 17:00:00 INFO [config.py] Will watch for changes in these directories: ['/opt/siap/analytics']
02-Apr-24 17:00:00 INFO [config.py] Uvicorn running on https://0.0.0.0:8000 (Press CTRL+C to quit)
02-Apr-24 17:00:00 INFO [basereload.py] Started reloader process [685052] using StatReload
02-Apr-24 17:00:39 INFO [basereload.py] Stopping reloader process [685052]
02-Apr-24 17:02:47 INFO [config.py] Will watch for changes in these directories: ['/opt/siap/analytics']
02-Apr-24 17:02:47 INFO [config.py] Uvicorn running on https://0.0.0.0:8000 (Press CTRL+C to quit)
02-Apr-24 17:02:47 INFO [basereload.py] Started reloader process [686488] using StatReload
02-Apr-24 17:03:37 INFO [server.py] Started server process [687160]
02-Apr-24 17:03:37 INFO [on.py] Waiting for application startup.
02-Apr-24 17:03:37 INFO [on.py] Application startup complete.
02-Apr-24 17:12:24 INFO [server.py] Shutting down
02-Apr-24 17:12:24 INFO [on.py] Waiting for application shutdown.
02-Apr-24 17:12:24 INFO [on.py] Application shutdown complete.
02-Apr-24 17:12:24 INFO [server.py] Finished server process [687160]
02-Apr-24 17:12:27 INFO [basereload.py] Stopping reloader process [686488]
02-Apr-24 17:14:26 INFO [config.py] Will watch for changes in these directories: ['/opt/siap/analytics']
02-Apr-24 17:14:26 INFO [config.py] Uvicorn running on https://0.0.0.0:8000 (Press CTRL+C to quit)
02-Apr-24 17:14:26 INFO [basereload.py] Started reloader process [688664] using StatReload
02-Apr-24 17:15:17 INFO [server.py] Started server process [689307]
02-Apr-24 17:15:17 INFO [on.py] Waiting for application startup.
02-Apr-24 17:15:17 INFO [on.py] Application startup complete.
02-Apr-24 20:15:44 INFO [basereload.py] Stopping reloader process [688664]
02-Apr-24 20:17:21 INFO [config.py] Will watch for changes in these directories: ['/opt/siap/analytics']
02-Apr-24 20:17:21 INFO [config.py] Uvicorn running on https://0.0.0.0:8000 (Press CTRL+C to quit)
02-Apr-24 20:17:21 INFO [basereload.py] Started reloader process [704407] using StatReload
02-Apr-24 20:18:18 INFO [server.py] Started server process [704848]
02-Apr-24 20:18:18 INFO [on.py] Waiting for application startup.
02-Apr-24 20:18:18 INFO [on.py] Application startup complete.
02-Apr-24 20:19:16 INFO [h11_impl.py] 192.168.150.14:56108 - "GET /docs HTTP/1.1" 200
02-Apr-24 20:19:16 INFO [h11_impl.py] 192.168.150.14:56108 - "GET /openapi.json HTTP/1.1" 200
02-Apr-24 21:10:50 INFO [basereload.py] Stopping reloader process [704407]
02-Apr-24 21:13:30 INFO [config.py] Will watch for changes in these directories: ['/opt/siap/analytics']
02-Apr-24 21:13:30 INFO [config.py] Uvicorn running on https://0.0.0.0:8000 (Press CTRL+C to quit)
02-Apr-24 21:13:30 INFO [basereload.py] Started reloader process [714209] using StatReload
02-Apr-24 21:14:16 INFO [server.py] Started server process [714655]
02-Apr-24 21:14:16 INFO [on.py] Waiting for application startup.
02-Apr-24 21:14:16 INFO [on.py] Application startup complete.
02-Apr-24 22:02:17 INFO [basereload.py] Stopping reloader process [714209]
02-Apr-24 22:04:21 INFO [config.py] Will watch for changes in these directories: ['/opt/siap/analytics']
02-Apr-24 22:04:21 INFO [config.py] Uvicorn running on https://0.0.0.0:8000 (Press CTRL+C to quit)
02-Apr-24 22:04:21 INFO [basereload.py] Started reloader process [733226] using StatReload
02-Apr-24 22:05:09 INFO [server.py] Started server process [733394]
02-Apr-24 22:05:09 INFO [on.py] Waiting for application startup.
02-Apr-24 22:05:09 INFO [on.py] Application startup complete.
02-Apr-24 22:05:20 INFO [server.py] Shutting down
02-Apr-24 22:05:20 INFO [on.py] Waiting for application shutdown.
02-Apr-24 22:05:20 INFO [on.py] Application shutdown complete.
02-Apr-24 22:05:20 INFO [server.py] Finished server process [733394]
02-Apr-24 22:05:23 INFO [basereload.py] Stopping reloader process [733226]
02-Apr-24 22:07:00 INFO [config.py] Will watch for changes in these directories: ['/opt/siap/analytics']
02-Apr-24 22:07:00 INFO [config.py] Uvicorn running on https://0.0.0.0:8000 (Press CTRL+C to quit)
02-Apr-24 22:07:00 INFO [basereload.py] Started reloader process [734374] using StatReload
02-Apr-24 22:07:22 INFO [basereload.py] Stopping reloader process [734374]
02-Apr-24 22:09:01 INFO [config.py] Will watch for changes in these directories: ['/opt/siap/analytics']
02-Apr-24 22:09:01 INFO [config.py] Uvicorn running on https://0.0.0.0:8000 (Press CTRL+C to quit)
02-Apr-24 22:09:01 INFO [basereload.py] Started reloader process [735496] using StatReload
02-Apr-24 22:09:45 INFO [server.py] Started server process [735785]
02-Apr-24 22:09:45 INFO [on.py] Waiting for application startup.
02-Apr-24 22:09:45 INFO [on.py] Application startup complete.
02-Apr-24 22:11:47 INFO [server.py] Shutting down
02-Apr-24 22:11:48 INFO [on.py] Waiting for application shutdown.
02-Apr-24 22:11:48 INFO [on.py] Application shutdown complete.
02-Apr-24 22:11:48 INFO [server.py] Finished server process [735785]
02-Apr-24 22:11:49 INFO [basereload.py] Stopping reloader process [735496]
02-Apr-24 22:13:27 INFO [config.py] Will watch for changes in these directories: ['/opt/siap/analytics']
02-Apr-24 22:13:27 INFO [config.py] Uvicorn running on https://0.0.0.0:8000 (Press CTRL+C to quit)
02-Apr-24 22:13:27 INFO [basereload.py] Started reloader process [736978] using StatReload
02-Apr-24 22:14:14 INFO [server.py] Started server process [737632]
02-Apr-24 22:14:14 INFO [on.py] Waiting for application startup.
02-Apr-24 22:14:14 INFO [on.py] Application startup complete.
02-Apr-24 22:41:31 INFO [basereload.py] Stopping reloader process [736978]
02-Apr-24 22:44:02 INFO [config.py] Will watch for changes in these directories: ['/opt/siap/analytics']
02-Apr-24 22:44:02 INFO [config.py] Uvicorn running on https://0.0.0.0:8000 (Press CTRL+C to quit)
02-Apr-24 22:44:02 INFO [basereload.py] Started reloader process [747290] using StatReload
02-Apr-24 22:44:50 INFO [server.py] Started server process [747520]
02-Apr-24 22:44:50 INFO [on.py] Waiting for application startup.
02-Apr-24 22:44:50 INFO [on.py] Application startup complete.
02-Apr-24 22:50:18 INFO [server.py] Shutting down
02-Apr-24 22:50:18 INFO [on.py] Waiting for application shutdown.
02-Apr-24 22:50:18 INFO [on.py] Application shutdown complete.
02-Apr-24 22:50:18 INFO [server.py] Finished server process [747520]
02-Apr-24 22:50:20 INFO [basereload.py] Stopping reloader process [747290]
02-Apr-24 22:51:56 INFO [config.py] Will watch for changes in these directories: ['/opt/siap/analytics']
02-Apr-24 22:51:56 INFO [config.py] Uvicorn running on https://0.0.0.0:8000 (Press CTRL+C to quit)
02-Apr-24 22:51:56 INFO [basereload.py] Started reloader process [749524] using StatReload
02-Apr-24 22:52:41 INFO [server.py] Started server process [749936]
02-Apr-24 22:52:41 INFO [on.py] Waiting for application startup.
02-Apr-24 22:52:41 INFO [on.py] Application startup complete.
02-Apr-24 23:15:53 INFO [server.py] Shutting down
02-Apr-24 23:15:54 INFO [on.py] Waiting for application shutdown.
02-Apr-24 23:15:54 INFO [on.py] Application shutdown complete.
02-Apr-24 23:15:54 INFO [server.py] Finished server process [749936]
02-Apr-24 23:15:56 INFO [basereload.py] Stopping reloader process [749524]
02-Apr-24 23:17:41 INFO [config.py] Will watch for changes in these directories: ['/opt/siap/analytics']
02-Apr-24 23:17:41 INFO [config.py] Uvicorn running on https://0.0.0.0:8000 (Press CTRL+C to quit)
02-Apr-24 23:17:41 INFO [basereload.py] Started reloader process [754670] using StatReload
02-Apr-24 23:18:27 INFO [server.py] Started server process [755007]
02-Apr-24 23:18:27 INFO [on.py] Waiting for application startup.
02-Apr-24 23:18:27 INFO [on.py] Application startup complete.
02-Apr-24 23:20:01 INFO [server.py] Shutting down
02-Apr-24 23:20:01 INFO [on.py] Waiting for application shutdown.
02-Apr-24 23:20:01 INFO [on.py] Application shutdown complete.
02-Apr-24 23:20:01 INFO [server.py] Finished server process [755007]
02-Apr-24 23:20:02 INFO [basereload.py] Stopping reloader process [754670]
02-Apr-24 23:22:06 INFO [config.py] Will watch for changes in these directories: ['/opt/siap/analytics']
02-Apr-24 23:22:06 INFO [config.py] Uvicorn running on https://0.0.0.0:8000 (Press CTRL+C to quit)
02-Apr-24 23:22:06 INFO [basereload.py] Started reloader process [757227] using StatReload
02-Apr-24 23:22:09 INFO [basereload.py] Stopping reloader process [757227]
02-Apr-24 23:23:50 INFO [config.py] Will watch for changes in these directories: ['/opt/siap/analytics']
02-Apr-24 23:23:50 INFO [config.py] Uvicorn running on https://0.0.0.0:8000 (Press CTRL+C to quit)
02-Apr-24 23:23:50 INFO [basereload.py] Started reloader process [758065] using StatReload
02-Apr-24 23:24:35 INFO [server.py] Started server process [758289]
02-Apr-24 23:24:35 INFO [on.py] Waiting for application startup.
02-Apr-24 23:24:35 INFO [on.py] Application startup complete.
