15-Feb-24 10:31:03 INFO [config.py] Will watch for changes in these directories: ['/opt/siap/analytics']
15-Feb-24 10:31:03 ERROR [config.py] [Errno 98] Address already in use
15-Feb-24 10:32:08 INFO [config.py] Will watch for changes in these directories: ['/opt/siap/analytics']
15-Feb-24 10:32:08 ERROR [config.py] [Errno 98] Address already in use
15-Feb-24 10:32:49 INFO [config.py] Will watch for changes in these directories: ['/opt/siap/analytics']
15-Feb-24 10:32:49 ERROR [config.py] [Errno 98] Address already in use
15-Feb-24 13:34:28 INFO [config.py] Will watch for changes in these directories: ['/opt/siap/analytics']
15-Feb-24 13:34:28 INFO [config.py] Uvicorn running on http://0.0.0.0:8000 (Press CTRL+C to quit)
15-Feb-24 13:34:28 INFO [basereload.py] Started reloader process [894032] using StatReload
15-Feb-24 13:34:48 INFO [server.py] Started server process [894258]
15-Feb-24 13:34:48 INFO [on.py] Waiting for application startup.
15-Feb-24 13:34:48 INFO [on.py] Application startup complete.
15-Feb-24 13:35:40 INFO [server.py] Shutting down
15-Feb-24 13:35:40 INFO [on.py] Waiting for application shutdown.
15-Feb-24 13:35:40 INFO [on.py] Application shutdown complete.
15-Feb-24 13:35:40 INFO [server.py] Finished server process [894258]
15-Feb-24 13:35:41 INFO [basereload.py] Stopping reloader process [894032]
15-Feb-24 13:35:59 INFO [config.py] Will watch for changes in these directories: ['/opt/siap/analytics']
15-Feb-24 13:35:59 INFO [config.py] Uvicorn running on http://0.0.0.0:8000 (Press CTRL+C to quit)
15-Feb-24 13:35:59 INFO [basereload.py] Started reloader process [895066] using StatReload
15-Feb-24 13:36:18 INFO [server.py] Started server process [895242]
15-Feb-24 13:36:18 INFO [on.py] Waiting for application startup.
15-Feb-24 13:36:18 INFO [on.py] Application startup complete.
15-Feb-24 13:36:58 INFO [server.py] Shutting down
15-Feb-24 13:36:58 INFO [on.py] Waiting for application shutdown.
15-Feb-24 13:36:58 INFO [on.py] Application shutdown complete.
15-Feb-24 13:36:58 INFO [server.py] Finished server process [895242]
15-Feb-24 13:36:58 INFO [basereload.py] Stopping reloader process [895066]
15-Feb-24 13:42:25 INFO [config.py] Will watch for changes in these directories: ['/opt/siap/analytics']
15-Feb-24 13:42:25 INFO [config.py] Uvicorn running on http://0.0.0.0:8000 (Press CTRL+C to quit)
15-Feb-24 13:42:25 INFO [basereload.py] Started reloader process [899692] using StatReload
15-Feb-24 13:42:42 INFO [server.py] Started server process [899921]
15-Feb-24 13:42:42 INFO [on.py] Waiting for application startup.
15-Feb-24 13:42:42 INFO [on.py] Application startup complete.
15-Feb-24 13:43:40 WARNING [basereload.py] StatReload detected changes in 'v1/crime/endpoints.py'. Reloading...
15-Feb-24 13:43:40 INFO [server.py] Shutting down
15-Feb-24 13:43:40 INFO [on.py] Waiting for application shutdown.
15-Feb-24 13:43:40 INFO [on.py] Application shutdown complete.
15-Feb-24 13:43:40 INFO [server.py] Finished server process [899921]
15-Feb-24 13:43:45 INFO [basereload.py] Stopping reloader process [899692]
15-Feb-24 13:44:04 INFO [config.py] Will watch for changes in these directories: ['/opt/siap/analytics']
15-Feb-24 13:44:04 INFO [config.py] Uvicorn running on http://0.0.0.0:8000 (Press CTRL+C to quit)
15-Feb-24 13:44:04 INFO [basereload.py] Started reloader process [900711] using StatReload
15-Feb-24 13:44:21 INFO [server.py] Started server process [900920]
15-Feb-24 13:44:21 INFO [on.py] Waiting for application startup.
15-Feb-24 13:44:21 INFO [on.py] Application startup complete.
15-Feb-24 13:44:26 INFO [server.py] Shutting down
15-Feb-24 13:44:26 INFO [on.py] Waiting for application shutdown.
15-Feb-24 13:44:26 INFO [on.py] Application shutdown complete.
15-Feb-24 13:44:26 INFO [server.py] Finished server process [900920]
15-Feb-24 13:44:27 INFO [basereload.py] Stopping reloader process [900711]
15-Feb-24 14:09:14 INFO [config.py] Will watch for changes in these directories: ['/opt/siap/analytics']
15-Feb-24 14:09:14 INFO [config.py] Uvicorn running on http://0.0.0.0:8000 (Press CTRL+C to quit)
15-Feb-24 14:09:14 INFO [basereload.py] Started reloader process [908654] using StatReload
15-Feb-24 14:09:33 INFO [basereload.py] Stopping reloader process [908654]
