22-Apr-24 10:12:14 INFO [config.py] Will watch for changes in these directories: ['/opt/siap/analytics']
22-Apr-24 10:12:14 INFO [config.py] Uvicorn running on https://0.0.0.0:8000 (Press CTRL+C to quit)
22-Apr-24 10:12:14 INFO [basereload.py] Started reloader process [2700173] using StatReload
22-Apr-24 10:13:08 INFO [server.py] Started server process [2700598]
22-Apr-24 10:13:08 INFO [on.py] Waiting for application startup.
22-Apr-24 10:13:08 INFO [on.py] Application startup complete.
22-Apr-24 11:04:43 INFO [h11_impl.py] 192.168.150.10:49228 - "GET /docs HTTP/1.1" 200
22-Apr-24 11:04:44 INFO [h11_impl.py] 192.168.150.10:49228 - "GET /openapi.json HTTP/1.1" 200
22-Apr-24 13:51:45 INFO [server.py] Shutting down
22-Apr-24 13:51:45 INFO [on.py] Waiting for application shutdown.
22-Apr-24 13:51:45 INFO [on.py] Application shutdown complete.
22-Apr-24 13:51:45 INFO [server.py] Finished server process [2700598]
22-Apr-24 13:51:48 INFO [basereload.py] Stopping reloader process [2700173]
22-Apr-24 13:54:05 INFO [config.py] Will watch for changes in these directories: ['/opt/siap/analytics']
22-Apr-24 13:54:05 INFO [config.py] Uvicorn running on https://0.0.0.0:8000 (Press CTRL+C to quit)
22-Apr-24 13:54:05 INFO [basereload.py] Started reloader process [2765932] using StatReload
22-Apr-24 13:54:55 INFO [server.py] Started server process [2766752]
22-Apr-24 13:54:55 INFO [on.py] Waiting for application startup.
22-Apr-24 13:54:55 INFO [on.py] Application startup complete.
22-Apr-24 14:32:40 INFO [server.py] Shutting down
22-Apr-24 14:32:40 INFO [on.py] Waiting for application shutdown.
22-Apr-24 14:32:40 INFO [on.py] Application shutdown complete.
22-Apr-24 14:32:40 INFO [server.py] Finished server process [2766752]
22-Apr-24 14:32:42 INFO [basereload.py] Stopping reloader process [2765932]
22-Apr-24 14:35:01 INFO [config.py] Will watch for changes in these directories: ['/opt/siap/analytics']
22-Apr-24 14:35:01 INFO [config.py] Uvicorn running on https://0.0.0.0:8000 (Press CTRL+C to quit)
22-Apr-24 14:35:01 INFO [basereload.py] Started reloader process [2792464] using StatReload
22-Apr-24 14:35:55 INFO [server.py] Started server process [2793298]
22-Apr-24 14:35:55 INFO [on.py] Waiting for application startup.
22-Apr-24 14:35:55 INFO [on.py] Application startup complete.
