04-Apr-24 11:19:28 INFO [config.py] Will watch for changes in these directories: ['/opt/siap/analytics']
04-Apr-24 11:19:28 INFO [config.py] Uvicorn running on https://0.0.0.0:8000 (Press CTRL+C to quit)
04-Apr-24 11:19:28 INFO [basereload.py] Started reloader process [885035] using StatReload
04-Apr-24 11:20:27 INFO [server.py] Started server process [885667]
04-Apr-24 11:20:27 INFO [on.py] Waiting for application startup.
04-Apr-24 11:20:27 INFO [on.py] Application startup complete.
04-Apr-24 11:22:19 INFO [server.py] Shutting down
04-Apr-24 11:22:19 INFO [on.py] Waiting for application shutdown.
04-Apr-24 11:22:19 INFO [on.py] Application shutdown complete.
04-Apr-24 11:22:19 INFO [server.py] Finished server process [885667]
04-Apr-24 11:22:20 INFO [basereload.py] Stopping reloader process [885035]
04-Apr-24 11:24:04 INFO [config.py] Will watch for changes in these directories: ['/opt/siap/analytics']
04-Apr-24 11:24:04 INFO [config.py] Uvicorn running on https://0.0.0.0:8000 (Press CTRL+C to quit)
04-Apr-24 11:24:04 INFO [basereload.py] Started reloader process [887563] using StatReload
04-Apr-24 11:24:57 INFO [server.py] Started server process [888191]
04-Apr-24 11:24:57 INFO [on.py] Waiting for application startup.
04-Apr-24 11:24:57 INFO [on.py] Application startup complete.
04-Apr-24 11:26:35 INFO [server.py] Shutting down
04-Apr-24 11:26:36 INFO [on.py] Waiting for application shutdown.
04-Apr-24 11:26:36 INFO [on.py] Application shutdown complete.
04-Apr-24 11:26:36 INFO [server.py] Finished server process [888191]
04-Apr-24 11:26:38 INFO [basereload.py] Stopping reloader process [887563]
04-Apr-24 11:28:23 INFO [config.py] Will watch for changes in these directories: ['/opt/siap/analytics']
04-Apr-24 11:28:23 INFO [config.py] Uvicorn running on https://0.0.0.0:8000 (Press CTRL+C to quit)
04-Apr-24 11:28:23 INFO [basereload.py] Started reloader process [889648] using StatReload
04-Apr-24 11:29:16 INFO [server.py] Started server process [890325]
04-Apr-24 11:29:16 INFO [on.py] Waiting for application startup.
04-Apr-24 11:29:16 INFO [on.py] Application startup complete.
04-Apr-24 11:30:15 INFO [server.py] Shutting down
04-Apr-24 11:30:16 INFO [on.py] Waiting for application shutdown.
04-Apr-24 11:30:16 INFO [on.py] Application shutdown complete.
04-Apr-24 11:30:16 INFO [server.py] Finished server process [890325]
04-Apr-24 11:30:18 INFO [basereload.py] Stopping reloader process [889648]
04-Apr-24 11:33:26 INFO [config.py] Will watch for changes in these directories: ['/opt/siap/analytics']
04-Apr-24 11:33:26 INFO [config.py] Uvicorn running on https://0.0.0.0:8000 (Press CTRL+C to quit)
04-Apr-24 11:33:26 INFO [basereload.py] Started reloader process [891507] using StatReload
04-Apr-24 11:34:18 INFO [server.py] Started server process [892173]
04-Apr-24 11:34:18 INFO [on.py] Waiting for application startup.
04-Apr-24 11:34:18 INFO [on.py] Application startup complete.
04-Apr-24 11:35:39 INFO [server.py] Shutting down
04-Apr-24 11:35:39 INFO [server.py] Finished server process [892173]
04-Apr-24 11:35:39 ERROR [on.py] Traceback (most recent call last):
  File "/opt/siap/analytics/analytics_env/lib/python3.10/site-packages/starlette/routing.py", line 686, in lifespan
    await receive()
  File "/opt/siap/analytics/analytics_env/lib/python3.10/site-packages/uvicorn/lifespan/on.py", line 137, in receive
    return await self.receive_queue.get()
  File "/usr/lib/python3.10/asyncio/queues.py", line 159, in get
    await getter
asyncio.exceptions.CancelledError

04-Apr-24 11:35:42 INFO [basereload.py] Stopping reloader process [891507]
04-Apr-24 11:37:23 INFO [config.py] Will watch for changes in these directories: ['/opt/siap/analytics']
04-Apr-24 11:37:23 INFO [config.py] Uvicorn running on https://0.0.0.0:8000 (Press CTRL+C to quit)
04-Apr-24 11:37:23 INFO [basereload.py] Started reloader process [893563] using StatReload
04-Apr-24 11:38:25 INFO [server.py] Started server process [893931]
04-Apr-24 11:38:25 INFO [on.py] Waiting for application startup.
04-Apr-24 11:38:25 INFO [on.py] Application startup complete.
04-Apr-24 11:41:33 INFO [server.py] Shutting down
04-Apr-24 11:41:34 INFO [on.py] Waiting for application shutdown.
04-Apr-24 11:41:34 INFO [on.py] Application shutdown complete.
04-Apr-24 11:41:34 INFO [server.py] Finished server process [893931]
04-Apr-24 11:41:35 INFO [basereload.py] Stopping reloader process [893563]
04-Apr-24 11:43:25 INFO [config.py] Will watch for changes in these directories: ['/opt/siap/analytics']
04-Apr-24 11:43:25 INFO [config.py] Uvicorn running on https://0.0.0.0:8000 (Press CTRL+C to quit)
04-Apr-24 11:43:25 INFO [basereload.py] Started reloader process [896018] using StatReload
04-Apr-24 11:44:18 INFO [server.py] Started server process [896644]
04-Apr-24 11:44:18 INFO [on.py] Waiting for application startup.
04-Apr-24 11:44:18 INFO [on.py] Application startup complete.
04-Apr-24 11:45:55 INFO [server.py] Shutting down
04-Apr-24 11:45:55 INFO [server.py] Finished server process [896644]
04-Apr-24 11:45:55 ERROR [on.py] Traceback (most recent call last):
  File "/opt/siap/analytics/analytics_env/lib/python3.10/site-packages/starlette/routing.py", line 686, in lifespan
    await receive()
  File "/opt/siap/analytics/analytics_env/lib/python3.10/site-packages/uvicorn/lifespan/on.py", line 137, in receive
    return await self.receive_queue.get()
  File "/usr/lib/python3.10/asyncio/queues.py", line 159, in get
    await getter
asyncio.exceptions.CancelledError

04-Apr-24 11:45:57 INFO [basereload.py] Stopping reloader process [896018]
04-Apr-24 11:47:39 INFO [config.py] Will watch for changes in these directories: ['/opt/siap/analytics']
04-Apr-24 11:47:39 INFO [config.py] Uvicorn running on https://0.0.0.0:8000 (Press CTRL+C to quit)
04-Apr-24 11:47:39 INFO [basereload.py] Started reloader process [898083] using StatReload
04-Apr-24 11:48:33 INFO [server.py] Started server process [898737]
04-Apr-24 11:48:33 INFO [on.py] Waiting for application startup.
04-Apr-24 11:48:33 INFO [on.py] Application startup complete.
04-Apr-24 11:48:52 INFO [h11_impl.py] 192.168.150.13:62184 - "GET /docs HTTP/1.1" 200
04-Apr-24 11:48:55 INFO [h11_impl.py] 192.168.150.13:62184 - "GET /openapi.json HTTP/1.1" 200
04-Apr-24 11:50:18 INFO [h11_impl.py] 192.168.0.100:42328 - "POST /model_fitting?subsystem_name_for_pickle_file=es&test_size=2&validation_size=2 HTTP/1.1" 404
04-Apr-24 11:52:36 INFO [h11_impl.py] 192.168.0.100:56528 - "POST /model_fitting?subsystem_name_for_pickle_file=es&test_size=2&validation_size=2 HTTP/1.1" 404
04-Apr-24 11:57:22 INFO [basereload.py] Stopping reloader process [898083]
04-Apr-24 11:59:11 INFO [config.py] Will watch for changes in these directories: ['/opt/siap/analytics']
04-Apr-24 11:59:11 INFO [config.py] Uvicorn running on https://0.0.0.0:8000 (Press CTRL+C to quit)
04-Apr-24 11:59:11 INFO [basereload.py] Started reloader process [904280] using StatReload
04-Apr-24 12:00:12 INFO [server.py] Started server process [904664]
04-Apr-24 12:00:12 INFO [on.py] Waiting for application startup.
04-Apr-24 12:00:12 INFO [on.py] Application startup complete.
04-Apr-24 12:00:14 INFO [h11_impl.py] 192.168.150.14:53613 - "GET /docs HTTP/1.1" 200
04-Apr-24 12:00:15 INFO [h11_impl.py] 192.168.150.14:53613 - "GET /openapi.json HTTP/1.1" 200
04-Apr-24 12:01:38 INFO [basereload.py] Stopping reloader process [904280]
04-Apr-24 12:04:01 INFO [config.py] Will watch for changes in these directories: ['/opt/siap/analytics']
04-Apr-24 12:04:01 INFO [config.py] Uvicorn running on https://0.0.0.0:8000 (Press CTRL+C to quit)
04-Apr-24 12:04:01 INFO [basereload.py] Started reloader process [907015] using StatReload
04-Apr-24 12:04:19 INFO [basereload.py] Stopping reloader process [907015]
04-Apr-24 12:05:53 INFO [config.py] Will watch for changes in these directories: ['/opt/siap/analytics']
04-Apr-24 12:05:53 INFO [config.py] Uvicorn running on https://0.0.0.0:8000 (Press CTRL+C to quit)
04-Apr-24 12:05:53 INFO [basereload.py] Started reloader process [907997] using StatReload
04-Apr-24 12:06:47 INFO [server.py] Started server process [908612]
04-Apr-24 12:06:47 INFO [on.py] Waiting for application startup.
04-Apr-24 12:06:47 INFO [on.py] Application startup complete.
04-Apr-24 12:07:02 INFO [h11_impl.py] 192.168.150.13:62844 - "GET /docs HTTP/1.1" 200
04-Apr-24 12:07:03 INFO [h11_impl.py] 192.168.150.13:62844 - "GET /openapi.json HTTP/1.1" 200
04-Apr-24 12:31:09 INFO [basereload.py] Stopping reloader process [907997]
04-Apr-24 12:33:14 INFO [config.py] Will watch for changes in these directories: ['/opt/siap/analytics']
04-Apr-24 12:33:14 INFO [config.py] Uvicorn running on https://0.0.0.0:8000 (Press CTRL+C to quit)
04-Apr-24 12:33:14 INFO [basereload.py] Started reloader process [918044] using StatReload
04-Apr-24 12:33:23 INFO [basereload.py] Stopping reloader process [918044]
04-Apr-24 12:34:57 INFO [config.py] Will watch for changes in these directories: ['/opt/siap/analytics']
04-Apr-24 12:34:57 INFO [config.py] Uvicorn running on https://0.0.0.0:8000 (Press CTRL+C to quit)
04-Apr-24 12:34:57 INFO [basereload.py] Started reloader process [918857] using StatReload
04-Apr-24 12:35:42 INFO [server.py] Started server process [918940]
04-Apr-24 12:35:42 INFO [on.py] Waiting for application startup.
04-Apr-24 12:35:42 INFO [on.py] Application startup complete.
04-Apr-24 12:39:53 INFO [h11_impl.py] 192.168.150.13:63569 - "GET /docs HTTP/1.1" 200
04-Apr-24 12:39:53 INFO [h11_impl.py] 192.168.150.13:63569 - "GET /openapi.json HTTP/1.1" 200
04-Apr-24 14:13:27 INFO [basereload.py] Stopping reloader process [918857]
04-Apr-24 14:15:03 INFO [config.py] Will watch for changes in these directories: ['/opt/siap/analytics']
04-Apr-24 14:15:03 INFO [config.py] Uvicorn running on https://0.0.0.0:8000 (Press CTRL+C to quit)
04-Apr-24 14:15:03 INFO [basereload.py] Started reloader process [951970] using StatReload
04-Apr-24 14:15:49 INFO [server.py] Started server process [952176]
04-Apr-24 14:15:49 INFO [on.py] Waiting for application startup.
04-Apr-24 14:15:49 INFO [on.py] Application startup complete.
04-Apr-24 14:15:50 INFO [h11_impl.py] 192.168.150.14:56577 - "GET /docs HTTP/1.1" 200
04-Apr-24 14:15:50 INFO [h11_impl.py] 192.168.150.14:56577 - "GET /openapi.json HTTP/1.1" 200
04-Apr-24 14:21:15 INFO [server.py] Shutting down
04-Apr-24 14:21:15 INFO [on.py] Waiting for application shutdown.
04-Apr-24 14:21:15 INFO [on.py] Application shutdown complete.
04-Apr-24 14:21:15 INFO [server.py] Finished server process [952176]
04-Apr-24 14:21:17 INFO [basereload.py] Stopping reloader process [951970]
04-Apr-24 14:22:53 INFO [config.py] Will watch for changes in these directories: ['/opt/siap/analytics']
04-Apr-24 14:22:53 INFO [config.py] Uvicorn running on https://0.0.0.0:8000 (Press CTRL+C to quit)
04-Apr-24 14:22:53 INFO [basereload.py] Started reloader process [953900] using StatReload
04-Apr-24 14:23:40 INFO [server.py] Started server process [953982]
04-Apr-24 14:23:40 INFO [on.py] Waiting for application startup.
04-Apr-24 14:23:40 INFO [on.py] Application startup complete.
04-Apr-24 14:23:47 INFO [h11_impl.py] 192.168.150.14:56751 - "GET /docs HTTP/1.1" 200
04-Apr-24 14:23:47 INFO [h11_impl.py] 192.168.150.14:56751 - "GET /openapi.json HTTP/1.1" 200
04-Apr-24 14:26:36 INFO [server.py] Shutting down
04-Apr-24 14:26:36 INFO [on.py] Waiting for application shutdown.
04-Apr-24 14:26:36 INFO [on.py] Application shutdown complete.
04-Apr-24 14:26:36 INFO [server.py] Finished server process [953982]
04-Apr-24 14:26:38 INFO [basereload.py] Stopping reloader process [953900]
04-Apr-24 14:28:14 INFO [config.py] Will watch for changes in these directories: ['/opt/siap/analytics']
04-Apr-24 14:28:14 INFO [config.py] Uvicorn running on https://0.0.0.0:8000 (Press CTRL+C to quit)
04-Apr-24 14:28:14 INFO [basereload.py] Started reloader process [955630] using StatReload
04-Apr-24 14:28:59 INFO [server.py] Started server process [955774]
04-Apr-24 14:28:59 INFO [on.py] Waiting for application startup.
04-Apr-24 14:28:59 INFO [on.py] Application startup complete.
04-Apr-24 14:29:22 INFO [h11_impl.py] 192.168.150.14:56981 - "GET /docs HTTP/1.1" 200
04-Apr-24 14:29:22 INFO [h11_impl.py] 192.168.150.14:56981 - "GET /openapi.json HTTP/1.1" 200
04-Apr-24 14:32:26 INFO [server.py] Shutting down
04-Apr-24 14:32:27 INFO [on.py] Waiting for application shutdown.
04-Apr-24 14:32:27 INFO [on.py] Application shutdown complete.
04-Apr-24 14:32:27 INFO [server.py] Finished server process [955774]
04-Apr-24 14:32:27 INFO [basereload.py] Stopping reloader process [955630]
04-Apr-24 14:34:03 INFO [config.py] Will watch for changes in these directories: ['/opt/siap/analytics']
04-Apr-24 14:34:03 INFO [config.py] Uvicorn running on https://0.0.0.0:8000 (Press CTRL+C to quit)
04-Apr-24 14:34:03 INFO [basereload.py] Started reloader process [957653] using StatReload
04-Apr-24 14:34:53 INFO [server.py] Started server process [957737]
04-Apr-24 14:34:53 INFO [on.py] Waiting for application startup.
04-Apr-24 14:34:53 INFO [on.py] Application startup complete.
04-Apr-24 14:36:18 INFO [server.py] Shutting down
04-Apr-24 14:36:18 INFO [on.py] Waiting for application shutdown.
04-Apr-24 14:36:18 INFO [on.py] Application shutdown complete.
04-Apr-24 14:36:18 INFO [server.py] Finished server process [957737]
04-Apr-24 14:36:20 INFO [basereload.py] Stopping reloader process [957653]
04-Apr-24 14:37:55 INFO [config.py] Will watch for changes in these directories: ['/opt/siap/analytics']
04-Apr-24 14:37:55 INFO [config.py] Uvicorn running on https://0.0.0.0:8000 (Press CTRL+C to quit)
04-Apr-24 14:37:55 INFO [basereload.py] Started reloader process [959100] using StatReload
04-Apr-24 14:38:41 INFO [server.py] Started server process [959182]
04-Apr-24 14:38:41 INFO [on.py] Waiting for application startup.
04-Apr-24 14:38:41 INFO [on.py] Application startup complete.
04-Apr-24 14:38:44 INFO [h11_impl.py] 192.168.150.14:57428 - "GET /docs HTTP/1.1" 200
04-Apr-24 14:38:44 INFO [h11_impl.py] 192.168.150.14:57428 - "GET /openapi.json HTTP/1.1" 200
04-Apr-24 14:42:01 INFO [server.py] Shutting down
04-Apr-24 14:42:01 INFO [on.py] Waiting for application shutdown.
04-Apr-24 14:42:01 INFO [on.py] Application shutdown complete.
04-Apr-24 14:42:01 INFO [server.py] Finished server process [959182]
04-Apr-24 14:42:02 INFO [basereload.py] Stopping reloader process [959100]
04-Apr-24 14:43:38 INFO [config.py] Will watch for changes in these directories: ['/opt/siap/analytics']
04-Apr-24 14:43:38 INFO [config.py] Uvicorn running on https://0.0.0.0:8000 (Press CTRL+C to quit)
04-Apr-24 14:43:38 INFO [basereload.py] Started reloader process [961159] using StatReload
04-Apr-24 14:44:24 INFO [server.py] Started server process [961245]
04-Apr-24 14:44:24 INFO [on.py] Waiting for application startup.
04-Apr-24 14:44:24 INFO [on.py] Application startup complete.
04-Apr-24 14:44:37 INFO [h11_impl.py] 192.168.150.14:57689 - "GET /docs HTTP/1.1" 200
04-Apr-24 14:44:37 INFO [h11_impl.py] 192.168.150.14:57689 - "GET /openapi.json HTTP/1.1" 200
04-Apr-24 15:14:05 INFO [server.py] Shutting down
04-Apr-24 15:14:05 INFO [on.py] Waiting for application shutdown.
04-Apr-24 15:14:05 INFO [on.py] Application shutdown complete.
04-Apr-24 15:14:05 INFO [server.py] Finished server process [961245]
04-Apr-24 15:14:06 INFO [basereload.py] Stopping reloader process [961159]
04-Apr-24 15:15:48 INFO [config.py] Will watch for changes in these directories: ['/opt/siap/analytics']
04-Apr-24 15:15:48 INFO [config.py] Uvicorn running on https://0.0.0.0:8000 (Press CTRL+C to quit)
04-Apr-24 15:15:48 INFO [basereload.py] Started reloader process [966854] using StatReload
04-Apr-24 15:16:38 INFO [server.py] Started server process [967392]
04-Apr-24 15:16:38 INFO [on.py] Waiting for application startup.
04-Apr-24 15:16:38 INFO [on.py] Application startup complete.
04-Apr-24 15:19:20 INFO [server.py] Shutting down
04-Apr-24 15:19:20 INFO [server.py] Finished server process [967392]
04-Apr-24 15:19:20 ERROR [on.py] Traceback (most recent call last):
  File "/opt/siap/analytics/analytics_env/lib/python3.10/site-packages/starlette/routing.py", line 686, in lifespan
    await receive()
  File "/opt/siap/analytics/analytics_env/lib/python3.10/site-packages/uvicorn/lifespan/on.py", line 137, in receive
    return await self.receive_queue.get()
  File "/usr/lib/python3.10/asyncio/queues.py", line 159, in get
    await getter
asyncio.exceptions.CancelledError

04-Apr-24 15:19:23 INFO [basereload.py] Stopping reloader process [966854]
04-Apr-24 15:21:16 INFO [config.py] Will watch for changes in these directories: ['/opt/siap/analytics']
04-Apr-24 15:21:16 INFO [config.py] Uvicorn running on https://0.0.0.0:8000 (Press CTRL+C to quit)
04-Apr-24 15:21:16 INFO [basereload.py] Started reloader process [968624] using StatReload
04-Apr-24 15:22:09 INFO [server.py] Started server process [969105]
04-Apr-24 15:22:09 INFO [on.py] Waiting for application startup.
04-Apr-24 15:22:09 INFO [on.py] Application startup complete.
04-Apr-24 15:26:44 INFO [server.py] Shutting down
04-Apr-24 15:26:44 INFO [on.py] Waiting for application shutdown.
04-Apr-24 15:26:44 INFO [on.py] Application shutdown complete.
04-Apr-24 15:26:44 INFO [server.py] Finished server process [969105]
04-Apr-24 15:26:45 INFO [basereload.py] Stopping reloader process [968624]
04-Apr-24 15:29:59 INFO [config.py] Will watch for changes in these directories: ['/opt/siap/analytics']
04-Apr-24 15:29:59 INFO [config.py] Uvicorn running on https://0.0.0.0:8000 (Press CTRL+C to quit)
04-Apr-24 15:29:59 INFO [basereload.py] Started reloader process [970822] using StatReload
04-Apr-24 15:30:44 INFO [server.py] Started server process [971443]
04-Apr-24 15:30:44 INFO [on.py] Waiting for application startup.
04-Apr-24 15:30:44 INFO [on.py] Application startup complete.
