13-Mar-24 18:43:27 INFO [es_storing_csv_as_pickle.py] Venv Path(Storing csv as pickle file): /opt/siap/analytics/analytics_env/bin/python3

13-Mar-24 18:43:31 INFO [es_storing_csv_as_pickle.py] The csv file is saved as a pickle file
13-Mar-24 18:43:31 INFO [h11_impl.py] 192.168.0.100:56560 - "POST /storing_csv_pickle?subsystem_name_for_pickle_file=es HTTP/1.1" 200
13-Mar-24 18:43:51 INFO [server.py] Shutting down
13-Mar-24 18:43:51 INFO [on.py] Waiting for application shutdown.
13-Mar-24 18:43:51 INFO [on.py] Application shutdown complete.
13-Mar-24 18:43:51 INFO [server.py] Finished server process [48354]
13-Mar-24 18:46:36 INFO [es_storing_csv_as_pickle.py] Venv Path(Storing csv as pickle file): /opt/siap/analytics/analytics_env/bin/python3

13-Mar-24 18:46:40 INFO [es_storing_csv_as_pickle.py] The csv file is saved as a pickle file
13-Mar-24 18:46:40 INFO [h11_impl.py] 192.168.0.100:60362 - "POST /storing_csv_pickle?subsystem_name_for_pickle_file=es HTTP/1.1" 200
13-Mar-24 18:47:55 INFO [server.py] Shutting down
13-Mar-24 18:47:55 INFO [on.py] Waiting for application shutdown.
13-Mar-24 18:47:55 INFO [on.py] Application shutdown complete.
13-Mar-24 18:47:55 INFO [server.py] Finished server process [50001]
13-Mar-24 19:00:56 INFO [es_storing_csv_as_pickle.py] Venv Path(Storing csv as pickle file): /opt/siap/analytics/analytics_env/bin/python3

13-Mar-24 19:01:01 INFO [es_storing_csv_as_pickle.py] The csv file is saved as a pickle file
13-Mar-24 19:01:01 INFO [h11_impl.py] 192.168.0.100:37008 - "POST /storing_csv_pickle?subsystem_name_for_pickle_file=es HTTP/1.1" 200
13-Mar-24 19:01:10 INFO [es_storing_csv_as_pickle.py] Venv Path(Storing csv as pickle file): /opt/siap/analytics/analytics_env/bin/python3

13-Mar-24 19:01:14 INFO [es_storing_csv_as_pickle.py] The csv file is saved as a pickle file
13-Mar-24 19:01:14 INFO [h11_impl.py] 192.168.0.100:40834 - "POST /storing_csv_pickle?subsystem_name_for_pickle_file=es HTTP/1.1" 200
13-Mar-24 19:01:35 INFO [es_model_fitting.py] Venv Path(Model Fitting): /opt/siap/analytics/analytics_env/bin/python3

13-Mar-24 19:01:39 INFO [es_model_fitting.py] TS data cleaning completed.
13-Mar-24 19:01:43 INFO [es_model_fitting.py] The model is fitted for region Beach_Park.
13-Mar-24 19:01:43 INFO [es_model_fitting.py] pickle file for modelresults zone Beach_Park created successfully
13-Mar-24 19:01:43 INFO [es_model_fitting.py] pickle file for fitresults zone Beach_Park created successfully
13-Mar-24 19:01:46 INFO [es_model_fitting.py] The model is fitted for region Changi_Boardwalk.
13-Mar-24 19:01:46 INFO [es_model_fitting.py] pickle file for modelresults zone Changi_Boardwalk created successfully
13-Mar-24 19:01:46 INFO [es_model_fitting.py] pickle file for fitresults zone Changi_Boardwalk created successfully
13-Mar-24 19:01:49 INFO [es_model_fitting.py] The model is fitted for region Changi_Chapel_Museum.
13-Mar-24 19:01:49 INFO [es_model_fitting.py] pickle file for modelresults zone Changi_Chapel_Museum created successfully
13-Mar-24 19:01:49 INFO [es_model_fitting.py] pickle file for fitresults zone Changi_Chapel_Museum created successfully
13-Mar-24 19:01:54 INFO [es_model_fitting.py] The model is fitted for region Changi_Cove_Park.
13-Mar-24 19:01:54 INFO [es_model_fitting.py] pickle file for modelresults zone Changi_Cove_Park created successfully
13-Mar-24 19:01:54 INFO [es_model_fitting.py] pickle file for fitresults zone Changi_Cove_Park created successfully
13-Mar-24 19:01:58 INFO [es_model_fitting.py] The model is fitted for region Changi_Golf_Club.
13-Mar-24 19:01:58 INFO [es_model_fitting.py] pickle file for modelresults zone Changi_Golf_Club created successfully
13-Mar-24 19:01:58 INFO [es_model_fitting.py] pickle file for fitresults zone Changi_Golf_Club created successfully
13-Mar-24 19:02:03 INFO [es_model_fitting.py] The model is fitted for region Changi_Jurassic_Mile.
13-Mar-24 19:02:03 INFO [es_model_fitting.py] pickle file for modelresults zone Changi_Jurassic_Mile created successfully
13-Mar-24 19:02:03 INFO [es_model_fitting.py] pickle file for fitresults zone Changi_Jurassic_Mile created successfully
13-Mar-24 19:02:07 INFO [es_model_fitting.py] The model is fitted for region Changi_Point_Ferry_Terminal.
13-Mar-24 19:02:07 INFO [es_model_fitting.py] pickle file for modelresults zone Changi_Point_Ferry_Terminal created successfully
13-Mar-24 19:02:07 INFO [es_model_fitting.py] pickle file for fitresults zone Changi_Point_Ferry_Terminal created successfully
13-Mar-24 19:02:11 INFO [es_model_fitting.py] The model is fitted for region Changi_Sailing_Club.
13-Mar-24 19:02:11 INFO [es_model_fitting.py] pickle file for modelresults zone Changi_Sailing_Club created successfully
13-Mar-24 19:02:11 INFO [es_model_fitting.py] pickle file for fitresults zone Changi_Sailing_Club created successfully
13-Mar-24 19:02:15 INFO [es_model_fitting.py] The model is fitted for region Changi_Village.
13-Mar-24 19:02:15 INFO [es_model_fitting.py] pickle file for modelresults zone Changi_Village created successfully
13-Mar-24 19:02:15 INFO [es_model_fitting.py] pickle file for fitresults zone Changi_Village created successfully
13-Mar-24 19:02:19 INFO [es_model_fitting.py] The model is fitted for region City_Point_Mall.
13-Mar-24 19:02:19 INFO [es_model_fitting.py] pickle file for modelresults zone City_Point_Mall created successfully
13-Mar-24 19:02:19 INFO [es_model_fitting.py] pickle file for fitresults zone City_Point_Mall created successfully
13-Mar-24 19:02:24 INFO [es_model_fitting.py] The model is fitted for region Creek_Reservoir_Park.
13-Mar-24 19:02:24 INFO [es_model_fitting.py] pickle file for modelresults zone Creek_Reservoir_Park created successfully
13-Mar-24 19:02:24 INFO [es_model_fitting.py] pickle file for fitresults zone Creek_Reservoir_Park created successfully
13-Mar-24 19:02:28 INFO [es_model_fitting.py] The model is fitted for region Point_Coastal_Walk.
13-Mar-24 19:02:28 INFO [es_model_fitting.py] pickle file for modelresults zone Point_Coastal_Walk created successfully
13-Mar-24 19:02:28 INFO [es_model_fitting.py] pickle file for fitresults zone Point_Coastal_Walk created successfully
13-Mar-24 19:02:28 INFO [es_model_fitting.py] Model fitting of all zones completed successfully
13-Mar-24 19:02:28 INFO [h11_impl.py] 192.168.0.100:44446 - "POST /model_fitting?subsystem_name_for_pickle_file=es&test_size=2&validation_size=2 HTTP/1.1" 200
13-Mar-24 19:02:32 INFO [es_storing_csv_as_pickle.py] Venv Path(Storing csv as pickle file): /opt/siap/analytics/analytics_env/bin/python3

13-Mar-24 19:02:39 INFO [es_storing_csv_as_pickle.py] The csv file is saved as a pickle file
13-Mar-24 19:02:39 INFO [h11_impl.py] 192.168.0.100:34582 - "POST /storing_csv_pickle?subsystem_name_for_pickle_file=es HTTP/1.1" 200
13-Mar-24 19:03:05 INFO [es_forecasting.py] Forecasted data was saved successfully
13-Mar-24 19:03:05 INFO [h11_impl.py] 192.168.0.100:34094 - "GET /forecasting?test_size=2&validation_size=2&subsystem_name_for_pickle_file=es HTTP/1.1" 200
