08-Apr-24 09:32:13 INFO [es_model_fitting.py] Venv Path(Model Fitting): /opt/siap/analytics/analytics_env/bin/python3

08-Apr-24 09:32:17 INFO [es_model_fitting.py] TS data cleaning completed.
08-Apr-24 09:32:21 INFO [es_model_fitting.py] The model is fitted for region Beach_Park.
08-Apr-24 09:32:21 INFO [es_model_fitting.py] pickle file for modelresults zone Beach_Park created successfully
08-Apr-24 09:32:22 INFO [es_model_fitting.py] pickle file for fitresults zone Beach_Park created successfully
08-Apr-24 09:32:35 INFO [es_model_fitting.py] The model is fitted for region Changi_Boardwalk.
08-Apr-24 09:32:35 INFO [es_model_fitting.py] pickle file for modelresults zone Changi_Boardwalk created successfully
08-Apr-24 09:32:35 INFO [es_model_fitting.py] pickle file for fitresults zone Changi_Boardwalk created successfully
08-Apr-24 09:32:37 INFO [es_model_fitting.py] The model is fitted for region Changi_Chapel_Museum.
08-Apr-24 09:32:37 INFO [es_model_fitting.py] pickle file for modelresults zone Changi_Chapel_Museum created successfully
08-Apr-24 09:32:37 INFO [es_model_fitting.py] pickle file for fitresults zone Changi_Chapel_Museum created successfully
08-Apr-24 09:32:41 INFO [es_model_fitting.py] The model is fitted for region Changi_Cove_Park.
08-Apr-24 09:32:41 INFO [es_model_fitting.py] pickle file for modelresults zone Changi_Cove_Park created successfully
08-Apr-24 09:32:41 INFO [es_model_fitting.py] pickle file for fitresults zone Changi_Cove_Park created successfully
08-Apr-24 09:32:50 INFO [es_model_fitting.py] The model is fitted for region Changi_Golf_Club.
08-Apr-24 09:32:50 INFO [es_model_fitting.py] pickle file for modelresults zone Changi_Golf_Club created successfully
08-Apr-24 09:32:50 INFO [es_model_fitting.py] pickle file for fitresults zone Changi_Golf_Club created successfully
08-Apr-24 09:32:57 INFO [es_model_fitting.py] The model is fitted for region Changi_Jurassic_Mile.
08-Apr-24 09:32:57 INFO [es_model_fitting.py] pickle file for modelresults zone Changi_Jurassic_Mile created successfully
08-Apr-24 09:32:57 INFO [es_model_fitting.py] pickle file for fitresults zone Changi_Jurassic_Mile created successfully
08-Apr-24 09:32:59 INFO [es_model_fitting.py] The model is fitted for region Changi_Point_Ferry_Terminal.
08-Apr-24 09:32:59 INFO [es_model_fitting.py] pickle file for modelresults zone Changi_Point_Ferry_Terminal created successfully
08-Apr-24 09:32:59 INFO [es_model_fitting.py] pickle file for fitresults zone Changi_Point_Ferry_Terminal created successfully
08-Apr-24 09:33:09 INFO [es_model_fitting.py] The model is fitted for region Changi_Sailing_Club.
08-Apr-24 09:33:09 INFO [es_model_fitting.py] pickle file for modelresults zone Changi_Sailing_Club created successfully
08-Apr-24 09:33:09 INFO [es_model_fitting.py] pickle file for fitresults zone Changi_Sailing_Club created successfully
08-Apr-24 09:33:16 INFO [es_model_fitting.py] The model is fitted for region Changi_Village.
08-Apr-24 09:33:16 INFO [es_model_fitting.py] pickle file for modelresults zone Changi_Village created successfully
08-Apr-24 09:33:16 INFO [es_model_fitting.py] pickle file for fitresults zone Changi_Village created successfully
08-Apr-24 09:33:23 INFO [es_model_fitting.py] The model is fitted for region City_Point_Mall.
08-Apr-24 09:33:23 INFO [es_model_fitting.py] pickle file for modelresults zone City_Point_Mall created successfully
08-Apr-24 09:33:23 INFO [es_model_fitting.py] pickle file for fitresults zone City_Point_Mall created successfully
08-Apr-24 09:33:35 INFO [es_model_fitting.py] The model is fitted for region Creek_Reservoir_Park.
08-Apr-24 09:33:35 INFO [es_model_fitting.py] pickle file for modelresults zone Creek_Reservoir_Park created successfully
08-Apr-24 09:33:35 INFO [es_model_fitting.py] pickle file for fitresults zone Creek_Reservoir_Park created successfully
08-Apr-24 09:33:37 INFO [es_model_fitting.py] The model is fitted for region Point_Coastal_Walk.
08-Apr-24 09:33:37 INFO [es_model_fitting.py] pickle file for modelresults zone Point_Coastal_Walk created successfully
08-Apr-24 09:33:37 INFO [es_model_fitting.py] pickle file for fitresults zone Point_Coastal_Walk created successfully
08-Apr-24 09:33:38 INFO [es_model_fitting.py] The model is fitted for region Tampines Mall.
08-Apr-24 09:33:38 INFO [es_model_fitting.py] pickle file for modelresults zone Tampines Mall created successfully
08-Apr-24 09:33:38 INFO [es_model_fitting.py] pickle file for fitresults zone Tampines Mall created successfully
08-Apr-24 09:33:38 INFO [es_model_fitting.py] Model fitting of all zones completed successfully
08-Apr-24 09:33:38 INFO [h11_impl.py] 192.168.0.100:41600 - "POST /ES_model_fitting?subsystem_name_for_pickle_file=es&test_size=2&validation_size=2 HTTP/1.1" 200
08-Apr-24 09:33:41 INFO [es_storing_csv_as_pickle.py] Venv Path(Storing csv as pickle file): /opt/siap/analytics/analytics_env/bin/python3

08-Apr-24 09:33:43 INFO [es_storing_csv_as_pickle.py] The csv file is saved as a pickle file
08-Apr-24 09:33:43 INFO [h11_impl.py] 192.168.0.100:60964 - "POST /ES_storing_csv_pickle?subsystem_name_for_pickle_file=es HTTP/1.1" 200
08-Apr-24 09:34:26 INFO [es_forecasting.py] Forecasted data was saved successfully
08-Apr-24 09:34:26 INFO [h11_impl.py] 192.168.0.100:43914 - "GET /ES_forecasting?test_size=2&validation_size=2&subsystem_name_for_pickle_file=es HTTP/1.1" 200
08-Apr-24 09:34:29 INFO [es_visualization.py] Processing data to classify aqi location and zonewise ...
08-Apr-24 09:34:29 INFO [es_visualization.py] Aqi location and zonewise classification completed.
08-Apr-24 09:34:29 INFO [h11_impl.py] 192.168.0.100:41822 - "GET /ES_aqi_classification HTTP/1.1" 200
08-Apr-24 09:34:29 INFO [es_visualization.py] Processing data to generate Average value of pollutants and AQI...
08-Apr-24 09:34:30 INFO [es_visualization.py] Average values of pollutants and aqi data processing completed.
08-Apr-24 09:34:30 INFO [h11_impl.py] 192.168.0.100:41826 - "GET /ES_monthly_average_values_of_pollutants_and_aqi HTTP/1.1" 200
08-Apr-24 09:34:30 INFO [es_visualization.py] Processing data to generate outlier...
08-Apr-24 09:34:30 INFO [es_visualization.py] Outlier detection completed.
08-Apr-24 09:34:30 INFO [h11_impl.py] 192.168.0.100:41828 - "GET /ES_outlier HTTP/1.1" 200
08-Apr-24 09:34:30 INFO [es_visualization.py] Processing value counts data...
08-Apr-24 09:34:32 INFO [es_visualization.py] Value counts data processing PM10 completed.
08-Apr-24 09:34:34 INFO [es_visualization.py] Value counts data processing PM25 completed.
08-Apr-24 09:34:36 INFO [es_visualization.py] Value counts data processing SO2 completed.
08-Apr-24 09:34:38 INFO [es_visualization.py] Value counts data processing CO completed.
08-Apr-24 09:34:40 INFO [es_visualization.py] Value counts data processing O3 completed.
08-Apr-24 09:34:41 INFO [es_visualization.py] Value counts data processing NO2 completed.
08-Apr-24 09:34:42 INFO [h11_impl.py] 192.168.0.100:41840 - "GET /ES_pollutants_value_count HTTP/1.1" 200
08-Apr-24 09:34:42 INFO [es_visualization.py] Loading csv file
08-Apr-24 09:34:42 INFO [es_visualization.py] Processing es map creation data...
08-Apr-24 09:34:42 INFO [es_visualization.py] Processing of es map creation data completed
08-Apr-24 09:34:42 INFO [h11_impl.py] 192.168.0.100:56424 - "GET /ES_data_for_map HTTP/1.1" 200
08-Apr-24 09:35:32 INFO [es_model_fitting.py] Venv Path(Model Fitting): /opt/siap/analytics/analytics_env/bin/python3

08-Apr-24 09:35:33 INFO [es_model_fitting.py] TS data cleaning completed.
08-Apr-24 09:35:35 INFO [es_model_fitting.py] The model is fitted for region Beach_Park.
08-Apr-24 09:35:35 INFO [es_model_fitting.py] pickle file for modelresults zone Beach_Park created successfully
08-Apr-24 09:35:35 INFO [es_model_fitting.py] pickle file for fitresults zone Beach_Park created successfully
08-Apr-24 09:35:47 INFO [es_model_fitting.py] The model is fitted for region Changi_Boardwalk.
08-Apr-24 09:35:47 INFO [es_model_fitting.py] pickle file for modelresults zone Changi_Boardwalk created successfully
08-Apr-24 09:35:47 INFO [es_model_fitting.py] pickle file for fitresults zone Changi_Boardwalk created successfully
08-Apr-24 09:35:48 INFO [es_model_fitting.py] The model is fitted for region Changi_Chapel_Museum.
08-Apr-24 09:35:48 INFO [es_model_fitting.py] pickle file for modelresults zone Changi_Chapel_Museum created successfully
08-Apr-24 09:35:48 INFO [es_model_fitting.py] pickle file for fitresults zone Changi_Chapel_Museum created successfully
08-Apr-24 09:35:53 INFO [es_model_fitting.py] The model is fitted for region Changi_Cove_Park.
08-Apr-24 09:35:53 INFO [es_model_fitting.py] pickle file for modelresults zone Changi_Cove_Park created successfully
08-Apr-24 09:35:53 INFO [es_model_fitting.py] pickle file for fitresults zone Changi_Cove_Park created successfully
08-Apr-24 09:36:02 INFO [es_model_fitting.py] The model is fitted for region Changi_Golf_Club.
08-Apr-24 09:36:02 INFO [es_model_fitting.py] pickle file for modelresults zone Changi_Golf_Club created successfully
08-Apr-24 09:36:02 INFO [es_model_fitting.py] pickle file for fitresults zone Changi_Golf_Club created successfully
08-Apr-24 09:36:08 INFO [es_model_fitting.py] The model is fitted for region Changi_Jurassic_Mile.
08-Apr-24 09:36:08 INFO [es_model_fitting.py] pickle file for modelresults zone Changi_Jurassic_Mile created successfully
08-Apr-24 09:36:08 INFO [es_model_fitting.py] pickle file for fitresults zone Changi_Jurassic_Mile created successfully
08-Apr-24 09:36:10 INFO [es_model_fitting.py] The model is fitted for region Changi_Point_Ferry_Terminal.
08-Apr-24 09:36:10 INFO [es_model_fitting.py] pickle file for modelresults zone Changi_Point_Ferry_Terminal created successfully
08-Apr-24 09:36:10 INFO [es_model_fitting.py] pickle file for fitresults zone Changi_Point_Ferry_Terminal created successfully
08-Apr-24 09:36:21 INFO [es_model_fitting.py] The model is fitted for region Changi_Sailing_Club.
08-Apr-24 09:36:21 INFO [es_model_fitting.py] pickle file for modelresults zone Changi_Sailing_Club created successfully
08-Apr-24 09:36:21 INFO [es_model_fitting.py] pickle file for fitresults zone Changi_Sailing_Club created successfully
08-Apr-24 09:36:28 INFO [es_model_fitting.py] The model is fitted for region Changi_Village.
08-Apr-24 09:36:28 INFO [es_model_fitting.py] pickle file for modelresults zone Changi_Village created successfully
08-Apr-24 09:36:28 INFO [es_model_fitting.py] pickle file for fitresults zone Changi_Village created successfully
08-Apr-24 09:36:35 INFO [es_model_fitting.py] The model is fitted for region City_Point_Mall.
08-Apr-24 09:36:35 INFO [es_model_fitting.py] pickle file for modelresults zone City_Point_Mall created successfully
08-Apr-24 09:36:35 INFO [es_model_fitting.py] pickle file for fitresults zone City_Point_Mall created successfully
08-Apr-24 09:36:47 INFO [es_model_fitting.py] The model is fitted for region Creek_Reservoir_Park.
08-Apr-24 09:36:47 INFO [es_model_fitting.py] pickle file for modelresults zone Creek_Reservoir_Park created successfully
08-Apr-24 09:36:47 INFO [es_model_fitting.py] pickle file for fitresults zone Creek_Reservoir_Park created successfully
08-Apr-24 09:36:49 INFO [es_model_fitting.py] The model is fitted for region Point_Coastal_Walk.
08-Apr-24 09:36:49 INFO [es_model_fitting.py] pickle file for modelresults zone Point_Coastal_Walk created successfully
08-Apr-24 09:36:49 INFO [es_model_fitting.py] pickle file for fitresults zone Point_Coastal_Walk created successfully
08-Apr-24 09:36:50 INFO [es_model_fitting.py] The model is fitted for region Tampines Mall.
08-Apr-24 09:36:50 INFO [es_model_fitting.py] pickle file for modelresults zone Tampines Mall created successfully
08-Apr-24 09:36:50 INFO [es_model_fitting.py] pickle file for fitresults zone Tampines Mall created successfully
08-Apr-24 09:36:50 INFO [es_model_fitting.py] Model fitting of all zones completed successfully
08-Apr-24 09:36:50 INFO [h11_impl.py] 192.168.0.100:42886 - "POST /ES_model_fitting?subsystem_name_for_pickle_file=es&test_size=2&validation_size=2 HTTP/1.1" 200
08-Apr-24 09:36:53 INFO [es_storing_csv_as_pickle.py] Venv Path(Storing csv as pickle file): /opt/siap/analytics/analytics_env/bin/python3

08-Apr-24 09:36:54 INFO [es_storing_csv_as_pickle.py] The csv file is saved as a pickle file
08-Apr-24 09:36:54 INFO [h11_impl.py] 192.168.0.100:40806 - "POST /ES_storing_csv_pickle?subsystem_name_for_pickle_file=es HTTP/1.1" 200
08-Apr-24 09:37:35 INFO [es_forecasting.py] Forecasted data was saved successfully
08-Apr-24 09:37:35 INFO [h11_impl.py] 192.168.0.100:34840 - "GET /ES_forecasting?test_size=2&validation_size=2&subsystem_name_for_pickle_file=es HTTP/1.1" 200
08-Apr-24 09:37:38 INFO [es_visualization.py] Processing data to classify aqi location and zonewise ...
08-Apr-24 09:37:38 INFO [es_visualization.py] Aqi location and zonewise classification completed.
08-Apr-24 09:37:38 INFO [h11_impl.py] 192.168.0.100:46992 - "GET /ES_aqi_classification HTTP/1.1" 200
08-Apr-24 09:37:38 INFO [es_visualization.py] Processing data to generate Average value of pollutants and AQI...
08-Apr-24 09:37:39 INFO [es_visualization.py] Average values of pollutants and aqi data processing completed.
08-Apr-24 09:37:39 INFO [h11_impl.py] 192.168.0.100:47000 - "GET /ES_monthly_average_values_of_pollutants_and_aqi HTTP/1.1" 200
08-Apr-24 09:37:39 INFO [es_visualization.py] Processing data to generate outlier...
08-Apr-24 09:37:39 INFO [es_visualization.py] Outlier detection completed.
08-Apr-24 09:37:39 INFO [h11_impl.py] 192.168.0.100:47010 - "GET /ES_outlier HTTP/1.1" 200
08-Apr-24 09:37:39 INFO [es_visualization.py] Processing value counts data...
08-Apr-24 09:37:41 INFO [es_visualization.py] Value counts data processing PM10 completed.
08-Apr-24 09:37:43 INFO [es_visualization.py] Value counts data processing PM25 completed.
08-Apr-24 09:37:45 INFO [es_visualization.py] Value counts data processing SO2 completed.
08-Apr-24 09:37:46 INFO [es_visualization.py] Value counts data processing CO completed.
08-Apr-24 09:37:48 INFO [es_visualization.py] Value counts data processing O3 completed.
08-Apr-24 09:37:50 INFO [es_visualization.py] Value counts data processing NO2 completed.
08-Apr-24 09:37:50 INFO [h11_impl.py] 192.168.0.100:47016 - "GET /ES_pollutants_value_count HTTP/1.1" 200
08-Apr-24 09:37:50 INFO [es_visualization.py] Loading csv file
08-Apr-24 09:37:50 INFO [es_visualization.py] Processing es map creation data...
08-Apr-24 09:37:50 INFO [es_visualization.py] Processing of es map creation data completed
08-Apr-24 09:37:50 INFO [h11_impl.py] 192.168.0.100:35800 - "GET /ES_data_for_map HTTP/1.1" 200
08-Apr-24 09:42:03 INFO [es_model_fitting.py] Venv Path(Model Fitting): /opt/siap/analytics/analytics_env/bin/python3

08-Apr-24 09:42:04 INFO [es_model_fitting.py] TS data cleaning completed.
08-Apr-24 09:42:06 INFO [es_model_fitting.py] The model is fitted for region Beach_Park.
08-Apr-24 09:42:06 INFO [es_model_fitting.py] pickle file for modelresults zone Beach_Park created successfully
08-Apr-24 09:42:06 INFO [es_model_fitting.py] pickle file for fitresults zone Beach_Park created successfully
08-Apr-24 09:42:18 INFO [es_model_fitting.py] The model is fitted for region Changi_Boardwalk.
08-Apr-24 09:42:18 INFO [es_model_fitting.py] pickle file for modelresults zone Changi_Boardwalk created successfully
08-Apr-24 09:42:18 INFO [es_model_fitting.py] pickle file for fitresults zone Changi_Boardwalk created successfully
08-Apr-24 09:42:20 INFO [es_model_fitting.py] The model is fitted for region Changi_Chapel_Museum.
08-Apr-24 09:42:20 INFO [es_model_fitting.py] pickle file for modelresults zone Changi_Chapel_Museum created successfully
08-Apr-24 09:42:20 INFO [es_model_fitting.py] pickle file for fitresults zone Changi_Chapel_Museum created successfully
08-Apr-24 09:42:25 INFO [es_model_fitting.py] The model is fitted for region Changi_Cove_Park.
08-Apr-24 09:42:25 INFO [es_model_fitting.py] pickle file for modelresults zone Changi_Cove_Park created successfully
08-Apr-24 09:42:25 INFO [es_model_fitting.py] pickle file for fitresults zone Changi_Cove_Park created successfully
08-Apr-24 09:42:34 INFO [es_model_fitting.py] The model is fitted for region Changi_Golf_Club.
08-Apr-24 09:42:34 INFO [es_model_fitting.py] pickle file for modelresults zone Changi_Golf_Club created successfully
08-Apr-24 09:42:34 INFO [es_model_fitting.py] pickle file for fitresults zone Changi_Golf_Club created successfully
08-Apr-24 09:42:41 INFO [es_model_fitting.py] The model is fitted for region Changi_Jurassic_Mile.
08-Apr-24 09:42:41 INFO [es_model_fitting.py] pickle file for modelresults zone Changi_Jurassic_Mile created successfully
08-Apr-24 09:42:41 INFO [es_model_fitting.py] pickle file for fitresults zone Changi_Jurassic_Mile created successfully
08-Apr-24 09:42:43 INFO [es_model_fitting.py] The model is fitted for region Changi_Point_Ferry_Terminal.
08-Apr-24 09:42:43 INFO [es_model_fitting.py] pickle file for modelresults zone Changi_Point_Ferry_Terminal created successfully
08-Apr-24 09:42:43 INFO [es_model_fitting.py] pickle file for fitresults zone Changi_Point_Ferry_Terminal created successfully
08-Apr-24 09:42:54 INFO [es_model_fitting.py] The model is fitted for region Changi_Sailing_Club.
08-Apr-24 09:42:54 INFO [es_model_fitting.py] pickle file for modelresults zone Changi_Sailing_Club created successfully
08-Apr-24 09:42:54 INFO [es_model_fitting.py] pickle file for fitresults zone Changi_Sailing_Club created successfully
08-Apr-24 09:43:00 INFO [es_model_fitting.py] The model is fitted for region Changi_Village.
08-Apr-24 09:43:00 INFO [es_model_fitting.py] pickle file for modelresults zone Changi_Village created successfully
08-Apr-24 09:43:00 INFO [es_model_fitting.py] pickle file for fitresults zone Changi_Village created successfully
08-Apr-24 09:43:07 INFO [es_model_fitting.py] The model is fitted for region City_Point_Mall.
08-Apr-24 09:43:07 INFO [es_model_fitting.py] pickle file for modelresults zone City_Point_Mall created successfully
08-Apr-24 09:43:07 INFO [es_model_fitting.py] pickle file for fitresults zone City_Point_Mall created successfully
08-Apr-24 09:43:19 INFO [server.py] Shutting down
08-Apr-24 09:43:20 INFO [server.py] Waiting for background tasks to complete. (CTRL+C to force quit)
08-Apr-24 09:43:21 INFO [es_model_fitting.py] The model is fitted for region Creek_Reservoir_Park.
08-Apr-24 09:43:21 INFO [es_model_fitting.py] pickle file for modelresults zone Creek_Reservoir_Park created successfully
08-Apr-24 09:43:21 INFO [es_model_fitting.py] pickle file for fitresults zone Creek_Reservoir_Park created successfully
08-Apr-24 09:43:22 INFO [es_model_fitting.py] The model is fitted for region Point_Coastal_Walk.
08-Apr-24 09:43:22 INFO [es_model_fitting.py] pickle file for modelresults zone Point_Coastal_Walk created successfully
08-Apr-24 09:43:22 INFO [es_model_fitting.py] pickle file for fitresults zone Point_Coastal_Walk created successfully
08-Apr-24 09:43:24 INFO [es_model_fitting.py] The model is fitted for region Tampines Mall.
08-Apr-24 09:43:24 INFO [es_model_fitting.py] pickle file for modelresults zone Tampines Mall created successfully
08-Apr-24 09:43:24 INFO [es_model_fitting.py] pickle file for fitresults zone Tampines Mall created successfully
08-Apr-24 09:43:24 INFO [es_model_fitting.py] Model fitting of all zones completed successfully
08-Apr-24 09:43:24 INFO [on.py] Waiting for application shutdown.
08-Apr-24 09:43:24 INFO [on.py] Application shutdown complete.
08-Apr-24 09:43:24 INFO [server.py] Finished server process [1078788]
08-Apr-24 09:53:29 INFO [es_model_fitting.py] Venv Path(Model Fitting): /opt/siap/analytics/analytics_env/bin/python3

08-Apr-24 09:53:31 INFO [es_model_fitting.py] TS data cleaning completed.
08-Apr-24 09:53:32 INFO [es_model_fitting.py] The model is fitted for region Beach_Park.
08-Apr-24 09:53:32 INFO [es_model_fitting.py] pickle file for modelresults zone Beach_Park created successfully
08-Apr-24 09:53:32 INFO [es_model_fitting.py] pickle file for fitresults zone Beach_Park created successfully
08-Apr-24 09:53:44 INFO [es_model_fitting.py] The model is fitted for region Changi_Boardwalk.
08-Apr-24 09:53:44 INFO [es_model_fitting.py] pickle file for modelresults zone Changi_Boardwalk created successfully
08-Apr-24 09:53:44 INFO [es_model_fitting.py] pickle file for fitresults zone Changi_Boardwalk created successfully
08-Apr-24 09:53:45 INFO [es_model_fitting.py] The model is fitted for region Changi_Chapel_Museum.
08-Apr-24 09:53:45 INFO [es_model_fitting.py] pickle file for modelresults zone Changi_Chapel_Museum created successfully
08-Apr-24 09:53:45 INFO [es_model_fitting.py] pickle file for fitresults zone Changi_Chapel_Museum created successfully
08-Apr-24 09:53:50 INFO [es_model_fitting.py] The model is fitted for region Changi_Cove_Park.
08-Apr-24 09:53:50 INFO [es_model_fitting.py] pickle file for modelresults zone Changi_Cove_Park created successfully
08-Apr-24 09:53:50 INFO [es_model_fitting.py] pickle file for fitresults zone Changi_Cove_Park created successfully
08-Apr-24 09:53:59 INFO [es_model_fitting.py] The model is fitted for region Changi_Golf_Club.
08-Apr-24 09:53:59 INFO [es_model_fitting.py] pickle file for modelresults zone Changi_Golf_Club created successfully
08-Apr-24 09:53:59 INFO [es_model_fitting.py] pickle file for fitresults zone Changi_Golf_Club created successfully
08-Apr-24 09:54:06 INFO [es_model_fitting.py] The model is fitted for region Changi_Jurassic_Mile.
08-Apr-24 09:54:06 INFO [es_model_fitting.py] pickle file for modelresults zone Changi_Jurassic_Mile created successfully
08-Apr-24 09:54:06 INFO [es_model_fitting.py] pickle file for fitresults zone Changi_Jurassic_Mile created successfully
08-Apr-24 09:54:08 INFO [es_model_fitting.py] The model is fitted for region Changi_Point_Ferry_Terminal.
08-Apr-24 09:54:08 INFO [es_model_fitting.py] pickle file for modelresults zone Changi_Point_Ferry_Terminal created successfully
08-Apr-24 09:54:08 INFO [es_model_fitting.py] pickle file for fitresults zone Changi_Point_Ferry_Terminal created successfully
08-Apr-24 09:54:18 INFO [es_model_fitting.py] The model is fitted for region Changi_Sailing_Club.
08-Apr-24 09:54:18 INFO [es_model_fitting.py] pickle file for modelresults zone Changi_Sailing_Club created successfully
08-Apr-24 09:54:18 INFO [es_model_fitting.py] pickle file for fitresults zone Changi_Sailing_Club created successfully
08-Apr-24 09:54:25 INFO [es_model_fitting.py] The model is fitted for region Changi_Village.
08-Apr-24 09:54:25 INFO [es_model_fitting.py] pickle file for modelresults zone Changi_Village created successfully
08-Apr-24 09:54:25 INFO [es_model_fitting.py] pickle file for fitresults zone Changi_Village created successfully
08-Apr-24 09:54:32 INFO [es_model_fitting.py] The model is fitted for region City_Point_Mall.
08-Apr-24 09:54:32 INFO [es_model_fitting.py] pickle file for modelresults zone City_Point_Mall created successfully
08-Apr-24 09:54:32 INFO [es_model_fitting.py] pickle file for fitresults zone City_Point_Mall created successfully
08-Apr-24 09:54:44 INFO [es_model_fitting.py] The model is fitted for region Creek_Reservoir_Park.
08-Apr-24 09:54:44 INFO [es_model_fitting.py] pickle file for modelresults zone Creek_Reservoir_Park created successfully
08-Apr-24 09:54:44 INFO [es_model_fitting.py] pickle file for fitresults zone Creek_Reservoir_Park created successfully
08-Apr-24 09:54:45 INFO [es_model_fitting.py] The model is fitted for region Point_Coastal_Walk.
08-Apr-24 09:54:45 INFO [es_model_fitting.py] pickle file for modelresults zone Point_Coastal_Walk created successfully
08-Apr-24 09:54:45 INFO [es_model_fitting.py] pickle file for fitresults zone Point_Coastal_Walk created successfully
08-Apr-24 09:54:46 INFO [es_model_fitting.py] The model is fitted for region Tampines Mall.
08-Apr-24 09:54:46 INFO [es_model_fitting.py] pickle file for modelresults zone Tampines Mall created successfully
08-Apr-24 09:54:46 INFO [es_model_fitting.py] pickle file for fitresults zone Tampines Mall created successfully
08-Apr-24 09:54:46 INFO [es_model_fitting.py] Model fitting of all zones completed successfully
08-Apr-24 09:54:46 INFO [h11_impl.py] 192.168.0.100:55744 - "POST /ES_model_fitting?subsystem_name_for_pickle_file=es&test_size=2&validation_size=2 HTTP/1.1" 200
08-Apr-24 09:54:50 INFO [es_storing_csv_as_pickle.py] Venv Path(Storing csv as pickle file): /opt/siap/analytics/analytics_env/bin/python3

08-Apr-24 09:54:51 INFO [es_storing_csv_as_pickle.py] The csv file is saved as a pickle file
08-Apr-24 09:54:51 INFO [h11_impl.py] 192.168.0.100:39732 - "POST /ES_storing_csv_pickle?subsystem_name_for_pickle_file=es HTTP/1.1" 200
08-Apr-24 09:55:32 INFO [es_forecasting.py] Forecasted data was saved successfully
08-Apr-24 09:55:32 INFO [h11_impl.py] 192.168.0.100:48620 - "GET /ES_forecasting?test_size=2&validation_size=2&subsystem_name_for_pickle_file=es HTTP/1.1" 200
08-Apr-24 09:55:35 INFO [es_visualization.py] Processing data to classify aqi location and zonewise ...
08-Apr-24 09:55:35 INFO [es_visualization.py] Aqi location and zonewise classification completed.
08-Apr-24 09:55:35 INFO [h11_impl.py] 192.168.0.100:37192 - "GET /ES_aqi_classification HTTP/1.1" 200
08-Apr-24 09:55:35 INFO [es_visualization.py] Processing data to generate Average value of pollutants and AQI...
08-Apr-24 09:55:36 INFO [es_visualization.py] Average values of pollutants and aqi data processing completed.
08-Apr-24 09:55:36 INFO [h11_impl.py] 192.168.0.100:37206 - "GET /ES_monthly_average_values_of_pollutants_and_aqi HTTP/1.1" 200
08-Apr-24 09:55:36 INFO [es_visualization.py] Processing data to generate outlier...
08-Apr-24 09:55:37 INFO [es_visualization.py] Outlier detection completed.
08-Apr-24 09:55:37 INFO [h11_impl.py] 192.168.0.100:37222 - "GET /ES_outlier HTTP/1.1" 200
08-Apr-24 09:55:37 INFO [es_visualization.py] Processing value counts data...
08-Apr-24 09:55:38 INFO [es_visualization.py] Value counts data processing PM10 completed.
08-Apr-24 09:55:40 INFO [es_visualization.py] Value counts data processing PM25 completed.
08-Apr-24 09:55:42 INFO [es_visualization.py] Value counts data processing SO2 completed.
08-Apr-24 09:55:44 INFO [es_visualization.py] Value counts data processing CO completed.
08-Apr-24 09:55:46 INFO [es_visualization.py] Value counts data processing O3 completed.
08-Apr-24 09:55:48 INFO [es_visualization.py] Value counts data processing NO2 completed.
08-Apr-24 09:55:48 INFO [h11_impl.py] 192.168.0.100:37224 - "GET /ES_pollutants_value_count HTTP/1.1" 200
08-Apr-24 09:55:48 INFO [es_visualization.py] Loading csv file
08-Apr-24 09:55:48 INFO [es_visualization.py] Processing es map creation data...
08-Apr-24 09:55:48 INFO [es_visualization.py] Processing of es map creation data completed
08-Apr-24 09:55:48 INFO [h11_impl.py] 192.168.0.100:53412 - "GET /ES_data_for_map HTTP/1.1" 200
08-Apr-24 10:01:04 INFO [server.py] Shutting down
08-Apr-24 10:01:04 INFO [on.py] Waiting for application shutdown.
08-Apr-24 10:01:04 INFO [on.py] Application shutdown complete.
08-Apr-24 10:01:04 INFO [server.py] Finished server process [1091640]
