22-Feb-24 17:34:09 INFO [es_visualization.py] Processing data to classify aqi location and zonewise ...
22-Feb-24 17:34:09 INFO [h11_impl.py] 192.168.150.10:50057 - "GET /Aqi_classification?page=1&rows_per_page=1000 HTTP/1.1" 200
22-Feb-24 17:35:14 INFO [server.py] Shutting down
22-Feb-24 17:35:14 INFO [server.py] Waiting for connections to close. (CTRL+C to force quit)
22-Feb-24 17:35:19 INFO [on.py] Waiting for application shutdown.
22-Feb-24 17:35:19 INFO [on.py] Application shutdown complete.
22-Feb-24 17:35:19 INFO [server.py] Finished server process [2905333]
22-Feb-24 17:42:36 INFO [es_visualization.py] Processing data to classify aqi location and zonewise ...
22-Feb-24 17:42:36 INFO [h11_impl.py] 192.168.150.10:50150 - "GET /Aqi_classification?page=1&rows_per_page=1000 HTTP/1.1" 200
22-Feb-24 17:45:19 INFO [server.py] Shutting down
22-Feb-24 17:45:19 INFO [on.py] Waiting for application shutdown.
22-Feb-24 17:45:19 INFO [on.py] Application shutdown complete.
22-Feb-24 17:45:19 INFO [server.py] Finished server process [2906627]
22-Feb-24 17:49:01 INFO [es_visualization.py] Processing data to classify aqi location and zonewise ...
22-Feb-24 17:49:01 INFO [h11_impl.py] 192.168.150.10:50225 - "GET /Aqi_classification?page=1&rows_per_page=1000 HTTP/1.1" 200
22-Feb-24 17:50:32 INFO [server.py] Shutting down
22-Feb-24 17:50:32 INFO [on.py] Waiting for application shutdown.
22-Feb-24 17:50:32 INFO [on.py] Application shutdown complete.
22-Feb-24 17:50:32 INFO [server.py] Finished server process [2907771]
22-Feb-24 18:01:33 INFO [es_visualization.py] Processing data to classify aqi location and zonewise ...
22-Feb-24 18:01:33 INFO [h11_impl.py] 192.168.150.10:50377 - "GET /Aqi_classification?page=1&rows_per_page=1000 HTTP/1.1" 200
22-Feb-24 18:05:04 INFO [server.py] Shutting down
22-Feb-24 18:05:04 INFO [on.py] Waiting for application shutdown.
22-Feb-24 18:05:04 INFO [on.py] Application shutdown complete.
22-Feb-24 18:05:04 INFO [server.py] Finished server process [2910017]
22-Feb-24 18:07:23 INFO [es_visualization.py] Processing data to classify aqi location and zonewise ...
22-Feb-24 18:07:23 INFO [h11_impl.py] 192.168.150.10:50440 - "GET /Aqi_classification?page=1&rows_per_page=1000 HTTP/1.1" 200
22-Feb-24 18:08:02 INFO [server.py] Shutting down
22-Feb-24 18:08:03 INFO [on.py] Waiting for application shutdown.
22-Feb-24 18:08:03 INFO [on.py] Application shutdown complete.
22-Feb-24 18:08:03 INFO [server.py] Finished server process [2911075]
22-Feb-24 19:29:05 INFO [es_visualization.py] Processing data to generate Average value of pollutants and AQI...
22-Feb-24 19:29:05 ERROR [es_visualization.py] Exception occurred: "Column(s) ['PM25'] do not exist"
22-Feb-24 19:29:59 INFO [es_visualization.py] Processing data to generate Average value of pollutants and AQI...
22-Feb-24 19:30:00 ERROR [es_visualization.py] Exception occurred: "Column(s) ['PM25'] do not exist"
22-Feb-24 19:31:25 INFO [es_visualization.py] Processing data to classify aqi location and zonewise ...
22-Feb-24 19:51:57 INFO [es_visualization.py] Processing data to classify aqi location and zonewise ...
22-Feb-24 19:59:51 INFO [es_visualization.py] Processing data to classify aqi location and zonewise ...
22-Feb-24 20:00:13 INFO [es_visualization.py] Processing data to classify aqi location and zonewise ...
22-Feb-24 20:03:03 INFO [es_visualization.py] Processing data to classify aqi location and zonewise ...
22-Feb-24 20:06:56 INFO [es_visualization.py] Processing data to classify aqi location and zonewise ...
22-Feb-24 20:08:46 INFO [es_visualization.py] Processing data to classify aqi location and zonewise ...
